{"meta": {"format": 3, "version": "7.11.3", "timestamp": "2025-11-16T12:43:19.790936", "branch_coverage": false, "show_contexts": false}, "files": {"handoff/20250928/40_App/api-backend/src/middleware/__init__.py": {"executed_lines": [1, 3], "summary": {"covered_lines": 2, "num_statements": 2, "percent_covered": 100.0, "percent_covered_display": "100", "missing_lines": 0, "excluded_lines": 0}, "missing_lines": [], "excluded_lines": [], "functions": {"": {"executed_lines": [1, 3], "summary": {"covered_lines": 2, "num_statements": 2, "percent_covered": 100.0, "percent_covered_display": "100", "missing_lines": 0, "excluded_lines": 0}, "missing_lines": [], "excluded_lines": []}}, "classes": {"": {"executed_lines": [1, 3], "summary": {"covered_lines": 2, "num_statements": 2, "percent_covered": 100.0, "percent_covered_display": "100", "missing_lines": 0, "excluded_lines": 0}, "missing_lines": [], "excluded_lines": []}}}, "handoff/20250928/40_App/api-backend/src/middleware/auth_middleware.py": {"executed_lines": [1, 2, 3, 4, 5, 6, 8, 17, 24, 25, 26, 27, 28, 30, 31, 32, 40, 42, 52, 53, 58, 59, 60, 61, 65, 72, 89, 91, 92, 93, 94, 96, 97, 99, 100, 101, 115, 125, 126, 130, 131, 136, 141, 152, 153, 154, 155, 156, 158, 174, 175, 177, 178, 179, 180, 181, 182, 190, 191, 192, 193, 196, 197, 198, 199, 202, 203, 210, 219, 220, 221, 222, 223, 244, 246, 255, 256, 257, 258, 259, 279, 281, 290, 291, 292, 293, 294, 314, 316, 332, 344, 345, 347, 353, 355, 357, 358, 360, 368, 370, 372, 377, 379, 381, 386, 388, 390, 395, 397, 406, 407, 408, 409, 410, 411, 432, 433], "summary": {"covered_lines": 117, "num_statements": 164, "percent_covered": 71.34146341463415, "percent_covered_display": "71", "missing_lines": 47, "excluded_lines": 0}, "missing_lines": [18, 29, 33, 34, 66, 67, 95, 103, 104, 105, 107, 108, 110, 184, 185, 186, 187, 188, 194, 200, 205, 225, 226, 227, 229, 231, 239, 240, 242, 261, 262, 263, 264, 269, 277, 296, 297, 298, 299, 304, 312, 413, 414, 416, 417, 422, 430], "excluded_lines": [], "functions": {"verify_jwt_library": {"executed_lines": [17, 24, 25, 26, 27, 28, 30, 31, 32], "summary": {"covered_lines": 9, "num_statements": 13, "percent_covered": 69.23076923076923, "percent_covered_display": "69", "missing_lines": 4, "excluded_lines": 0}, "missing_lines": [18, 29, 33, 34], "excluded_lines": []}, "_parse_bearer_token": {"executed_lines": [52, 53, 58, 59, 60, 61, 65], "summary": {"covered_lines": 7, "num_statements": 9, "percent_covered": 77.77777777777777, "percent_covered_display": "78", "missing_lines": 2, "excluded_lines": 0}, "missing_lines": [66, 67], "excluded_lines": []}, "_extract_jwt_from_request": {"executed_lines": [89, 91, 92, 93, 94, 96, 97, 99, 100, 101], "summary": {"covered_lines": 10, "num_statements": 17, "percent_covered": 58.8235294117647, "percent_covered_display": "59", "missing_lines": 7, "excluded_lines": 0}, "missing_lines": [95, 103, 104, 105, 107, 108, 110], "excluded_lines": []}, "_error_response_from_exception": {"executed_lines": [125, 126, 130, 131, 136], "summary": {"covered_lines": 5, "num_statements": 5, "percent_covered": 100.0, "percent_covered_display": "100", "missing_lines": 0, "excluded_lines": 0}, "missing_lines": [], "excluded_lines": []}, "_try_decode_token": {"executed_lines": [152, 153, 154, 155, 156], "summary": {"covered_lines": 5, "num_statements": 5, "percent_covered": 100.0, "percent_covered_display": "100", "missing_lines": 0, "excluded_lines": 0}, "missing_lines": [], "excluded_lines": []}, "_decode_jwt_with_fallback": {"executed_lines": [174, 175, 177, 178, 179, 180, 181, 182, 190, 191, 192, 193, 196, 197, 198, 199, 202, 203], "summary": {"covered_lines": 18, "num_statements": 26, "percent_covered": 69.23076923076923, "percent_covered_display": "69", "missing_lines": 8, "excluded_lines": 0}, "missing_lines": [184, 185, 186, 187, 188, 194, 200, 205], "excluded_lines": []}, "jwt_required": {"executed_lines": [219, 220, 244], "summary": {"covered_lines": 3, "num_statements": 3, "percent_covered": 100.0, "percent_covered_display": "100", "missing_lines": 0, "excluded_lines": 0}, "missing_lines": [], "excluded_lines": []}, "jwt_required.decorated_function": {"executed_lines": [221, 222, 223], "summary": {"covered_lines": 3, "num_statements": 11, "percent_covered": 27.272727272727273, "percent_covered_display": "27", "missing_lines": 8, "excluded_lines": 0}, "missing_lines": [225, 226, 227, 229, 231, 239, 240, 242], "excluded_lines": []}, "admin_required": {"executed_lines": [255, 256, 279], "summary": {"covered_lines": 3, "num_statements": 3, "percent_covered": 100.0, "percent_covered_display": "100", "missing_lines": 0, "excluded_lines": 0}, "missing_lines": [], "excluded_lines": []}, "admin_required.decorated_function": {"executed_lines": [257, 258, 259], "summary": {"covered_lines": 3, "num_statements": 9, "percent_covered": 33.333333333333336, "percent_covered_display": "33", "missing_lines": 6, "excluded_lines": 0}, "missing_lines": [261, 262, 263, 264, 269, 277], "excluded_lines": []}, "analyst_required": {"executed_lines": [290, 291, 314], "summary": {"covered_lines": 3, "num_statements": 3, "percent_covered": 100.0, "percent_covered_display": "100", "missing_lines": 0, "excluded_lines": 0}, "missing_lines": [], "excluded_lines": []}, "analyst_required.decorated_function": {"executed_lines": [292, 293, 294], "summary": {"covered_lines": 3, "num_statements": 9, "percent_covered": 33.333333333333336, "percent_covered_display": "33", "missing_lines": 6, "excluded_lines": 0}, "missing_lines": [296, 297, 298, 299, 304, 312], "excluded_lines": []}, "normalize_role": {"executed_lines": [332, 344, 345], "summary": {"covered_lines": 3, "num_statements": 3, "percent_covered": 100.0, "percent_covered_display": "100", "missing_lines": 0, "excluded_lines": 0}, "missing_lines": [], "excluded_lines": []}, "generate_jwt_token": {"executed_lines": [353, 355, 357, 358, 360, 368], "summary": {"covered_lines": 6, "num_statements": 6, "percent_covered": 100.0, "percent_covered_display": "100", "missing_lines": 0, "excluded_lines": 0}, "missing_lines": [], "excluded_lines": []}, "create_admin_token": {"executed_lines": [372, 377], "summary": {"covered_lines": 2, "num_statements": 2, "percent_covered": 100.0, "percent_covered_display": "100", "missing_lines": 0, "excluded_lines": 0}, "missing_lines": [], "excluded_lines": []}, "create_analyst_token": {"executed_lines": [381, 386], "summary": {"covered_lines": 2, "num_statements": 2, "percent_covered": 100.0, "percent_covered_display": "100", "missing_lines": 0, "excluded_lines": 0}, "missing_lines": [], "excluded_lines": []}, "create_user_token": {"executed_lines": [390, 395], "summary": {"covered_lines": 2, "num_statements": 2, "percent_covered": 100.0, "percent_covered_display": "100", "missing_lines": 0, "excluded_lines": 0}, "missing_lines": [], "excluded_lines": []}, "roles_required": {"executed_lines": [406, 407, 433], "summary": {"covered_lines": 3, "num_statements": 3, "percent_covered": 100.0, "percent_covered_display": "100", "missing_lines": 0, "excluded_lines": 0}, "missing_lines": [], "excluded_lines": []}, "roles_required.decorator": {"executed_lines": [408, 432], "summary": {"covered_lines": 2, "num_statements": 2, "percent_covered": 100.0, "percent_covered_display": "100", "missing_lines": 0, "excluded_lines": 0}, "missing_lines": [], "excluded_lines": []}, "roles_required.decorator.decorated_function": {"executed_lines": [409, 410, 411], "summary": {"covered_lines": 3, "num_statements": 9, "percent_covered": 33.333333333333336, "percent_covered_display": "33", "missing_lines": 6, "excluded_lines": 0}, "missing_lines": [413, 414, 416, 417, 422, 430], "excluded_lines": []}, "": {"executed_lines": [1, 2, 3, 4, 5, 6, 8, 40, 42, 72, 115, 141, 158, 210, 246, 281, 316, 347, 370, 379, 388, 397], "summary": {"covered_lines": 22, "num_statements": 22, "percent_covered": 100.0, "percent_covered_display": "100", "missing_lines": 0, "excluded_lines": 0}, "missing_lines": [], "excluded_lines": []}}, "classes": {"": {"executed_lines": [1, 2, 3, 4, 5, 6, 8, 17, 24, 25, 26, 27, 28, 30, 31, 32, 40, 42, 52, 53, 58, 59, 60, 61, 65, 72, 89, 91, 92, 93, 94, 96, 97, 99, 100, 101, 115, 125, 126, 130, 131, 136, 141, 152, 153, 154, 155, 156, 158, 174, 175, 177, 178, 179, 180, 181, 182, 190, 191, 192, 193, 196, 197, 198, 199, 202, 203, 210, 219, 220, 221, 222, 223, 244, 246, 255, 256, 257, 258, 259, 279, 281, 290, 291, 292, 293, 294, 314, 316, 332, 344, 345, 347, 353, 355, 357, 358, 360, 368, 370, 372, 377, 379, 381, 386, 388, 390, 395, 397, 406, 407, 408, 409, 410, 411, 432, 433], "summary": {"covered_lines": 117, "num_statements": 164, "percent_covered": 71.34146341463415, "percent_covered_display": "71", "missing_lines": 47, "excluded_lines": 0}, "missing_lines": [18, 29, 33, 34, 66, 67, 95, 103, 104, 105, 107, 108, 110, 184, 185, 186, 187, 188, 194, 200, 205, 225, 226, 227, 229, 231, 239, 240, 242, 261, 262, 263, 264, 269, 277, 296, 297, 298, 299, 304, 312, 413, 414, 416, 417, 422, 430], "excluded_lines": []}}}, "handoff/20250928/40_App/api-backend/src/middleware/csrf.py": {"executed_lines": [], "summary": {"covered_lines": 0, "num_statements": 34, "percent_covered": 0.0, "percent_covered_display": "0", "missing_lines": 34, "excluded_lines": 0}, "missing_lines": [13, 14, 15, 17, 19, 21, 27, 37, 38, 39, 40, 42, 43, 45, 46, 47, 49, 50, 51, 52, 54, 55, 56, 57, 59, 60, 61, 63, 64, 66, 69, 79, 80, 81], "excluded_lines": [], "functions": {"csrf_protect": {"executed_lines": [], "summary": {"covered_lines": 0, "num_statements": 3, "percent_covered": 0.0, "percent_covered_display": "0", "missing_lines": 3, "excluded_lines": 0}, "missing_lines": [37, 38, 66], "excluded_lines": []}, "csrf_protect.decorated_function": {"executed_lines": [], "summary": {"covered_lines": 0, "num_statements": 20, "percent_covered": 0.0, "percent_covered_display": "0", "missing_lines": 20, "excluded_lines": 0}, "missing_lines": [39, 40, 42, 43, 45, 46, 47, 49, 50, 51, 52, 54, 55, 56, 57, 59, 60, 61, 63, 64], "excluded_lines": []}, "should_enforce_csrf": {"executed_lines": [], "summary": {"covered_lines": 0, "num_statements": 3, "percent_covered": 0.0, "percent_covered_display": "0", "missing_lines": 3, "excluded_lines": 0}, "missing_lines": [79, 80, 81], "excluded_lines": []}, "": {"executed_lines": [], "summary": {"covered_lines": 0, "num_statements": 8, "percent_covered": 0.0, "percent_covered_display": "0", "missing_lines": 8, "excluded_lines": 0}, "missing_lines": [13, 14, 15, 17, 19, 21, 27, 69], "excluded_lines": []}}, "classes": {"": {"executed_lines": [], "summary": {"covered_lines": 0, "num_statements": 34, "percent_covered": 0.0, "percent_covered_display": "0", "missing_lines": 34, "excluded_lines": 0}, "missing_lines": [13, 14, 15, 17, 19, 21, 27, 37, 38, 39, 40, 42, 43, 45, 46, 47, 49, 50, 51, 52, 54, 55, 56, 57, 59, 60, 61, 63, 64, 66, 69, 79, 80, 81], "excluded_lines": []}}}, "handoff/20250928/40_App/api-backend/src/middleware/pre_auth.py": {"executed_lines": [], "summary": {"covered_lines": 0, "num_statements": 48, "percent_covered": 0.0, "percent_covered_display": "0", "missing_lines": 48, "excluded_lines": 0}, "missing_lines": [16, 17, 18, 20, 22, 25, 40, 41, 42, 44, 45, 55, 56, 57, 58, 68, 69, 70, 80, 81, 83, 84, 94, 95, 96, 97, 99, 100, 101, 111, 112, 113, 114, 116, 118, 120, 123, 137, 138, 139, 140, 142, 143, 153, 154, 164, 166, 168], "excluded_lines": [], "functions": {"pre_auth_required": {"executed_lines": [], "summary": {"covered_lines": 0, "num_statements": 3, "percent_covered": 0.0, "percent_covered_display": "0", "missing_lines": 3, "excluded_lines": 0}, "missing_lines": [40, 41, 120], "excluded_lines": []}, "pre_auth_required.decorated_function": {"executed_lines": [], "summary": {"covered_lines": 0, "num_statements": 27, "percent_covered": 0.0, "percent_covered_display": "0", "missing_lines": 27, "excluded_lines": 0}, "missing_lines": [42, 44, 45, 55, 56, 57, 58, 68, 69, 70, 80, 81, 83, 84, 94, 95, 96, 97, 99, 100, 101, 111, 112, 113, 114, 116, 118], "excluded_lines": []}, "pre_auth_scope_required": {"executed_lines": [], "summary": {"covered_lines": 0, "num_statements": 3, "percent_covered": 0.0, "percent_covered_display": "0", "missing_lines": 3, "excluded_lines": 0}, "missing_lines": [137, 138, 168], "excluded_lines": []}, "pre_auth_scope_required.decorator": {"executed_lines": [], "summary": {"covered_lines": 0, "num_statements": 2, "percent_covered": 0.0, "percent_covered_display": "0", "missing_lines": 2, "excluded_lines": 0}, "missing_lines": [139, 166], "excluded_lines": []}, "pre_auth_scope_required.decorator.decorated_function": {"executed_lines": [], "summary": {"covered_lines": 0, "num_statements": 6, "percent_covered": 0.0, "percent_covered_display": "0", "missing_lines": 6, "excluded_lines": 0}, "missing_lines": [140, 142, 143, 153, 154, 164], "excluded_lines": []}, "": {"executed_lines": [], "summary": {"covered_lines": 0, "num_statements": 7, "percent_covered": 0.0, "percent_covered_display": "0", "missing_lines": 7, "excluded_lines": 0}, "missing_lines": [16, 17, 18, 20, 22, 25, 123], "excluded_lines": []}}, "classes": {"": {"executed_lines": [], "summary": {"covered_lines": 0, "num_statements": 48, "percent_covered": 0.0, "percent_covered_display": "0", "missing_lines": 48, "excluded_lines": 0}, "missing_lines": [16, 17, 18, 20, 22, 25, 40, 41, 42, 44, 45, 55, 56, 57, 58, 68, 69, 70, 80, 81, 83, 84, 94, 95, 96, 97, 99, 100, 101, 111, 112, 113, 114, 116, 118, 120, 123, 137, 138, 139, 140, 142, 143, 153, 154, 164, 166, 168], "excluded_lines": []}}}, "handoff/20250928/40_App/api-backend/src/middleware/rate_limit.py": {"executed_lines": [], "summary": {"covered_lines": 0, "num_statements": 165, "percent_covered": 0.0, "percent_covered_display": "0", "missing_lines": 165, "excluded_lines": 0}, "missing_lines": [1, 2, 3, 4, 5, 6, 7, 8, 9, 11, 13, 14, 15, 16, 17, 18, 19, 20, 22, 39, 40, 42, 43, 44, 45, 46, 47, 48, 50, 52, 53, 54, 55, 56, 57, 58, 59, 61, 62, 63, 64, 65, 66, 67, 69, 71, 72, 73, 74, 75, 76, 77, 79, 80, 81, 82, 83, 85, 86, 88, 90, 92, 93, 94, 95, 96, 97, 98, 99, 100, 101, 102, 103, 105, 106, 108, 110, 111, 112, 114, 115, 116, 118, 119, 120, 122, 124, 136, 137, 138, 140, 141, 142, 144, 145, 146, 148, 149, 150, 152, 153, 154, 156, 157, 159, 160, 161, 163, 165, 167, 168, 169, 170, 171, 172, 174, 175, 176, 178, 179, 181, 182, 183, 184, 185, 186, 188, 194, 195, 196, 197, 198, 200, 201, 202, 203, 204, 205, 207, 209, 210, 211, 212, 213, 214, 215, 216, 218, 219, 220, 221, 222, 224, 225, 226, 227, 228, 229, 231, 234, 241, 242, 243, 249, 250], "excluded_lines": [], "functions": {"get_rate_limit_redis": {"executed_lines": [], "summary": {"covered_lines": 0, "num_statements": 41, "percent_covered": 0.0, "percent_covered_display": "0", "missing_lines": 41, "excluded_lines": 0}, "missing_lines": [39, 40, 42, 43, 44, 45, 46, 47, 48, 50, 52, 53, 54, 55, 56, 57, 58, 59, 61, 62, 63, 64, 65, 66, 67, 69, 71, 72, 73, 74, 75, 76, 77, 79, 80, 81, 82, 83, 85, 86, 88], "excluded_lines": []}, "get_rate_limit_requests": {"executed_lines": [], "summary": {"covered_lines": 0, "num_statements": 12, "percent_covered": 0.0, "percent_covered_display": "0", "missing_lines": 12, "excluded_lines": 0}, "missing_lines": [92, 93, 94, 95, 96, 97, 98, 99, 100, 101, 102, 103], "excluded_lines": []}, "_extract_user_id": {"executed_lines": [], "summary": {"covered_lines": 0, "num_statements": 10, "percent_covered": 0.0, "percent_covered_display": "0", "missing_lines": 10, "excluded_lines": 0}, "missing_lines": [110, 111, 112, 114, 115, 116, 118, 119, 120, 122], "excluded_lines": []}, "rate_limit": {"executed_lines": [], "summary": {"covered_lines": 0, "num_statements": 3, "percent_covered": 0.0, "percent_covered_display": "0", "missing_lines": 3, "excluded_lines": 0}, "missing_lines": [136, 137, 231], "excluded_lines": []}, "rate_limit.decorated_function": {"executed_lines": [], "summary": {"covered_lines": 0, "num_statements": 69, "percent_covered": 0.0, "percent_covered_display": "0", "missing_lines": 69, "excluded_lines": 0}, "missing_lines": [138, 140, 141, 142, 144, 145, 146, 148, 149, 150, 152, 153, 154, 156, 157, 159, 160, 161, 163, 165, 167, 168, 169, 170, 171, 172, 174, 175, 176, 178, 179, 181, 182, 183, 184, 185, 186, 188, 194, 195, 196, 197, 198, 200, 201, 202, 203, 204, 205, 207, 209, 210, 211, 212, 213, 214, 215, 216, 218, 219, 220, 221, 222, 224, 225, 226, 227, 228, 229], "excluded_lines": []}, "__getattr__": {"executed_lines": [], "summary": {"covered_lines": 0, "num_statements": 5, "percent_covered": 0.0, "percent_covered_display": "0", "missing_lines": 5, "excluded_lines": 0}, "missing_lines": [241, 242, 243, 249, 250], "excluded_lines": []}, "": {"executed_lines": [], "summary": {"covered_lines": 0, "num_statements": 25, "percent_covered": 0.0, "percent_covered_display": "0", "missing_lines": 25, "excluded_lines": 0}, "missing_lines": [1, 2, 3, 4, 5, 6, 7, 8, 9, 11, 13, 14, 15, 16, 17, 18, 19, 20, 22, 90, 105, 106, 108, 124, 234], "excluded_lines": []}}, "classes": {"": {"executed_lines": [], "summary": {"covered_lines": 0, "num_statements": 165, "percent_covered": 0.0, "percent_covered_display": "0", "missing_lines": 165, "excluded_lines": 0}, "missing_lines": [1, 2, 3, 4, 5, 6, 7, 8, 9, 11, 13, 14, 15, 16, 17, 18, 19, 20, 22, 39, 40, 42, 43, 44, 45, 46, 47, 48, 50, 52, 53, 54, 55, 56, 57, 58, 59, 61, 62, 63, 64, 65, 66, 67, 69, 71, 72, 73, 74, 75, 76, 77, 79, 80, 81, 82, 83, 85, 86, 88, 90, 92, 93, 94, 95, 96, 97, 98, 99, 100, 101, 102, 103, 105, 106, 108, 110, 111, 112, 114, 115, 116, 118, 119, 120, 122, 124, 136, 137, 138, 140, 141, 142, 144, 145, 146, 148, 149, 150, 152, 153, 154, 156, 157, 159, 160, 161, 163, 165, 167, 168, 169, 170, 171, 172, 174, 175, 176, 178, 179, 181, 182, 183, 184, 185, 186, 188, 194, 195, 196, 197, 198, 200, 201, 202, 203, 204, 205, 207, 209, 210, 211, 212, 213, 214, 215, 216, 218, 219, 220, 221, 222, 224, 225, 226, 227, 228, 229, 231, 234, 241, 242, 243, 249, 250], "excluded_lines": []}}}, "scripts/analyze_worker_optimization.py": {"executed_lines": [], "summary": {"covered_lines": 0, "num_statements": 166, "percent_covered": 0.0, "percent_covered_display": "0", "missing_lines": 166, "excluded_lines": 3}, "missing_lines": [6, 7, 8, 9, 10, 11, 12, 14, 15, 17, 18, 21, 24, 25, 26, 27, 34, 36, 37, 39, 41, 43, 45, 46, 47, 49, 50, 51, 53, 54, 55, 56, 57, 59, 60, 61, 62, 63, 65, 66, 68, 75, 76, 78, 80, 82, 84, 86, 88, 89, 90, 92, 93, 95, 96, 98, 110, 111, 113, 115, 117, 119, 120, 122, 123, 124, 126, 127, 128, 129, 131, 132, 134, 135, 136, 137, 139, 148, 149, 150, 152, 154, 156, 158, 160, 161, 163, 164, 165, 167, 168, 169, 171, 172, 173, 175, 185, 186, 188, 190, 192, 194, 195, 197, 198, 199, 200, 202, 203, 204, 206, 207, 208, 209, 211, 212, 213, 214, 216, 222, 223, 225, 227, 229, 230, 231, 233, 234, 235, 236, 237, 239, 246, 271, 272, 273, 274, 275, 276, 277, 279, 280, 281, 283, 284, 286, 288, 290, 291, 293, 295, 296, 298, 301, 303, 305, 307, 308, 309, 310, 312, 314, 315, 316, 317, 318], "excluded_lines": [321, 322, 323], "functions": {"WorkerOptimizationAnalyzer.__init__": {"executed_lines": [], "summary": {"covered_lines": 0, "num_statements": 3, "percent_covered": 0.0, "percent_covered_display": "0", "missing_lines": 3, "excluded_lines": 0}, "missing_lines": [25, 26, 27], "excluded_lines": []}, "WorkerOptimizationAnalyzer.initialize": {"executed_lines": [], "summary": {"covered_lines": 0, "num_statements": 2, "percent_covered": 0.0, "percent_covered_display": "0", "missing_lines": 2, "excluded_lines": 0}, "missing_lines": [36, 37], "excluded_lines": []}, "WorkerOptimizationAnalyzer.analyze_queue_health": {"executed_lines": [], "summary": {"covered_lines": 0, "num_statements": 24, "percent_covered": 0.0, "percent_covered_display": "0", "missing_lines": 24, "excluded_lines": 0}, "missing_lines": [41, 43, 45, 46, 47, 49, 50, 51, 53, 54, 55, 56, 57, 59, 60, 61, 62, 63, 65, 66, 68, 75, 76, 78], "excluded_lines": []}, "WorkerOptimizationAnalyzer.analyze_task_distribution": {"executed_lines": [], "summary": {"covered_lines": 0, "num_statements": 14, "percent_covered": 0.0, "percent_covered_display": "0", "missing_lines": 14, "excluded_lines": 0}, "missing_lines": [82, 84, 86, 88, 89, 90, 92, 93, 95, 96, 98, 110, 111, 113], "excluded_lines": []}, "WorkerOptimizationAnalyzer.analyze_performance_bottlenecks": {"executed_lines": [], "summary": {"covered_lines": 0, "num_statements": 21, "percent_covered": 0.0, "percent_covered_display": "0", "missing_lines": 21, "excluded_lines": 0}, "missing_lines": [117, 119, 120, 122, 123, 124, 126, 127, 128, 129, 131, 132, 134, 135, 136, 137, 139, 148, 149, 150, 152], "excluded_lines": []}, "WorkerOptimizationAnalyzer.analyze_resource_optimization": {"executed_lines": [], "summary": {"covered_lines": 0, "num_statements": 17, "percent_covered": 0.0, "percent_covered_display": "0", "missing_lines": 17, "excluded_lines": 0}, "missing_lines": [156, 158, 160, 161, 163, 164, 165, 167, 168, 169, 171, 172, 173, 175, 185, 186, 188], "excluded_lines": []}, "WorkerOptimizationAnalyzer.analyze_security_posture": {"executed_lines": [], "summary": {"covered_lines": 0, "num_statements": 22, "percent_covered": 0.0, "percent_covered_display": "0", "missing_lines": 22, "excluded_lines": 0}, "missing_lines": [192, 194, 195, 197, 198, 199, 200, 202, 203, 204, 206, 207, 208, 209, 211, 212, 213, 214, 216, 222, 223, 225], "excluded_lines": []}, "WorkerOptimizationAnalyzer.generate_report": {"executed_lines": [], "summary": {"covered_lines": 0, "num_statements": 23, "percent_covered": 0.0, "percent_covered_display": "0", "missing_lines": 23, "excluded_lines": 0}, "missing_lines": [229, 230, 231, 233, 234, 235, 236, 237, 239, 246, 271, 272, 273, 274, 275, 276, 277, 279, 280, 281, 283, 284, 286], "excluded_lines": []}, "WorkerOptimizationAnalyzer.save_report": {"executed_lines": [], "summary": {"covered_lines": 0, "num_statements": 6, "percent_covered": 0.0, "percent_covered_display": "0", "missing_lines": 6, "excluded_lines": 0}, "missing_lines": [290, 291, 293, 295, 296, 298], "excluded_lines": []}, "main": {"executed_lines": [], "summary": {"covered_lines": 0, "num_statements": 12, "percent_covered": 0.0, "percent_covered_display": "0", "missing_lines": 12, "excluded_lines": 0}, "missing_lines": [303, 305, 307, 308, 309, 310, 312, 314, 315, 316, 317, 318], "excluded_lines": []}, "": {"executed_lines": [], "summary": {"covered_lines": 0, "num_statements": 22, "percent_covered": 0.0, "percent_covered_display": "0", "missing_lines": 22, "excluded_lines": 3}, "missing_lines": [6, 7, 8, 9, 10, 11, 12, 14, 15, 17, 18, 21, 24, 34, 39, 80, 115, 154, 190, 227, 288, 301], "excluded_lines": [321, 322, 323]}}, "classes": {"WorkerOptimizationAnalyzer": {"executed_lines": [], "summary": {"covered_lines": 0, "num_statements": 132, "percent_covered": 0.0, "percent_covered_display": "0", "missing_lines": 132, "excluded_lines": 0}, "missing_lines": [25, 26, 27, 36, 37, 41, 43, 45, 46, 47, 49, 50, 51, 53, 54, 55, 56, 57, 59, 60, 61, 62, 63, 65, 66, 68, 75, 76, 78, 82, 84, 86, 88, 89, 90, 92, 93, 95, 96, 98, 110, 111, 113, 117, 119, 120, 122, 123, 124, 126, 127, 128, 129, 131, 132, 134, 135, 136, 137, 139, 148, 149, 150, 152, 156, 158, 160, 161, 163, 164, 165, 167, 168, 169, 171, 172, 173, 175, 185, 186, 188, 192, 194, 195, 197, 198, 199, 200, 202, 203, 204, 206, 207, 208, 209, 211, 212, 213, 214, 216, 222, 223, 225, 229, 230, 231, 233, 234, 235, 236, 237, 239, 246, 271, 272, 273, 274, 275, 276, 277, 279, 280, 281, 283, 284, 286, 290, 291, 293, 295, 296, 298], "excluded_lines": []}, "": {"executed_lines": [], "summary": {"covered_lines": 0, "num_statements": 34, "percent_covered": 0.0, "percent_covered_display": "0", "missing_lines": 34, "excluded_lines": 3}, "missing_lines": [6, 7, 8, 9, 10, 11, 12, 14, 15, 17, 18, 21, 24, 34, 39, 80, 115, 154, 190, 227, 288, 301, 303, 305, 307, 308, 309, 310, 312, 314, 315, 316, 317, 318], "excluded_lines": [321, 322, 323]}}}, "scripts/apply_phase3_migrations.py": {"executed_lines": [2, 6, 7, 9, 10, 18, 19, 21, 22, 24, 26, 27, 29, 31, 32, 33, 34, 36, 37, 39, 40, 41, 43, 44, 46, 47, 48, 52, 53, 55, 56, 57, 58, 59, 61, 62, 64, 65, 66, 68, 70, 71, 72, 73, 74, 75, 76, 78, 84, 85, 87, 89, 90, 92, 93, 94, 96, 97, 99, 101, 103, 104, 105, 106, 107, 108, 109, 111, 112, 113, 115, 117], "summary": {"covered_lines": 70, "num_statements": 75, "percent_covered": 93.33333333333333, "percent_covered_display": "93", "missing_lines": 5, "excluded_lines": 2}, "missing_lines": [11, 12, 16, 49, 50], "excluded_lines": [117, 118], "functions": {"read_sql_file": {"executed_lines": [26, 27], "summary": {"covered_lines": 2, "num_statements": 2, "percent_covered": 100.0, "percent_covered_display": "100", "missing_lines": 0, "excluded_lines": 0}, "missing_lines": [], "excluded_lines": []}, "execute_sql_file": {"executed_lines": [31, 32, 33, 34, 36, 37, 39, 40, 41, 43, 44, 46, 47, 48, 52, 53, 55, 56, 57, 58, 59], "summary": {"covered_lines": 21, "num_statements": 23, "percent_covered": 91.30434782608695, "percent_covered_display": "91", "missing_lines": 2, "excluded_lines": 0}, "missing_lines": [49, 50], "excluded_lines": []}, "main": {"executed_lines": [62, 64, 65, 66, 68, 70, 71, 72, 73, 74, 75, 76, 78, 84, 85, 87, 89, 90, 92, 93, 94, 96, 97, 99, 101, 103, 104, 105, 106, 107, 108, 109, 111, 112, 113, 115], "summary": {"covered_lines": 36, "num_statements": 36, "percent_covered": 100.0, "percent_covered_display": "100", "missing_lines": 0, "excluded_lines": 0}, "missing_lines": [], "excluded_lines": []}, "": {"executed_lines": [2, 6, 7, 9, 10, 18, 19, 21, 22, 24, 29, 61, 117], "summary": {"covered_lines": 11, "num_statements": 14, "percent_covered": 78.57142857142857, "percent_covered_display": "79", "missing_lines": 3, "excluded_lines": 2}, "missing_lines": [11, 12, 16], "excluded_lines": [117, 118]}}, "classes": {"": {"executed_lines": [2, 6, 7, 9, 10, 18, 19, 21, 22, 24, 26, 27, 29, 31, 32, 33, 34, 36, 37, 39, 40, 41, 43, 44, 46, 47, 48, 52, 53, 55, 56, 57, 58, 59, 61, 62, 64, 65, 66, 68, 70, 71, 72, 73, 74, 75, 76, 78, 84, 85, 87, 89, 90, 92, 93, 94, 96, 97, 99, 101, 103, 104, 105, 106, 107, 108, 109, 111, 112, 113, 115, 117], "summary": {"covered_lines": 70, "num_statements": 75, "percent_covered": 93.33333333333333, "percent_covered_display": "93", "missing_lines": 5, "excluded_lines": 2}, "missing_lines": [11, 12, 16, 49, 50], "excluded_lines": [117, 118]}}}, "scripts/check-env-drift.py": {"executed_lines": [], "summary": {"covered_lines": 0, "num_statements": 69, "percent_covered": 0.0, "percent_covered_display": "0", "missing_lines": 69, "excluded_lines": 2}, "missing_lines": [16, 17, 18, 19, 21, 24, 26, 27, 30, 32, 33, 35, 36, 37, 38, 39, 40, 41, 42, 43, 45, 48, 50, 51, 52, 54, 55, 56, 57, 58, 59, 61, 63, 64, 66, 68, 69, 70, 71, 72, 73, 74, 75, 77, 79, 82, 84, 85, 87, 88, 89, 91, 92, 94, 96, 102, 104, 106, 108, 114, 120, 126, 132, 138, 139, 140, 141, 143, 144], "excluded_lines": [147, 148], "functions": {"load_schema": {"executed_lines": [], "summary": {"covered_lines": 0, "num_statements": 2, "percent_covered": 0.0, "percent_covered_display": "0", "missing_lines": 2, "excluded_lines": 0}, "missing_lines": [26, 27], "excluded_lines": []}, "extract_vars_from_env_example": {"executed_lines": [], "summary": {"covered_lines": 0, "num_statements": 12, "percent_covered": 0.0, "percent_covered_display": "0", "missing_lines": 12, "excluded_lines": 0}, "missing_lines": [32, 33, 35, 36, 37, 38, 39, 40, 41, 42, 43, 45], "excluded_lines": []}, "check_env_file": {"executed_lines": [], "summary": {"covered_lines": 0, "num_statements": 23, "percent_covered": 0.0, "percent_covered_display": "0", "missing_lines": 23, "excluded_lines": 0}, "missing_lines": [50, 51, 52, 54, 55, 56, 57, 58, 59, 61, 63, 64, 66, 68, 69, 70, 71, 72, 73, 74, 75, 77, 79], "excluded_lines": []}, "main": {"executed_lines": [], "summary": {"covered_lines": 0, "num_statements": 23, "percent_covered": 0.0, "percent_covered_display": "0", "missing_lines": 23, "excluded_lines": 0}, "missing_lines": [84, 85, 87, 88, 89, 91, 92, 94, 96, 102, 104, 106, 108, 114, 120, 126, 132, 138, 139, 140, 141, 143, 144], "excluded_lines": []}, "": {"executed_lines": [], "summary": {"covered_lines": 0, "num_statements": 9, "percent_covered": 0.0, "percent_covered_display": "0", "missing_lines": 9, "excluded_lines": 2}, "missing_lines": [16, 17, 18, 19, 21, 24, 30, 48, 82], "excluded_lines": [147, 148]}}, "classes": {"": {"executed_lines": [], "summary": {"covered_lines": 0, "num_statements": 69, "percent_covered": 0.0, "percent_covered_display": "0", "missing_lines": 69, "excluded_lines": 2}, "missing_lines": [16, 17, 18, 19, 21, 24, 26, 27, 30, 32, 33, 35, 36, 37, 38, 39, 40, 41, 42, 43, 45, 48, 50, 51, 52, 54, 55, 56, 57, 58, 59, 61, 63, 64, 66, 68, 69, 70, 71, 72, 73, 74, 75, 77, 79, 82, 84, 85, 87, 88, 89, 91, 92, 94, 96, 102, 104, 106, 108, 114, 120, 126, 132, 138, 139, 140, 141, 143, 144], "excluded_lines": [147, 148]}}}, "scripts/configure_sentry_alerts.py": {"executed_lines": [], "summary": {"covered_lines": 0, "num_statements": 96, "percent_covered": 0.0, "percent_covered_display": "0", "missing_lines": 96, "excluded_lines": 2}, "missing_lines": [19, 20, 21, 22, 23, 25, 26, 27, 28, 32, 34, 35, 37, 38, 41, 42, 43, 44, 45, 46, 47, 52, 54, 84, 85, 91, 92, 93, 94, 96, 97, 98, 99, 101, 103, 132, 133, 139, 140, 141, 142, 144, 145, 146, 147, 149, 151, 152, 153, 154, 157, 158, 159, 160, 161, 163, 164, 165, 166, 168, 169, 170, 172, 173, 174, 176, 178, 179, 180, 181, 182, 183, 185, 186, 187, 188, 189, 191, 192, 193, 194, 195, 196, 198, 199, 200, 201, 202, 203, 205, 206, 208, 209, 210, 211, 212], "excluded_lines": [215, 216], "functions": {"SentryAlertConfigurator.__init__": {"executed_lines": [], "summary": {"covered_lines": 0, "num_statements": 5, "percent_covered": 0.0, "percent_covered_display": "0", "missing_lines": 5, "excluded_lines": 0}, "missing_lines": [43, 44, 45, 46, 47], "excluded_lines": []}, "SentryAlertConfigurator.create_web_error_alert": {"executed_lines": [], "summary": {"covered_lines": 0, "num_statements": 11, "percent_covered": 0.0, "percent_covered_display": "0", "missing_lines": 11, "excluded_lines": 0}, "missing_lines": [54, 84, 85, 91, 92, 93, 94, 96, 97, 98, 99], "excluded_lines": []}, "SentryAlertConfigurator.create_worker_failure_alert": {"executed_lines": [], "summary": {"covered_lines": 0, "num_statements": 11, "percent_covered": 0.0, "percent_covered_display": "0", "missing_lines": 11, "excluded_lines": 0}, "missing_lines": [103, 132, 133, 139, 140, 141, 142, 144, 145, 146, 147], "excluded_lines": []}, "SentryAlertConfigurator.list_existing_rules": {"executed_lines": [], "summary": {"covered_lines": 0, "num_statements": 4, "percent_covered": 0.0, "percent_covered_display": "0", "missing_lines": 4, "excluded_lines": 0}, "missing_lines": [151, 152, 153, 154], "excluded_lines": []}, "main": {"executed_lines": [], "summary": {"covered_lines": 0, "num_statements": 45, "percent_covered": 0.0, "percent_covered_display": "0", "missing_lines": 45, "excluded_lines": 0}, "missing_lines": [158, 159, 160, 161, 163, 164, 165, 166, 168, 169, 170, 172, 173, 174, 176, 178, 179, 180, 181, 182, 183, 185, 186, 187, 188, 189, 191, 192, 193, 194, 195, 196, 198, 199, 200, 201, 202, 203, 205, 206, 208, 209, 210, 211, 212], "excluded_lines": []}, "": {"executed_lines": [], "summary": {"covered_lines": 0, "num_statements": 20, "percent_covered": 0.0, "percent_covered_display": "0", "missing_lines": 20, "excluded_lines": 2}, "missing_lines": [19, 20, 21, 22, 23, 25, 26, 27, 28, 32, 34, 35, 37, 38, 41, 42, 52, 101, 149, 157], "excluded_lines": [215, 216]}}, "classes": {"SentryAlertConfigurator": {"executed_lines": [], "summary": {"covered_lines": 0, "num_statements": 31, "percent_covered": 0.0, "percent_covered_display": "0", "missing_lines": 31, "excluded_lines": 0}, "missing_lines": [43, 44, 45, 46, 47, 54, 84, 85, 91, 92, 93, 94, 96, 97, 98, 99, 103, 132, 133, 139, 140, 141, 142, 144, 145, 146, 147, 151, 152, 153, 154], "excluded_lines": []}, "": {"executed_lines": [], "summary": {"covered_lines": 0, "num_statements": 65, "percent_covered": 0.0, "percent_covered_display": "0", "missing_lines": 65, "excluded_lines": 2}, "missing_lines": [19, 20, 21, 22, 23, 25, 26, 27, 28, 32, 34, 35, 37, 38, 41, 42, 52, 101, 149, 157, 158, 159, 160, 161, 163, 164, 165, 166, 168, 169, 170, 172, 173, 174, 176, 178, 179, 180, 181, 182, 183, 185, 186, 187, 188, 189, 191, 192, 193, 194, 195, 196, 198, 199, 200, 201, 202, 203, 205, 206, 208, 209, 210, 211, 212], "excluded_lines": [215, 216]}}}, "scripts/generate-env-examples.py": {"executed_lines": [2, 12, 13, 14, 15, 17, 20, 22, 23, 26, 28, 29, 30, 31, 33, 35, 36, 37, 38, 39, 40, 42, 43, 44, 46, 47, 49, 50, 51, 52, 54, 55, 56, 57, 59, 60, 62, 63, 65, 66, 67, 68, 70, 71, 72, 73, 74, 75, 76, 77, 78, 82, 84, 85, 86, 88, 91, 93, 94, 96, 97, 98, 100, 101, 103, 104, 105, 106, 108, 109, 110, 112, 126, 132, 138, 139, 145, 151, 152, 158, 159, 160, 161, 162, 163, 164, 167], "summary": {"covered_lines": 85, "num_statements": 86, "percent_covered": 98.83720930232558, "percent_covered_display": "99", "missing_lines": 1, "excluded_lines": 2}, "missing_lines": [80], "excluded_lines": [167, 168], "functions": {"load_schema": {"executed_lines": [22, 23], "summary": {"covered_lines": 2, "num_statements": 2, "percent_covered": 100.0, "percent_covered_display": "100", "missing_lines": 0, "excluded_lines": 0}, "missing_lines": [], "excluded_lines": []}, "generate_env_example": {"executed_lines": [28, 29, 30, 31, 33, 35, 36, 37, 38, 39, 40, 42, 43, 44, 46, 47, 49, 50, 51, 52, 54, 55, 56, 57, 59, 60, 62, 63, 65, 66, 67, 68, 70, 71, 72, 73, 74, 75, 76, 77, 78, 82, 84, 85, 86, 88], "summary": {"covered_lines": 46, "num_statements": 47, "percent_covered": 97.87234042553192, "percent_covered_display": "98", "missing_lines": 1, "excluded_lines": 0}, "missing_lines": [80], "excluded_lines": []}, "main": {"executed_lines": [93, 94, 96, 97, 98, 100, 101, 103, 104, 105, 106, 108, 109, 110, 112, 126, 132, 138, 139, 145, 151, 152, 158, 159, 160, 161, 162, 163, 164], "summary": {"covered_lines": 29, "num_statements": 29, "percent_covered": 100.0, "percent_covered_display": "100", "missing_lines": 0, "excluded_lines": 0}, "missing_lines": [], "excluded_lines": []}, "": {"executed_lines": [2, 12, 13, 14, 15, 17, 20, 26, 91, 167], "summary": {"covered_lines": 8, "num_statements": 8, "percent_covered": 100.0, "percent_covered_display": "100", "missing_lines": 0, "excluded_lines": 2}, "missing_lines": [], "excluded_lines": [167, 168]}}, "classes": {"": {"executed_lines": [2, 12, 13, 14, 15, 17, 20, 22, 23, 26, 28, 29, 30, 31, 33, 35, 36, 37, 38, 39, 40, 42, 43, 44, 46, 47, 49, 50, 51, 52, 54, 55, 56, 57, 59, 60, 62, 63, 65, 66, 67, 68, 70, 71, 72, 73, 74, 75, 76, 77, 78, 82, 84, 85, 86, 88, 91, 93, 94, 96, 97, 98, 100, 101, 103, 104, 105, 106, 108, 109, 110, 112, 126, 132, 138, 139, 145, 151, 152, 158, 159, 160, 161, 162, 163, 164, 167], "summary": {"covered_lines": 85, "num_statements": 86, "percent_covered": 98.83720930232558, "percent_covered_display": "99", "missing_lines": 1, "excluded_lines": 2}, "missing_lines": [80], "excluded_lines": [167, 168]}}}, "scripts/generate_env_example.py": {"executed_lines": [2, 10, 11, 13, 15, 16, 18, 19, 22, 25, 38, 40, 41, 43, 44, 45, 47, 49, 50, 51, 53, 55, 56, 57, 59, 62, 67, 68, 70, 77, 78, 79, 80, 82, 84, 85, 86, 88, 89, 91, 94, 95, 99, 101, 102, 103, 105, 106, 107, 108, 111], "summary": {"covered_lines": 49, "num_statements": 55, "percent_covered": 89.0909090909091, "percent_covered_display": "89", "missing_lines": 6, "excluded_lines": 2}, "missing_lines": [60, 63, 64, 65, 92, 97], "excluded_lines": [111, 112], "functions": {"generate_env_example": {"executed_lines": [25, 38, 40, 41, 43, 44, 45, 47, 49, 50, 51, 53, 55, 56, 57, 59, 62, 67, 68, 70, 77, 78, 79, 80, 82, 84, 85, 86, 88, 89, 91, 94, 95, 99, 101, 102, 103, 105, 106, 107, 108], "summary": {"covered_lines": 41, "num_statements": 47, "percent_covered": 87.23404255319149, "percent_covered_display": "87", "missing_lines": 6, "excluded_lines": 0}, "missing_lines": [60, 63, 64, 65, 92, 97], "excluded_lines": []}, "": {"executed_lines": [2, 10, 11, 13, 15, 16, 18, 19, 22, 111], "summary": {"covered_lines": 8, "num_statements": 8, "percent_covered": 100.0, "percent_covered_display": "100", "missing_lines": 0, "excluded_lines": 2}, "missing_lines": [], "excluded_lines": [111, 112]}}, "classes": {"": {"executed_lines": [2, 10, 11, 13, 15, 16, 18, 19, 22, 25, 38, 40, 41, 43, 44, 45, 47, 49, 50, 51, 53, 55, 56, 57, 59, 62, 67, 68, 70, 77, 78, 79, 80, 82, 84, 85, 86, 88, 89, 91, 94, 95, 99, 101, 102, 103, 105, 106, 107, 108, 111], "summary": {"covered_lines": 49, "num_statements": 55, "percent_covered": 89.0909090909091, "percent_covered_display": "89", "missing_lines": 6, "excluded_lines": 2}, "missing_lines": [60, 63, 64, 65, 92, 97], "excluded_lines": [111, 112]}}}, "scripts/kg_cost_report.py": {"executed_lines": [], "summary": {"covered_lines": 0, "num_statements": 136, "percent_covered": 0.0, "percent_covered_display": "0", "missing_lines": 136, "excluded_lines": 2}, "missing_lines": [6, 7, 8, 10, 12, 14, 17, 19, 20, 22, 24, 25, 26, 27, 29, 30, 31, 32, 33, 35, 36, 38, 39, 41, 42, 43, 45, 46, 48, 50, 51, 53, 57, 59, 62, 64, 66, 67, 68, 69, 71, 72, 74, 77, 79, 81, 82, 83, 85, 86, 88, 89, 91, 92, 93, 94, 96, 99, 101, 103, 104, 105, 107, 109, 111, 113, 114, 115, 117, 119, 120, 121, 123, 124, 125, 126, 128, 129, 131, 134, 136, 138, 139, 140, 141, 143, 144, 145, 146, 147, 149, 151, 152, 153, 155, 157, 158, 159, 161, 163, 164, 165, 166, 168, 170, 172, 173, 174, 175, 176, 177, 178, 179, 180, 181, 183, 184, 187, 189, 208, 214, 220, 226, 232, 234, 235, 237, 239, 240, 242, 243, 245, 246, 248, 249, 251], "excluded_lines": [254, 255], "functions": {"format_cost_report": {"executed_lines": [], "summary": {"covered_lines": 0, "num_statements": 27, "percent_covered": 0.0, "percent_covered_display": "0", "missing_lines": 27, "excluded_lines": 0}, "missing_lines": [19, 20, 22, 24, 25, 26, 27, 29, 30, 31, 32, 33, 35, 36, 38, 39, 41, 42, 43, 45, 46, 48, 50, 51, 53, 57, 59], "excluded_lines": []}, "generate_daily_report": {"executed_lines": [], "summary": {"covered_lines": 0, "num_statements": 8, "percent_covered": 0.0, "percent_covered_display": "0", "missing_lines": 8, "excluded_lines": 0}, "missing_lines": [64, 66, 67, 68, 69, 71, 72, 74], "excluded_lines": []}, "generate_weekly_report": {"executed_lines": [], "summary": {"covered_lines": 0, "num_statements": 13, "percent_covered": 0.0, "percent_covered_display": "0", "missing_lines": 13, "excluded_lines": 0}, "missing_lines": [79, 81, 82, 83, 85, 86, 88, 89, 91, 92, 93, 94, 96], "excluded_lines": []}, "generate_comparison_report": {"executed_lines": [], "summary": {"covered_lines": 0, "num_statements": 21, "percent_covered": 0.0, "percent_covered_display": "0", "missing_lines": 21, "excluded_lines": 0}, "missing_lines": [101, 103, 104, 105, 107, 109, 111, 113, 114, 115, 117, 119, 120, 121, 123, 124, 125, 126, 128, 129, 131], "excluded_lines": []}, "check_cost_limit": {"executed_lines": [], "summary": {"covered_lines": 0, "num_statements": 37, "percent_covered": 0.0, "percent_covered_display": "0", "missing_lines": 37, "excluded_lines": 0}, "missing_lines": [136, 138, 139, 140, 141, 143, 144, 145, 146, 147, 149, 151, 152, 153, 155, 157, 158, 159, 161, 163, 164, 165, 166, 168, 170, 172, 173, 174, 175, 176, 177, 178, 179, 180, 181, 183, 184], "excluded_lines": []}, "main": {"executed_lines": [], "summary": {"covered_lines": 0, "num_statements": 18, "percent_covered": 0.0, "percent_covered_display": "0", "missing_lines": 18, "excluded_lines": 0}, "missing_lines": [189, 208, 214, 220, 226, 232, 234, 235, 237, 239, 240, 242, 243, 245, 246, 248, 249, 251], "excluded_lines": []}, "": {"executed_lines": [], "summary": {"covered_lines": 0, "num_statements": 12, "percent_covered": 0.0, "percent_covered_display": "0", "missing_lines": 12, "excluded_lines": 2}, "missing_lines": [6, 7, 8, 10, 12, 14, 17, 62, 77, 99, 134, 187], "excluded_lines": [254, 255]}}, "classes": {"": {"executed_lines": [], "summary": {"covered_lines": 0, "num_statements": 136, "percent_covered": 0.0, "percent_covered_display": "0", "missing_lines": 136, "excluded_lines": 2}, "missing_lines": [6, 7, 8, 10, 12, 14, 17, 19, 20, 22, 24, 25, 26, 27, 29, 30, 31, 32, 33, 35, 36, 38, 39, 41, 42, 43, 45, 46, 48, 50, 51, 53, 57, 59, 62, 64, 66, 67, 68, 69, 71, 72, 74, 77, 79, 81, 82, 83, 85, 86, 88, 89, 91, 92, 93, 94, 96, 99, 101, 103, 104, 105, 107, 109, 111, 113, 114, 115, 117, 119, 120, 121, 123, 124, 125, 126, 128, 129, 131, 134, 136, 138, 139, 140, 141, 143, 144, 145, 146, 147, 149, 151, 152, 153, 155, 157, 158, 159, 161, 163, 164, 165, 166, 168, 170, 172, 173, 174, 175, 176, 177, 178, 179, 180, 181, 183, 184, 187, 189, 208, 214, 220, 226, 232, 234, 235, 237, 239, 240, 242, 243, 245, 246, 248, 249, 251], "excluded_lines": [254, 255]}}}, "scripts/monitor_orchestrator.py": {"executed_lines": [], "summary": {"covered_lines": 0, "num_statements": 131, "percent_covered": 0.0, "percent_covered_display": "0", "missing_lines": 131, "excluded_lines": 2}, "missing_lines": [19, 20, 21, 22, 23, 24, 26, 27, 28, 29, 33, 35, 36, 38, 39, 42, 43, 44, 45, 46, 47, 49, 50, 51, 53, 55, 56, 57, 58, 60, 68, 69, 71, 93, 94, 99, 100, 101, 102, 103, 105, 107, 108, 109, 110, 112, 113, 115, 116, 117, 118, 119, 120, 121, 122, 124, 126, 127, 129, 130, 132, 133, 134, 135, 136, 138, 140, 142, 144, 145, 147, 148, 153, 154, 156, 157, 163, 164, 167, 172, 173, 175, 176, 181, 183, 184, 189, 190, 192, 193, 195, 197, 199, 201, 202, 203, 205, 206, 207, 208, 210, 212, 213, 220, 221, 223, 224, 231, 233, 235, 237, 238, 239, 241, 242, 244, 246, 247, 248, 250, 251, 254, 255, 256, 258, 259, 260, 261, 263, 264, 265], "excluded_lines": [268, 269], "functions": {"OrchestratorMonitor.__init__": {"executed_lines": [], "summary": {"covered_lines": 0, "num_statements": 7, "percent_covered": 0.0, "percent_covered_display": "0", "missing_lines": 7, "excluded_lines": 0}, "missing_lines": [44, 45, 46, 47, 49, 50, 51], "excluded_lines": []}, "OrchestratorMonitor.send_slack_alert": {"executed_lines": [], "summary": {"covered_lines": 0, "num_statements": 15, "percent_covered": 0.0, "percent_covered_display": "0", "missing_lines": 15, "excluded_lines": 0}, "missing_lines": [55, 56, 57, 58, 60, 68, 69, 71, 93, 94, 99, 100, 101, 102, 103], "excluded_lines": []}, "OrchestratorMonitor.check_health": {"executed_lines": [], "summary": {"covered_lines": 0, "num_statements": 14, "percent_covered": 0.0, "percent_covered_display": "0", "missing_lines": 14, "excluded_lines": 0}, "missing_lines": [107, 108, 109, 110, 112, 113, 115, 116, 117, 118, 119, 120, 121, 122], "excluded_lines": []}, "OrchestratorMonitor.check_stats": {"executed_lines": [], "summary": {"covered_lines": 0, "num_statements": 9, "percent_covered": 0.0, "percent_covered_display": "0", "missing_lines": 9, "excluded_lines": 0}, "missing_lines": [126, 127, 129, 130, 132, 133, 134, 135, 136], "excluded_lines": []}, "OrchestratorMonitor.run_health_check": {"executed_lines": [], "summary": {"covered_lines": 0, "num_statements": 24, "percent_covered": 0.0, "percent_covered_display": "0", "missing_lines": 24, "excluded_lines": 0}, "missing_lines": [140, 142, 144, 145, 147, 148, 153, 154, 156, 157, 163, 164, 167, 172, 173, 175, 176, 181, 183, 184, 189, 190, 192, 193], "excluded_lines": []}, "OrchestratorMonitor.run_queue_check": {"executed_lines": [], "summary": {"covered_lines": 0, "num_statements": 18, "percent_covered": 0.0, "percent_covered_display": "0", "missing_lines": 18, "excluded_lines": 0}, "missing_lines": [197, 199, 201, 202, 203, 205, 206, 207, 208, 210, 212, 213, 220, 221, 223, 224, 231, 233], "excluded_lines": []}, "OrchestratorMonitor.run": {"executed_lines": [], "summary": {"covered_lines": 0, "num_statements": 11, "percent_covered": 0.0, "percent_covered_display": "0", "missing_lines": 11, "excluded_lines": 0}, "missing_lines": [237, 238, 239, 241, 242, 244, 246, 247, 248, 250, 251], "excluded_lines": []}, "main": {"executed_lines": [], "summary": {"covered_lines": 0, "num_statements": 9, "percent_covered": 0.0, "percent_covered_display": "0", "missing_lines": 9, "excluded_lines": 0}, "missing_lines": [255, 256, 258, 259, 260, 261, 263, 264, 265], "excluded_lines": []}, "": {"executed_lines": [], "summary": {"covered_lines": 0, "num_statements": 24, "percent_covered": 0.0, "percent_covered_display": "0", "missing_lines": 24, "excluded_lines": 2}, "missing_lines": [19, 20, 21, 22, 23, 24, 26, 27, 28, 29, 33, 35, 36, 38, 39, 42, 43, 53, 105, 124, 138, 195, 235, 254], "excluded_lines": [268, 269]}}, "classes": {"OrchestratorMonitor": {"executed_lines": [], "summary": {"covered_lines": 0, "num_statements": 98, "percent_covered": 0.0, "percent_covered_display": "0", "missing_lines": 98, "excluded_lines": 0}, "missing_lines": [44, 45, 46, 47, 49, 50, 51, 55, 56, 57, 58, 60, 68, 69, 71, 93, 94, 99, 100, 101, 102, 103, 107, 108, 109, 110, 112, 113, 115, 116, 117, 118, 119, 120, 121, 122, 126, 127, 129, 130, 132, 133, 134, 135, 136, 140, 142, 144, 145, 147, 148, 153, 154, 156, 157, 163, 164, 167, 172, 173, 175, 176, 181, 183, 184, 189, 190, 192, 193, 197, 199, 201, 202, 203, 205, 206, 207, 208, 210, 212, 213, 220, 221, 223, 224, 231, 233, 237, 238, 239, 241, 242, 244, 246, 247, 248, 250, 251], "excluded_lines": []}, "": {"executed_lines": [], "summary": {"covered_lines": 0, "num_statements": 33, "percent_covered": 0.0, "percent_covered_display": "0", "missing_lines": 33, "excluded_lines": 2}, "missing_lines": [19, 20, 21, 22, 23, 24, 26, 27, 28, 29, 33, 35, 36, 38, 39, 42, 43, 53, 105, 124, 138, 195, 235, 254, 255, 256, 258, 259, 260, 261, 263, 264, 265], "excluded_lines": [268, 269]}}}, "scripts/repo_root_utils.py": {"executed_lines": [], "summary": {"covered_lines": 0, "num_statements": 6, "percent_covered": 0.0, "percent_covered_display": "0", "missing_lines": 6, "excluded_lines": 12}, "missing_lines": [13, 14, 16, 17, 19, 21], "excluded_lines": [24, 25, 26, 27, 29, 30, 31, 32, 33, 35, 36, 37], "functions": {"": {"executed_lines": [], "summary": {"covered_lines": 0, "num_statements": 6, "percent_covered": 0.0, "percent_covered_display": "0", "missing_lines": 6, "excluded_lines": 12}, "missing_lines": [13, 14, 16, 17, 19, 21], "excluded_lines": [24, 25, 26, 27, 29, 30, 31, 32, 33, 35, 36, 37]}}, "classes": {"": {"executed_lines": [], "summary": {"covered_lines": 0, "num_statements": 6, "percent_covered": 0.0, "percent_covered_display": "0", "missing_lines": 6, "excluded_lines": 12}, "missing_lines": [13, 14, 16, 17, 19, 21], "excluded_lines": [24, 25, 26, 27, 29, 30, 31, 32, 33, 35, 36, 37]}}}, "scripts/send_phase3_notification_email.py": {"executed_lines": [], "summary": {"covered_lines": 0, "num_statements": 148, "percent_covered": 0.0, "percent_covered_display": "0", "missing_lines": 148, "excluded_lines": 2}, "missing_lines": [13, 14, 15, 16, 17, 18, 19, 21, 22, 24, 26, 27, 28, 30, 31, 32, 33, 35, 37, 38, 39, 41, 42, 43, 45, 47, 214, 268, 270, 272, 273, 279, 280, 286, 287, 288, 289, 290, 292, 293, 294, 295, 296, 297, 300, 302, 303, 304, 305, 308, 310, 311, 314, 316, 318, 323, 339, 340, 342, 343, 345, 347, 348, 349, 350, 351, 353, 354, 355, 357, 358, 359, 360, 361, 363, 366, 367, 368, 369, 370, 371, 372, 373, 374, 375, 376, 378, 380, 382, 383, 384, 386, 388, 389, 390, 391, 392, 394, 395, 396, 397, 398, 400, 402, 403, 404, 406, 407, 408, 410, 411, 412, 414, 415, 417, 424, 425, 426, 427, 429, 430, 431, 433, 435, 436, 437, 438, 439, 440, 442, 443, 445, 447, 448, 449, 450, 451, 452, 453, 455, 456, 457, 458, 459, 461, 463, 464, 465], "excluded_lines": [468, 469], "functions": {"fetch_user_emails": {"executed_lines": [], "summary": {"covered_lines": 0, "num_statements": 16, "percent_covered": 0.0, "percent_covered_display": "0", "missing_lines": 16, "excluded_lines": 0}, "missing_lines": [270, 272, 273, 279, 280, 286, 287, 288, 289, 290, 292, 293, 294, 295, 296, 297], "excluded_lines": []}, "load_progress": {"executed_lines": [], "summary": {"covered_lines": 0, "num_statements": 4, "percent_covered": 0.0, "percent_covered_display": "0", "missing_lines": 4, "excluded_lines": 0}, "missing_lines": [302, 303, 304, 305], "excluded_lines": []}, "save_progress": {"executed_lines": [], "summary": {"covered_lines": 0, "num_statements": 2, "percent_covered": 0.0, "percent_covered_display": "0", "missing_lines": 2, "excluded_lines": 0}, "missing_lines": [310, 311], "excluded_lines": []}, "send_email_via_mailtrap": {"executed_lines": [], "summary": {"covered_lines": 0, "num_statements": 22, "percent_covered": 0.0, "percent_covered_display": "0", "missing_lines": 22, "excluded_lines": 0}, "missing_lines": [316, 318, 323, 339, 340, 342, 343, 345, 347, 348, 349, 350, 351, 353, 354, 355, 357, 358, 359, 360, 361, 363], "excluded_lines": []}, "main": {"executed_lines": [], "summary": {"covered_lines": 0, "num_statements": 72, "percent_covered": 0.0, "percent_covered_display": "0", "missing_lines": 72, "excluded_lines": 0}, "missing_lines": [367, 368, 369, 370, 371, 372, 373, 374, 375, 376, 378, 380, 382, 383, 384, 386, 388, 389, 390, 391, 392, 394, 395, 396, 397, 398, 400, 402, 403, 404, 406, 407, 408, 410, 411, 412, 414, 415, 417, 424, 425, 426, 427, 429, 430, 431, 433, 435, 436, 437, 438, 439, 440, 442, 443, 445, 447, 448, 449, 450, 451, 452, 453, 455, 456, 457, 458, 459, 461, 463, 464, 465], "excluded_lines": []}, "": {"executed_lines": [], "summary": {"covered_lines": 0, "num_statements": 32, "percent_covered": 0.0, "percent_covered_display": "0", "missing_lines": 32, "excluded_lines": 2}, "missing_lines": [13, 14, 15, 16, 17, 18, 19, 21, 22, 24, 26, 27, 28, 30, 31, 32, 33, 35, 37, 38, 39, 41, 42, 43, 45, 47, 214, 268, 300, 308, 314, 366], "excluded_lines": [468, 469]}}, "classes": {"": {"executed_lines": [], "summary": {"covered_lines": 0, "num_statements": 148, "percent_covered": 0.0, "percent_covered_display": "0", "missing_lines": 148, "excluded_lines": 2}, "missing_lines": [13, 14, 15, 16, 17, 18, 19, 21, 22, 24, 26, 27, 28, 30, 31, 32, 33, 35, 37, 38, 39, 41, 42, 43, 45, 47, 214, 268, 270, 272, 273, 279, 280, 286, 287, 288, 289, 290, 292, 293, 294, 295, 296, 297, 300, 302, 303, 304, 305, 308, 310, 311, 314, 316, 318, 323, 339, 340, 342, 343, 345, 347, 348, 349, 350, 351, 353, 354, 355, 357, 358, 359, 360, 361, 363, 366, 367, 368, 369, 370, 371, 372, 373, 374, 375, 376, 378, 380, 382, 383, 384, 386, 388, 389, 390, 391, 392, 394, 395, 396, 397, 398, 400, 402, 403, 404, 406, 407, 408, 410, 411, 412, 414, 415, 417, 424, 425, 426, 427, 429, 430, 431, 433, 435, 436, 437, 438, 439, 440, 442, 443, 445, 447, 448, 449, 450, 451, 452, 453, 455, 456, 457, 458, 459, 461, 463, 464, 465], "excluded_lines": [468, 469]}}}, "scripts/update_reputation_daily.py": {"executed_lines": [], "summary": {"covered_lines": 0, "num_statements": 85, "percent_covered": 0.0, "percent_covered_display": "0", "missing_lines": 85, "excluded_lines": 2}, "missing_lines": [10, 11, 12, 14, 16, 17, 20, 22, 24, 26, 27, 28, 29, 31, 32, 33, 35, 37, 38, 40, 41, 42, 43, 44, 46, 47, 49, 50, 51, 52, 54, 55, 56, 57, 59, 60, 61, 62, 64, 65, 66, 67, 68, 69, 70, 72, 73, 74, 75, 76, 78, 80, 81, 82, 83, 84, 87, 89, 90, 92, 93, 95, 96, 97, 99, 100, 102, 116, 117, 123, 124, 126, 128, 129, 132, 134, 135, 136, 138, 140, 141, 142, 143, 145, 146], "excluded_lines": [149, 150], "functions": {"update_all_agents": {"executed_lines": [], "summary": {"covered_lines": 0, "num_statements": 49, "percent_covered": 0.0, "percent_covered_display": "0", "missing_lines": 49, "excluded_lines": 0}, "missing_lines": [22, 24, 26, 27, 28, 29, 31, 32, 33, 35, 37, 38, 40, 41, 42, 43, 44, 46, 47, 49, 50, 51, 52, 54, 55, 56, 57, 59, 60, 61, 62, 64, 65, 66, 67, 68, 69, 70, 72, 73, 74, 75, 76, 78, 80, 81, 82, 83, 84], "excluded_lines": []}, "send_summary_notification": {"executed_lines": [], "summary": {"covered_lines": 0, "num_statements": 17, "percent_covered": 0.0, "percent_covered_display": "0", "missing_lines": 17, "excluded_lines": 0}, "missing_lines": [89, 90, 92, 93, 95, 96, 97, 99, 100, 102, 116, 117, 123, 124, 126, 128, 129], "excluded_lines": []}, "main": {"executed_lines": [], "summary": {"covered_lines": 0, "num_statements": 10, "percent_covered": 0.0, "percent_covered_display": "0", "missing_lines": 10, "excluded_lines": 0}, "missing_lines": [134, 135, 136, 138, 140, 141, 142, 143, 145, 146], "excluded_lines": []}, "": {"executed_lines": [], "summary": {"covered_lines": 0, "num_statements": 9, "percent_covered": 0.0, "percent_covered_display": "0", "missing_lines": 9, "excluded_lines": 2}, "missing_lines": [10, 11, 12, 14, 16, 17, 20, 87, 132], "excluded_lines": [149, 150]}}, "classes": {"": {"executed_lines": [], "summary": {"covered_lines": 0, "num_statements": 85, "percent_covered": 0.0, "percent_covered_display": "0", "missing_lines": 85, "excluded_lines": 2}, "missing_lines": [10, 11, 12, 14, 16, 17, 20, 22, 24, 26, 27, 28, 29, 31, 32, 33, 35, 37, 38, 40, 41, 42, 43, 44, 46, 47, 49, 50, 51, 52, 54, 55, 56, 57, 59, 60, 61, 62, 64, 65, 66, 67, 68, 69, 70, 72, 73, 74, 75, 76, 78, 80, 81, 82, 83, 84, 87, 89, 90, 92, 93, 95, 96, 97, 99, 100, 102, 116, 117, 123, 124, 126, 128, 129, 132, 134, 135, 136, 138, 140, 141, 142, 143, 145, 146], "excluded_lines": [149, 150]}}}, "scripts/validate_redis_tls.py": {"executed_lines": [], "summary": {"covered_lines": 0, "num_statements": 151, "percent_covered": 0.0, "percent_covered_display": "0", "missing_lines": 151, "excluded_lines": 2}, "missing_lines": [20, 21, 22, 23, 24, 26, 28, 29, 31, 35, 38, 41, 42, 43, 44, 46, 48, 50, 51, 52, 53, 54, 56, 57, 58, 59, 60, 61, 62, 63, 64, 65, 66, 67, 68, 69, 71, 73, 74, 75, 77, 79, 81, 83, 85, 86, 87, 88, 90, 91, 92, 93, 94, 96, 98, 99, 101, 102, 104, 105, 107, 108, 110, 111, 112, 113, 114, 115, 116, 117, 118, 120, 122, 123, 124, 126, 128, 130, 139, 141, 142, 143, 144, 145, 147, 148, 150, 151, 153, 154, 155, 157, 159, 161, 162, 163, 165, 171, 172, 173, 174, 175, 176, 177, 178, 179, 180, 182, 184, 186, 187, 188, 190, 191, 192, 193, 195, 196, 197, 198, 200, 201, 202, 203, 205, 206, 207, 208, 209, 210, 211, 212, 213, 215, 216, 217, 220, 222, 224, 225, 226, 228, 229, 230, 232, 233, 235, 236, 237, 238, 239], "excluded_lines": [242, 243], "functions": {"RedisSecurityValidator.__init__": {"executed_lines": [], "summary": {"covered_lines": 0, "num_statements": 3, "percent_covered": 0.0, "percent_covered_display": "0", "missing_lines": 3, "excluded_lines": 0}, "missing_lines": [42, 43, 44], "excluded_lines": []}, "RedisSecurityValidator.validate_environment_variables": {"executed_lines": [], "summary": {"covered_lines": 0, "num_statements": 26, "percent_covered": 0.0, "percent_covered_display": "0", "missing_lines": 26, "excluded_lines": 0}, "missing_lines": [48, 50, 51, 52, 53, 54, 56, 57, 58, 59, 60, 61, 62, 63, 64, 65, 66, 67, 68, 69, 71, 73, 74, 75, 77, 79], "excluded_lines": []}, "RedisSecurityValidator.validate_helper_function": {"executed_lines": [], "summary": {"covered_lines": 0, "num_statements": 32, "percent_covered": 0.0, "percent_covered_display": "0", "missing_lines": 32, "excluded_lines": 0}, "missing_lines": [83, 85, 86, 87, 88, 90, 91, 92, 93, 94, 96, 98, 99, 101, 102, 104, 105, 107, 108, 110, 111, 112, 113, 114, 115, 116, 117, 118, 120, 122, 123, 124], "excluded_lines": []}, "RedisSecurityValidator.validate_production_code": {"executed_lines": [], "summary": {"covered_lines": 0, "num_statements": 16, "percent_covered": 0.0, "percent_covered_display": "0", "missing_lines": 16, "excluded_lines": 0}, "missing_lines": [128, 130, 139, 141, 142, 143, 144, 145, 147, 148, 150, 151, 153, 154, 155, 157], "excluded_lines": []}, "RedisSecurityValidator.run_all_checks": {"executed_lines": [], "summary": {"covered_lines": 0, "num_statements": 15, "percent_covered": 0.0, "percent_covered_display": "0", "missing_lines": 15, "excluded_lines": 0}, "missing_lines": [161, 162, 163, 165, 171, 172, 173, 174, 175, 176, 177, 178, 179, 180, 182], "excluded_lines": []}, "RedisSecurityValidator.print_summary": {"executed_lines": [], "summary": {"covered_lines": 0, "num_statements": 27, "percent_covered": 0.0, "percent_covered_display": "0", "missing_lines": 27, "excluded_lines": 0}, "missing_lines": [186, 187, 188, 190, 191, 192, 193, 195, 196, 197, 198, 200, 201, 202, 203, 205, 206, 207, 208, 209, 210, 211, 212, 213, 215, 216, 217], "excluded_lines": []}, "main": {"executed_lines": [], "summary": {"covered_lines": 0, "num_statements": 14, "percent_covered": 0.0, "percent_covered_display": "0", "missing_lines": 14, "excluded_lines": 0}, "missing_lines": [222, 224, 225, 226, 228, 229, 230, 232, 233, 235, 236, 237, 238, 239], "excluded_lines": []}, "": {"executed_lines": [], "summary": {"covered_lines": 0, "num_statements": 18, "percent_covered": 0.0, "percent_covered_display": "0", "missing_lines": 18, "excluded_lines": 2}, "missing_lines": [20, 21, 22, 23, 24, 26, 28, 29, 31, 35, 38, 41, 46, 81, 126, 159, 184, 220], "excluded_lines": [242, 243]}}, "classes": {"RedisSecurityValidator": {"executed_lines": [], "summary": {"covered_lines": 0, "num_statements": 119, "percent_covered": 0.0, "percent_covered_display": "0", "missing_lines": 119, "excluded_lines": 0}, "missing_lines": [42, 43, 44, 48, 50, 51, 52, 53, 54, 56, 57, 58, 59, 60, 61, 62, 63, 64, 65, 66, 67, 68, 69, 71, 73, 74, 75, 77, 79, 83, 85, 86, 87, 88, 90, 91, 92, 93, 94, 96, 98, 99, 101, 102, 104, 105, 107, 108, 110, 111, 112, 113, 114, 115, 116, 117, 118, 120, 122, 123, 124, 128, 130, 139, 141, 142, 143, 144, 145, 147, 148, 150, 151, 153, 154, 155, 157, 161, 162, 163, 165, 171, 172, 173, 174, 175, 176, 177, 178, 179, 180, 182, 186, 187, 188, 190, 191, 192, 193, 195, 196, 197, 198, 200, 201, 202, 203, 205, 206, 207, 208, 209, 210, 211, 212, 213, 215, 216, 217], "excluded_lines": []}, "": {"executed_lines": [], "summary": {"covered_lines": 0, "num_statements": 32, "percent_covered": 0.0, "percent_covered_display": "0", "missing_lines": 32, "excluded_lines": 2}, "missing_lines": [20, 21, 22, 23, 24, 26, 28, 29, 31, 35, 38, 41, 46, 81, 126, 159, 184, 220, 222, 224, 225, 226, 228, 229, 230, 232, 233, 235, 236, 237, 238, 239], "excluded_lines": [242, 243]}}}, "scripts/verify_redis_security.py": {"executed_lines": [], "summary": {"covered_lines": 0, "num_statements": 165, "percent_covered": 0.0, "percent_covered_display": "0", "missing_lines": 165, "excluded_lines": 2}, "missing_lines": [6, 7, 8, 9, 11, 13, 16, 18, 19, 20, 23, 25, 26, 27, 28, 31, 33, 35, 43, 44, 45, 46, 47, 48, 49, 50, 51, 53, 54, 56, 58, 61, 63, 65, 66, 68, 70, 71, 72, 73, 75, 76, 78, 79, 81, 82, 84, 85, 87, 88, 89, 91, 92, 94, 95, 97, 99, 100, 101, 102, 103, 104, 107, 109, 111, 112, 113, 115, 116, 117, 118, 120, 121, 122, 124, 131, 132, 133, 134, 136, 137, 139, 140, 142, 143, 145, 146, 147, 149, 150, 152, 153, 155, 157, 158, 159, 160, 161, 162, 165, 167, 169, 170, 171, 173, 174, 175, 176, 178, 179, 180, 182, 184, 185, 186, 187, 189, 190, 192, 193, 195, 196, 197, 200, 202, 204, 205, 206, 207, 208, 209, 210, 211, 212, 214, 215, 217, 218, 219, 220, 222, 223, 224, 226, 227, 228, 229, 230, 231, 233, 234, 237, 239, 240, 241, 243, 245, 247, 248, 249, 250, 252, 254, 256, 257], "excluded_lines": [260, 261], "functions": {"print_header": {"executed_lines": [], "summary": {"covered_lines": 0, "num_statements": 3, "percent_covered": 0.0, "percent_covered_display": "0", "missing_lines": 3, "excluded_lines": 0}, "missing_lines": [18, 19, 20], "excluded_lines": []}, "print_result": {"executed_lines": [], "summary": {"covered_lines": 0, "num_statements": 4, "percent_covered": 0.0, "percent_covered_display": "0", "missing_lines": 4, "excluded_lines": 0}, "missing_lines": [25, 26, 27, 28], "excluded_lines": []}, "check_environment_variables": {"executed_lines": [], "summary": {"covered_lines": 0, "num_statements": 15, "percent_covered": 0.0, "percent_covered_display": "0", "missing_lines": 15, "excluded_lines": 0}, "missing_lines": [33, 35, 43, 44, 45, 46, 47, 48, 49, 50, 51, 53, 54, 56, 58], "excluded_lines": []}, "test_upstash_connection": {"executed_lines": [], "summary": {"covered_lines": 0, "num_statements": 30, "percent_covered": 0.0, "percent_covered_display": "0", "missing_lines": 30, "excluded_lines": 0}, "missing_lines": [63, 65, 66, 68, 70, 71, 72, 73, 75, 76, 78, 79, 81, 82, 84, 85, 87, 88, 89, 91, 92, 94, 95, 97, 99, 100, 101, 102, 103, 104], "excluded_lines": []}, "test_redis_tls_connection": {"executed_lines": [], "summary": {"covered_lines": 0, "num_statements": 36, "percent_covered": 0.0, "percent_covered_display": "0", "missing_lines": 36, "excluded_lines": 0}, "missing_lines": [109, 111, 112, 113, 115, 116, 117, 118, 120, 121, 122, 124, 131, 132, 133, 134, 136, 137, 139, 140, 142, 143, 145, 146, 147, 149, 150, 152, 153, 155, 157, 158, 159, 160, 161, 162], "excluded_lines": []}, "test_api_backend_redis": {"executed_lines": [], "summary": {"covered_lines": 0, "num_statements": 23, "percent_covered": 0.0, "percent_covered_display": "0", "missing_lines": 23, "excluded_lines": 0}, "missing_lines": [167, 169, 170, 171, 173, 174, 175, 176, 178, 179, 180, 182, 184, 185, 186, 187, 189, 190, 192, 193, 195, 196, 197], "excluded_lines": []}, "generate_security_report": {"executed_lines": [], "summary": {"covered_lines": 0, "num_statements": 27, "percent_covered": 0.0, "percent_covered_display": "0", "missing_lines": 27, "excluded_lines": 0}, "missing_lines": [202, 204, 205, 206, 207, 208, 209, 210, 211, 212, 214, 215, 217, 218, 219, 220, 222, 223, 224, 226, 227, 228, 229, 230, 231, 233, 234], "excluded_lines": []}, "main": {"executed_lines": [], "summary": {"covered_lines": 0, "num_statements": 13, "percent_covered": 0.0, "percent_covered_display": "0", "missing_lines": 13, "excluded_lines": 0}, "missing_lines": [239, 240, 241, 243, 245, 247, 248, 249, 250, 252, 254, 256, 257], "excluded_lines": []}, "": {"executed_lines": [], "summary": {"covered_lines": 0, "num_statements": 14, "percent_covered": 0.0, "percent_covered_display": "0", "missing_lines": 14, "excluded_lines": 2}, "missing_lines": [6, 7, 8, 9, 11, 13, 16, 23, 31, 61, 107, 165, 200, 237], "excluded_lines": [260, 261]}}, "classes": {"": {"executed_lines": [], "summary": {"covered_lines": 0, "num_statements": 165, "percent_covered": 0.0, "percent_covered_display": "0", "missing_lines": 165, "excluded_lines": 2}, "missing_lines": [6, 7, 8, 9, 11, 13, 16, 18, 19, 20, 23, 25, 26, 27, 28, 31, 33, 35, 43, 44, 45, 46, 47, 48, 49, 50, 51, 53, 54, 56, 58, 61, 63, 65, 66, 68, 70, 71, 72, 73, 75, 76, 78, 79, 81, 82, 84, 85, 87, 88, 89, 91, 92, 94, 95, 97, 99, 100, 101, 102, 103, 104, 107, 109, 111, 112, 113, 115, 116, 117, 118, 120, 121, 122, 124, 131, 132, 133, 134, 136, 137, 139, 140, 142, 143, 145, 146, 147, 149, 150, 152, 153, 155, 157, 158, 159, 160, 161, 162, 165, 167, 169, 170, 171, 173, 174, 175, 176, 178, 179, 180, 182, 184, 185, 186, 187, 189, 190, 192, 193, 195, 196, 197, 200, 202, 204, 205, 206, 207, 208, 209, 210, 211, 212, 214, 215, 217, 218, 219, 220, 222, 223, 224, 226, 227, 228, 229, 230, 231, 233, 234, 237, 239, 240, 241, 243, 245, 247, 248, 249, 250, 252, 254, 256, 257], "excluded_lines": [260, 261]}}}, "scripts/verify_secret_inventory.py": {"executed_lines": [], "summary": {"covered_lines": 0, "num_statements": 54, "percent_covered": 0.0, "percent_covered_display": "0", "missing_lines": 54, "excluded_lines": 2}, "missing_lines": [12, 13, 14, 16, 19, 21, 22, 23, 26, 28, 33, 34, 35, 36, 42, 43, 50, 53, 55, 56, 57, 59, 62, 63, 64, 65, 66, 68, 70, 71, 73, 76, 77, 78, 79, 80, 82, 83, 84, 86, 87, 89, 90, 91, 94, 96, 97, 98, 99, 101, 102, 103, 104, 105], "excluded_lines": [108, 109], "functions": {"load_env_schema": {"executed_lines": [], "summary": {"covered_lines": 0, "num_statements": 3, "percent_covered": 0.0, "percent_covered_display": "0", "missing_lines": 3, "excluded_lines": 0}, "missing_lines": [21, 22, 23], "excluded_lines": []}, "extract_secrets": {"executed_lines": [], "summary": {"covered_lines": 0, "num_statements": 8, "percent_covered": 0.0, "percent_covered_display": "0", "missing_lines": 8, "excluded_lines": 0}, "missing_lines": [28, 33, 34, 35, 36, 42, 43, 50], "excluded_lines": []}, "generate_verification_table": {"executed_lines": [], "summary": {"covered_lines": 0, "num_statements": 26, "percent_covered": 0.0, "percent_covered_display": "0", "missing_lines": 26, "excluded_lines": 0}, "missing_lines": [55, 56, 57, 59, 62, 63, 64, 65, 66, 68, 70, 71, 73, 76, 77, 78, 79, 80, 82, 83, 84, 86, 87, 89, 90, 91], "excluded_lines": []}, "main": {"executed_lines": [], "summary": {"covered_lines": 0, "num_statements": 9, "percent_covered": 0.0, "percent_covered_display": "0", "missing_lines": 9, "excluded_lines": 0}, "missing_lines": [96, 97, 98, 99, 101, 102, 103, 104, 105], "excluded_lines": []}, "": {"executed_lines": [], "summary": {"covered_lines": 0, "num_statements": 8, "percent_covered": 0.0, "percent_covered_display": "0", "missing_lines": 8, "excluded_lines": 2}, "missing_lines": [12, 13, 14, 16, 19, 26, 53, 94], "excluded_lines": [108, 109]}}, "classes": {"": {"executed_lines": [], "summary": {"covered_lines": 0, "num_statements": 54, "percent_covered": 0.0, "percent_covered_display": "0", "missing_lines": 54, "excluded_lines": 2}, "missing_lines": [12, 13, 14, 16, 19, 21, 22, 23, 26, 28, 33, 34, 35, 36, 42, 43, 50, 53, 55, 56, 57, 59, 62, 63, 64, 65, 66, 68, 70, 71, 73, 76, 77, 78, 79, 80, 82, 83, 84, 86, 87, 89, 90, 91, 94, 96, 97, 98, 99, 101, 102, 103, 104, 105], "excluded_lines": [108, 109]}}}}, "totals": {"covered_lines": 323, "num_statements": 1836, "percent_covered": 17.59259259259259, "percent_covered_display": "18", "missing_lines": 1513, "excluded_lines": 39}}