{"/home/ubuntu/repos/morningai/packages/shared-ui/src/design-tokens.ts": {"path":"/home/ubuntu/repos/morningai/packages/shared-ui/src/design-tokens.ts","statementMap":{"0":{"start":{"line":102,"column":24},"end":{"line":105,"column":null}},"1":{"start":{"line":103,"column":16},"end":{"line":103,"column":null}},"2":{"start":{"line":103,"column":66},"end":{"line":103,"column":78}},"3":{"start":{"line":104,"column":2},"end":{"line":104,"column":null}},"4":{"start":{"line":110,"column":22},"end":{"line":116,"column":null}},"5":{"start":{"line":121,"column":26},"end":{"line":126,"column":null}},"6":{"start":{"line":131,"column":23},"end":{"line":131,"column":null}},"7":{"start":{"line":136,"column":22},"end":{"line":136,"column":null}},"8":{"start":{"line":141,"column":23},"end":{"line":141,"column":null}},"9":{"start":{"line":146,"column":26},"end":{"line":146,"column":null}},"10":{"start":{"line":151,"column":27},"end":{"line":151,"column":null}},"11":{"start":{"line":156,"column":29},"end":{"line":156,"column":null}},"12":{"start":{"line":167,"column":22},"end":{"line":182,"column":null}},"13":{"start":{"line":168,"column":41},"end":{"line":168,"column":null}},"14":{"start":{"line":170,"column":2},"end":{"line":179,"column":null}},"15":{"start":{"line":171,"column":23},"end":{"line":171,"column":null}},"16":{"start":{"line":173,"column":4},"end":{"line":178,"column":null}},"17":{"start":{"line":174,"column":21},"end":{"line":174,"column":null}},"18":{"start":{"line":175,"column":6},"end":{"line":175,"column":null}},"19":{"start":{"line":177,"column":6},"end":{"line":177,"column":null}},"20":{"start":{"line":181,"column":2},"end":{"line":181,"column":null}},"21":{"start":{"line":206,"column":31},"end":{"line":248,"column":null}},"22":{"start":{"line":207,"column":42},"end":{"line":207,"column":null}},"23":{"start":{"line":209,"column":2},"end":{"line":209,"column":null}},"24":{"start":{"line":211,"column":2},"end":{"line":213,"column":null}},"25":{"start":{"line":212,"column":4},"end":{"line":212,"column":null}},"26":{"start":{"line":215,"column":2},"end":{"line":217,"column":null}},"27":{"start":{"line":216,"column":4},"end":{"line":216,"column":null}},"28":{"start":{"line":219,"column":2},"end":{"line":219,"column":null}},"29":{"start":{"line":220,"column":2},"end":{"line":220,"column":null}},"30":{"start":{"line":222,"column":2},"end":{"line":222,"column":null}},"31":{"start":{"line":225,"column":2},"end":{"line":225,"column":null}},"32":{"start":{"line":227,"column":2},"end":{"line":227,"column":null}},"33":{"start":{"line":229,"column":2},"end":{"line":229,"column":null}},"34":{"start":{"line":230,"column":2},"end":{"line":230,"column":null}},"35":{"start":{"line":231,"column":2},"end":{"line":231,"column":null}},"36":{"start":{"line":232,"column":2},"end":{"line":232,"column":null}},"37":{"start":{"line":234,"column":2},"end":{"line":234,"column":null}},"38":{"start":{"line":235,"column":2},"end":{"line":235,"column":null}},"39":{"start":{"line":237,"column":2},"end":{"line":237,"column":null}},"40":{"start":{"line":239,"column":2},"end":{"line":241,"column":null}},"41":{"start":{"line":240,"column":4},"end":{"line":240,"column":null}},"42":{"start":{"line":243,"column":2},"end":{"line":245,"column":null}},"43":{"start":{"line":244,"column":4},"end":{"line":244,"column":null}},"44":{"start":{"line":247,"column":2},"end":{"line":247,"column":null}},"45":{"start":{"line":272,"column":33},"end":{"line":291,"column":null}},"46":{"start":{"line":275,"column":2},"end":{"line":282,"column":null}},"47":{"start":{"line":276,"column":4},"end":{"line":276,"column":null}},"48":{"start":{"line":277,"column":2},"end":{"line":282,"column":null}},"49":{"start":{"line":278,"column":20},"end":{"line":278,"column":null}},"50":{"start":{"line":279,"column":4},"end":{"line":279,"column":null}},"51":{"start":{"line":281,"column":4},"end":{"line":281,"column":null}},"52":{"start":{"line":284,"column":18},"end":{"line":284,"column":null}},"53":{"start":{"line":286,"column":2},"end":{"line":288,"column":null}},"54":{"start":{"line":287,"column":4},"end":{"line":287,"column":null}},"55":{"start":{"line":290,"column":2},"end":{"line":290,"column":null}}},"fnMap":{"0":{"name":"(anonymous_0)","decl":{"start":{"line":102,"column":24},"end":{"line":102,"column":25}},"loc":{"start":{"line":102,"column":65},"end":{"line":105,"column":null}},"line":102},"1":{"name":"(anonymous_1)","decl":{"start":{"line":103,"column":39},"end":{"line":103,"column":40}},"loc":{"start":{"line":103,"column":66},"end":{"line":103,"column":78}},"line":103},"2":{"name":"(anonymous_2)","decl":{"start":{"line":167,"column":22},"end":{"line":167,"column":23}},"loc":{"start":{"line":167,"column":76},"end":{"line":182,"column":null}},"line":167},"3":{"name":"(anonymous_3)","decl":{"start":{"line":206,"column":31},"end":{"line":206,"column":61}},"loc":{"start":{"line":206,"column":61},"end":{"line":248,"column":null}},"line":206},"4":{"name":"(anonymous_4)","decl":{"start":{"line":272,"column":33},"end":{"line":272,"column":34}},"loc":{"start":{"line":272,"column":76},"end":{"line":291,"column":null}},"line":272},"5":{"name":"(anonymous_5)","decl":{"start":{"line":286,"column":34},"end":{"line":286,"column":35}},"loc":{"start":{"line":286,"column":57},"end":{"line":288,"column":3}},"line":286}},"branchMap":{"0":{"loc":{"start":{"line":104,"column":9},"end":{"line":104,"column":null}},"type":"cond-expr","locations":[{"start":{"line":104,"column":31},"end":{"line":104,"column":47}},{"start":{"line":104,"column":47},"end":{"line":104,"column":null}}],"line":104},"1":{"loc":{"start":{"line":173,"column":4},"end":{"line":178,"column":null}},"type":"if","locations":[{"start":{"line":173,"column":4},"end":{"line":178,"column":null}},{"start":{"line":176,"column":11},"end":{"line":178,"column":null}}],"line":173},"2":{"loc":{"start":{"line":173,"column":8},"end":{"line":173,"column":78}},"type":"binary-expr","locations":[{"start":{"line":173,"column":8},"end":{"line":173,"column":37}},{"start":{"line":173,"column":37},"end":{"line":173,"column":55}},{"start":{"line":173,"column":55},"end":{"line":173,"column":78}}],"line":173},"3":{"loc":{"start":{"line":239,"column":2},"end":{"line":241,"column":null}},"type":"if","locations":[{"start":{"line":239,"column":2},"end":{"line":241,"column":null}},{"start":{},"end":{}}],"line":239},"4":{"loc":{"start":{"line":243,"column":2},"end":{"line":245,"column":null}},"type":"if","locations":[{"start":{"line":243,"column":2},"end":{"line":245,"column":null}},{"start":{},"end":{}}],"line":243},"5":{"loc":{"start":{"line":275,"column":2},"end":{"line":282,"column":null}},"type":"if","locations":[{"start":{"line":275,"column":2},"end":{"line":282,"column":null}},{"start":{"line":277,"column":2},"end":{"line":282,"column":null}}],"line":275},"6":{"loc":{"start":{"line":277,"column":2},"end":{"line":282,"column":null}},"type":"if","locations":[{"start":{"line":277,"column":2},"end":{"line":282,"column":null}},{"start":{"line":280,"column":9},"end":{"line":282,"column":null}}],"line":277},"7":{"loc":{"start":{"line":279,"column":14},"end":{"line":279,"column":null}},"type":"binary-expr","locations":[{"start":{"line":279,"column":14},"end":{"line":279,"column":25}},{"start":{"line":279,"column":25},"end":{"line":279,"column":null}}],"line":279}},"s":{"0":1,"1":21,"2":62,"3":21,"4":1,"5":1,"6":1,"7":1,"8":1,"9":1,"10":1,"11":1,"12":1,"13":462,"14":462,"15":3256,"16":3256,"17":0,"18":0,"19":3256,"20":462,"21":1,"22":22,"23":22,"24":22,"25":44,"26":22,"27":88,"28":22,"29":22,"30":22,"31":22,"32":22,"33":22,"34":22,"35":22,"36":22,"37":22,"38":22,"39":22,"40":22,"41":22,"42":22,"43":22,"44":22,"45":1,"46":8,"47":1,"48":7,"49":2,"50":2,"51":5,"52":8,"53":8,"54":1184,"55":8},"f":{"0":21,"1":62,"2":462,"3":22,"4":8,"5":1184},"b":{"0":[20,1],"1":[0,3256],"2":[3256,0,0],"3":[22,0],"4":[22,0],"5":[1,7],"6":[2,5],"7":[2,1]},"meta":{"lastBranch":8,"lastFunction":6,"lastStatement":56,"seen":{"s:102:24:105:Infinity":0,"f:102:24:102:25":0,"s:103:16:103:Infinity":1,"f:103:39:103:40":1,"s:103:66:103:78":2,"s:104:2:104:Infinity":3,"b:104:31:104:47:104:47:104:Infinity":0,"s:110:22:116:Infinity":4,"s:121:26:126:Infinity":5,"s:131:23:131:Infinity":6,"s:136:22:136:Infinity":7,"s:141:23:141:Infinity":8,"s:146:26:146:Infinity":9,"s:151:27:151:Infinity":10,"s:156:29:156:Infinity":11,"s:167:22:182:Infinity":12,"f:167:22:167:23":2,"s:168:41:168:Infinity":13,"s:170:2:179:Infinity":14,"s:171:23:171:Infinity":15,"b:173:4:178:Infinity:176:11:178:Infinity":1,"s:173:4:178:Infinity":16,"b:173:8:173:37:173:37:173:55:173:55:173:78":2,"s:174:21:174:Infinity":17,"s:175:6:175:Infinity":18,"s:177:6:177:Infinity":19,"s:181:2:181:Infinity":20,"s:206:31:248:Infinity":21,"f:206:31:206:61":3,"s:207:42:207:Infinity":22,"s:209:2:209:Infinity":23,"s:211:2:213:Infinity":24,"s:212:4:212:Infinity":25,"s:215:2:217:Infinity":26,"s:216:4:216:Infinity":27,"s:219:2:219:Infinity":28,"s:220:2:220:Infinity":29,"s:222:2:222:Infinity":30,"s:225:2:225:Infinity":31,"s:227:2:227:Infinity":32,"s:229:2:229:Infinity":33,"s:230:2:230:Infinity":34,"s:231:2:231:Infinity":35,"s:232:2:232:Infinity":36,"s:234:2:234:Infinity":37,"s:235:2:235:Infinity":38,"s:237:2:237:Infinity":39,"b:239:2:241:Infinity:undefined:undefined:undefined:undefined":3,"s:239:2:241:Infinity":40,"s:240:4:240:Infinity":41,"b:243:2:245:Infinity:undefined:undefined:undefined:undefined":4,"s:243:2:245:Infinity":42,"s:244:4:244:Infinity":43,"s:247:2:247:Infinity":44,"s:272:33:291:Infinity":45,"f:272:33:272:34":4,"b:275:2:282:Infinity:277:2:282:Infinity":5,"s:275:2:282:Infinity":46,"s:276:4:276:Infinity":47,"b:277:2:282:Infinity:280:9:282:Infinity":6,"s:277:2:282:Infinity":48,"s:278:20:278:Infinity":49,"s:279:4:279:Infinity":50,"b:279:14:279:25:279:25:279:Infinity":7,"s:281:4:281:Infinity":51,"s:284:18:284:Infinity":52,"s:286:2:288:Infinity":53,"f:286:34:286:35":5,"s:287:4:287:Infinity":54,"s:290:2:290:Infinity":55}}}
,"/home/ubuntu/repos/morningai/packages/shared-ui/src/tokens.json": {"path":"/home/ubuntu/repos/morningai/packages/shared-ui/src/tokens.json","statementMap":{},"fnMap":{},"branchMap":{},"s":{},"f":{},"b":{},"meta":{"lastBranch":0,"lastFunction":0,"lastStatement":0,"seen":{}}}
,"/home/ubuntu/repos/morningai/packages/shared-ui/src/utils.ts": {"path":"/home/ubuntu/repos/morningai/packages/shared-ui/src/utils.ts","statementMap":{"0":{"start":{"line":5,"column":2},"end":{"line":5,"column":null}}},"fnMap":{"0":{"name":"cn","decl":{"start":{"line":4,"column":16},"end":{"line":4,"column":22}},"loc":{"start":{"line":4,"column":44},"end":{"line":6,"column":null}},"line":4}},"branchMap":{},"s":{"0":93},"f":{"0":93},"b":{},"meta":{"lastBranch":0,"lastFunction":1,"lastStatement":1,"seen":{"f:4:16:4:22":0,"s:5:2:5:Infinity":0}}}
,"/home/ubuntu/repos/morningai/packages/shared-ui/src/components/ui/badge.tsx": {"path":"/home/ubuntu/repos/morningai/packages/shared-ui/src/components/ui/badge.tsx","statementMap":{"0":{"start":{"line":7,"column":6},"end":{"line":26,"column":null}},"1":{"start":{"line":40,"column":15},"end":{"line":40,"column":null}},"2":{"start":{"line":42,"column":2},"end":{"line":46,"column":null}}},"fnMap":{"0":{"name":"Badge","decl":{"start":{"line":34,"column":9},"end":{"line":34,"column":15}},"loc":{"start":{"line":39,"column":15},"end":{"line":48,"column":null}},"line":39}},"branchMap":{"0":{"loc":{"start":{"line":37,"column":2},"end":{"line":37,"column":null}},"type":"default-arg","locations":[{"start":{"line":37,"column":12},"end":{"line":37,"column":null}}],"line":37},"1":{"loc":{"start":{"line":40,"column":15},"end":{"line":40,"column":null}},"type":"cond-expr","locations":[{"start":{"line":40,"column":25},"end":{"line":40,"column":32}},{"start":{"line":40,"column":32},"end":{"line":40,"column":null}}],"line":40}},"s":{"0":1,"1":15,"2":15},"f":{"0":15},"b":{"0":[15],"1":[2,13]},"meta":{"lastBranch":2,"lastFunction":1,"lastStatement":3,"seen":{"s:7:6:26:Infinity":0,"f:34:9:34:15":0,"b:37:12:37:Infinity":0,"s:40:15:40:Infinity":1,"b:40:25:40:32:40:32:40:Infinity":1,"s:42:2:46:Infinity":2}}}
,"/home/ubuntu/repos/morningai/packages/shared-ui/src/components/ui/button.tsx": {"path":"/home/ubuntu/repos/morningai/packages/shared-ui/src/components/ui/button.tsx","statementMap":{"0":{"start":{"line":7,"column":6},"end":{"line":36,"column":null}},"1":{"start":{"line":51,"column":15},"end":{"line":51,"column":null}},"2":{"start":{"line":53,"column":2},"end":{"line":57,"column":null}}},"fnMap":{"0":{"name":"Button","decl":{"start":{"line":44,"column":9},"end":{"line":44,"column":16}},"loc":{"start":{"line":50,"column":16},"end":{"line":59,"column":null}},"line":50}},"branchMap":{"0":{"loc":{"start":{"line":48,"column":2},"end":{"line":48,"column":null}},"type":"default-arg","locations":[{"start":{"line":48,"column":12},"end":{"line":48,"column":null}}],"line":48},"1":{"loc":{"start":{"line":51,"column":15},"end":{"line":51,"column":null}},"type":"cond-expr","locations":[{"start":{"line":51,"column":25},"end":{"line":51,"column":32}},{"start":{"line":51,"column":32},"end":{"line":51,"column":null}}],"line":51}},"s":{"0":1,"1":21,"2":21},"f":{"0":21},"b":{"0":[21],"1":[1,20]},"meta":{"lastBranch":2,"lastFunction":1,"lastStatement":3,"seen":{"s:7:6:36:Infinity":0,"f:44:9:44:16":0,"b:48:12:48:Infinity":0,"s:51:15:51:Infinity":1,"b:51:25:51:32:51:32:51:Infinity":1,"s:53:2:57:Infinity":2}}}
,"/home/ubuntu/repos/morningai/packages/shared-ui/src/components/ui/card.tsx": {"path":"/home/ubuntu/repos/morningai/packages/shared-ui/src/components/ui/card.tsx","statementMap":{"0":{"start":{"line":15,"column":2},"end":{"line":23,"column":null}},"1":{"start":{"line":35,"column":2},"end":{"line":42,"column":null}},"2":{"start":{"line":54,"column":2},"end":{"line":58,"column":null}},"3":{"start":{"line":70,"column":2},"end":{"line":74,"column":null}},"4":{"start":{"line":86,"column":2},"end":{"line":93,"column":null}},"5":{"start":{"line":105,"column":2},"end":{"line":105,"column":null}},"6":{"start":{"line":116,"column":2},"end":{"line":120,"column":null}}},"fnMap":{"0":{"name":"Card","decl":{"start":{"line":10,"column":9},"end":{"line":10,"column":14}},"loc":{"start":{"line":14,"column":14},"end":{"line":25,"column":null}},"line":14},"1":{"name":"CardHeader","decl":{"start":{"line":31,"column":9},"end":{"line":31,"column":20}},"loc":{"start":{"line":34,"column":20},"end":{"line":44,"column":null}},"line":34},"2":{"name":"CardTitle","decl":{"start":{"line":50,"column":9},"end":{"line":50,"column":19}},"loc":{"start":{"line":53,"column":19},"end":{"line":60,"column":null}},"line":53},"3":{"name":"CardDescription","decl":{"start":{"line":66,"column":9},"end":{"line":66,"column":25}},"loc":{"start":{"line":69,"column":25},"end":{"line":76,"column":null}},"line":69},"4":{"name":"CardAction","decl":{"start":{"line":82,"column":9},"end":{"line":82,"column":20}},"loc":{"start":{"line":85,"column":20},"end":{"line":95,"column":null}},"line":85},"5":{"name":"CardContent","decl":{"start":{"line":101,"column":9},"end":{"line":101,"column":21}},"loc":{"start":{"line":104,"column":21},"end":{"line":106,"column":null}},"line":104},"6":{"name":"CardFooter","decl":{"start":{"line":112,"column":9},"end":{"line":112,"column":20}},"loc":{"start":{"line":115,"column":20},"end":{"line":122,"column":null}},"line":115}},"branchMap":{"0":{"loc":{"start":{"line":12,"column":2},"end":{"line":12,"column":null}},"type":"default-arg","locations":[{"start":{"line":12,"column":16},"end":{"line":12,"column":null}}],"line":12},"1":{"loc":{"start":{"line":20,"column":8},"end":{"line":20,"column":null}},"type":"binary-expr","locations":[{"start":{"line":20,"column":8},"end":{"line":20,"column":23}},{"start":{"line":20,"column":23},"end":{"line":20,"column":null}}],"line":20}},"s":{"0":16,"1":6,"2":6,"3":4,"4":3,"5":5,"6":3},"f":{"0":16,"1":6,"2":6,"3":4,"4":3,"5":5,"6":3},"b":{"0":[16],"1":[16,2]},"meta":{"lastBranch":2,"lastFunction":7,"lastStatement":7,"seen":{"f:10:9:10:14":0,"b:12:16:12:Infinity":0,"s:15:2:23:Infinity":0,"b:20:8:20:23:20:23:20:Infinity":1,"f:31:9:31:20":1,"s:35:2:42:Infinity":1,"f:50:9:50:19":2,"s:54:2:58:Infinity":2,"f:66:9:66:25":3,"s:70:2:74:Infinity":3,"f:82:9:82:20":4,"s:86:2:93:Infinity":4,"f:101:9:101:21":5,"s:105:2:105:Infinity":5,"f:112:9:112:20":6,"s:116:2:120:Infinity":6}}}
,"/home/ubuntu/repos/morningai/packages/shared-ui/src/components/ui/status-badge.tsx": {"path":"/home/ubuntu/repos/morningai/packages/shared-ui/src/components/ui/status-badge.tsx","statementMap":{"0":{"start":{"line":7,"column":6},"end":{"line":30,"column":null}},"1":{"start":{"line":49,"column":22},"end":{"line":65,"column":null}},"2":{"start":{"line":50,"column":2},"end":{"line":64,"column":null}},"3":{"start":{"line":52,"column":6},"end":{"line":52,"column":null}},"4":{"start":{"line":54,"column":6},"end":{"line":54,"column":null}},"5":{"start":{"line":56,"column":6},"end":{"line":56,"column":null}},"6":{"start":{"line":59,"column":6},"end":{"line":59,"column":null}},"7":{"start":{"line":61,"column":6},"end":{"line":61,"column":null}},"8":{"start":{"line":63,"column":6},"end":{"line":63,"column":null}},"9":{"start":{"line":75,"column":2},"end":{"line":82,"column":null}}},"fnMap":{"0":{"name":"(anonymous_0)","decl":{"start":{"line":49,"column":22},"end":{"line":49,"column":23}},"loc":{"start":{"line":49,"column":62},"end":{"line":65,"column":null}},"line":49},"1":{"name":"StatusBadge","decl":{"start":{"line":67,"column":9},"end":{"line":67,"column":21}},"loc":{"start":{"line":74,"column":21},"end":{"line":84,"column":null}},"line":74}},"branchMap":{"0":{"loc":{"start":{"line":50,"column":2},"end":{"line":64,"column":null}},"type":"switch","locations":[{"start":{"line":51,"column":4},"end":{"line":52,"column":null}},{"start":{"line":53,"column":4},"end":{"line":54,"column":null}},{"start":{"line":55,"column":4},"end":{"line":56,"column":null}},{"start":{"line":57,"column":4},"end":{"line":57,"column":null}},{"start":{"line":58,"column":4},"end":{"line":59,"column":null}},{"start":{"line":60,"column":4},"end":{"line":61,"column":null}},{"start":{"line":62,"column":4},"end":{"line":63,"column":null}}],"line":50},"1":{"loc":{"start":{"line":69,"column":2},"end":{"line":69,"column":null}},"type":"default-arg","locations":[{"start":{"line":69,"column":11},"end":{"line":69,"column":null}}],"line":69},"2":{"loc":{"start":{"line":70,"column":2},"end":{"line":70,"column":null}},"type":"default-arg","locations":[{"start":{"line":70,"column":13},"end":{"line":70,"column":null}}],"line":70},"3":{"loc":{"start":{"line":80,"column":7},"end":{"line":80,"column":null}},"type":"binary-expr","locations":[{"start":{"line":80,"column":7},"end":{"line":80,"column":20}},{"start":{"line":80,"column":20},"end":{"line":80,"column":28}},{"start":{"line":80,"column":28},"end":{"line":80,"column":null}}],"line":80}},"s":{"0":1,"1":1,"2":12,"3":5,"4":2,"5":1,"6":3,"7":1,"8":0,"9":14},"f":{"0":12,"1":14},"b":{"0":[5,2,1,2,3,1,0],"1":[14],"2":[14],"3":[14,13,12]},"meta":{"lastBranch":4,"lastFunction":2,"lastStatement":10,"seen":{"s:7:6:30:Infinity":0,"s:49:22:65:Infinity":1,"f:49:22:49:23":0,"b:51:4:52:Infinity:53:4:54:Infinity:55:4:56:Infinity:57:4:57:Infinity:58:4:59:Infinity:60:4:61:Infinity:62:4:63:Infinity":0,"s:50:2:64:Infinity":2,"s:52:6:52:Infinity":3,"s:54:6:54:Infinity":4,"s:56:6:56:Infinity":5,"s:59:6:59:Infinity":6,"s:61:6:61:Infinity":7,"s:63:6:63:Infinity":8,"f:67:9:67:21":1,"b:69:11:69:Infinity":1,"b:70:13:70:Infinity":2,"s:75:2:82:Infinity":9,"b:80:7:80:20:80:20:80:28:80:28:80:Infinity":3}}}
}
