{"total": {"lines":{"total":79,"covered":76,"skipped":0,"pct":96.2},"statements":{"total":80,"covered":77,"skipped":0,"pct":96.25},"functions":{"total":18,"covered":18,"skipped":0,"pct":100},"branches":{"total":38,"covered":32,"skipped":0,"pct":84.21},"branchesTrue":{"total":0,"covered":0,"skipped":0,"pct":100}}
,"/home/ubuntu/repos/morningai/packages/shared-ui/src/design-tokens.ts": {"lines":{"total":55,"covered":53,"skipped":0,"pct":96.36},"functions":{"total":6,"covered":6,"skipped":0,"pct":100},"statements":{"total":56,"covered":54,"skipped":0,"pct":96.42},"branches":{"total":17,"covered":12,"skipped":0,"pct":70.58}}
,"/home/ubuntu/repos/morningai/packages/shared-ui/src/tokens.json": {"lines":{"total":0,"covered":0,"skipped":0,"pct":100},"functions":{"total":0,"covered":0,"skipped":0,"pct":100},"statements":{"total":0,"covered":0,"skipped":0,"pct":100},"branches":{"total":0,"covered":0,"skipped":0,"pct":100}}
,"/home/ubuntu/repos/morningai/packages/shared-ui/src/utils.ts": {"lines":{"total":1,"covered":1,"skipped":0,"pct":100},"functions":{"total":1,"covered":1,"skipped":0,"pct":100},"statements":{"total":1,"covered":1,"skipped":0,"pct":100},"branches":{"total":0,"covered":0,"skipped":0,"pct":100}}
,"/home/ubuntu/repos/morningai/packages/shared-ui/src/components/ui/badge.tsx": {"lines":{"total":3,"covered":3,"skipped":0,"pct":100},"functions":{"total":1,"covered":1,"skipped":0,"pct":100},"statements":{"total":3,"covered":3,"skipped":0,"pct":100},"branches":{"total":3,"covered":3,"skipped":0,"pct":100}}
,"/home/ubuntu/repos/morningai/packages/shared-ui/src/components/ui/button.tsx": {"lines":{"total":3,"covered":3,"skipped":0,"pct":100},"functions":{"total":1,"covered":1,"skipped":0,"pct":100},"statements":{"total":3,"covered":3,"skipped":0,"pct":100},"branches":{"total":3,"covered":3,"skipped":0,"pct":100}}
,"/home/ubuntu/repos/morningai/packages/shared-ui/src/components/ui/card.tsx": {"lines":{"total":7,"covered":7,"skipped":0,"pct":100},"functions":{"total":7,"covered":7,"skipped":0,"pct":100},"statements":{"total":7,"covered":7,"skipped":0,"pct":100},"branches":{"total":3,"covered":3,"skipped":0,"pct":100}}
,"/home/ubuntu/repos/morningai/packages/shared-ui/src/components/ui/status-badge.tsx": {"lines":{"total":10,"covered":9,"skipped":0,"pct":90},"functions":{"total":2,"covered":2,"skipped":0,"pct":100},"statements":{"total":10,"covered":9,"skipped":0,"pct":90},"branches":{"total":12,"covered":11,"skipped":0,"pct":91.66}}
}
