TN:
SF:src/design-tokens.ts
FN:102,(anonymous_0)
FN:103,(anonymous_1)
FN:167,(anonymous_2)
FN:206,(anonymous_3)
FN:272,(anonymous_4)
FN:286,(anonymous_5)
FNF:6
FNH:6
FNDA:21,(anonymous_0)
FNDA:62,(anonymous_1)
FNDA:462,(anonymous_2)
FNDA:22,(anonymous_3)
FNDA:8,(anonymous_4)
FNDA:1184,(anonymous_5)
DA:102,1
DA:103,62
DA:104,21
DA:110,1
DA:121,1
DA:131,1
DA:136,1
DA:141,1
DA:146,1
DA:151,1
DA:156,1
DA:167,1
DA:168,462
DA:170,462
DA:171,3256
DA:173,3256
DA:174,0
DA:175,0
DA:177,3256
DA:181,462
DA:206,1
DA:207,22
DA:209,22
DA:211,22
DA:212,44
DA:215,22
DA:216,88
DA:219,22
DA:220,22
DA:222,22
DA:225,22
DA:227,22
DA:229,22
DA:230,22
DA:231,22
DA:232,22
DA:234,22
DA:235,22
DA:237,22
DA:239,22
DA:240,22
DA:243,22
DA:244,22
DA:247,22
DA:272,1
DA:275,8
DA:276,1
DA:277,7
DA:278,2
DA:279,2
DA:281,5
DA:284,8
DA:286,8
DA:287,1184
DA:290,8
LF:55
LH:53
BRDA:104,0,0,20
BRDA:104,0,1,1
BRDA:173,1,0,0
BRDA:173,1,1,3256
BRDA:173,2,0,3256
BRDA:173,2,1,0
BRDA:173,2,2,0
BRDA:239,3,0,22
BRDA:239,3,1,0
BRDA:243,4,0,22
BRDA:243,4,1,0
BRDA:275,5,0,1
BRDA:275,5,1,7
BRDA:277,6,0,2
BRDA:277,6,1,5
BRDA:279,7,0,2
BRDA:279,7,1,1
BRF:17
BRH:12
end_of_record
TN:
SF:src/tokens.json
FNF:0
FNH:0
LF:0
LH:0
BRF:0
BRH:0
end_of_record
TN:
SF:src/utils.ts
FN:4,cn
FNF:1
FNH:1
FNDA:93,cn
DA:5,93
LF:1
LH:1
BRF:0
BRH:0
end_of_record
TN:
SF:src/components/ui/badge.tsx
FN:34,Badge
FNF:1
FNH:1
FNDA:15,Badge
DA:7,1
DA:40,15
DA:42,15
LF:3
LH:3
BRDA:37,0,0,15
BRDA:40,1,0,2
BRDA:40,1,1,13
BRF:3
BRH:3
end_of_record
TN:
SF:src/components/ui/button.tsx
FN:44,Button
FNF:1
FNH:1
FNDA:21,Button
DA:7,1
DA:51,21
DA:53,21
LF:3
LH:3
BRDA:48,0,0,21
BRDA:51,1,0,1
BRDA:51,1,1,20
BRF:3
BRH:3
end_of_record
TN:
SF:src/components/ui/card.tsx
FN:10,Card
FN:31,CardHeader
FN:50,CardTitle
FN:66,CardDescription
FN:82,CardAction
FN:101,CardContent
FN:112,CardFooter
FNF:7
FNH:7
FNDA:16,Card
FNDA:6,CardHeader
FNDA:6,CardTitle
FNDA:4,CardDescription
FNDA:3,CardAction
FNDA:5,CardContent
FNDA:3,CardFooter
DA:15,16
DA:35,6
DA:54,6
DA:70,4
DA:86,3
DA:105,5
DA:116,3
LF:7
LH:7
BRDA:12,0,0,16
BRDA:20,1,0,16
BRDA:20,1,1,2
BRF:3
BRH:3
end_of_record
TN:
SF:src/components/ui/status-badge.tsx
FN:49,(anonymous_0)
FN:67,StatusBadge
FNF:2
FNH:2
FNDA:12,(anonymous_0)
FNDA:14,StatusBadge
DA:7,1
DA:49,1
DA:50,12
DA:52,5
DA:54,2
DA:56,1
DA:59,3
DA:61,1
DA:63,0
DA:75,14
LF:10
LH:9
BRDA:50,0,0,5
BRDA:50,0,1,2
BRDA:50,0,2,1
BRDA:50,0,3,2
BRDA:50,0,4,3
BRDA:50,0,5,1
BRDA:50,0,6,0
BRDA:69,1,0,14
BRDA:70,2,0,14
BRDA:80,3,0,14
BRDA:80,3,1,13
BRDA:80,3,2,12
BRF:12
BRH:11
end_of_record
