{"meta": {"format": 3, "version": "7.11.0", "timestamp": "2025-10-19T13:29:27.350498", "branch_coverage": false, "show_contexts": false}, "files": {"src/__init__.py": {"executed_lines": [0], "summary": {"covered_lines": 0, "num_statements": 0, "percent_covered": 100.0, "percent_covered_display": "100", "missing_lines": 0, "excluded_lines": 0}, "missing_lines": [], "excluded_lines": [], "functions": {"": {"executed_lines": [], "summary": {"covered_lines": 0, "num_statements": 0, "percent_covered": 100.0, "percent_covered_display": "100", "missing_lines": 0, "excluded_lines": 0}, "missing_lines": [], "excluded_lines": []}}, "classes": {"": {"executed_lines": [], "summary": {"covered_lines": 0, "num_statements": 0, "percent_covered": 100.0, "percent_covered_display": "100", "missing_lines": 0, "excluded_lines": 0}, "missing_lines": [], "excluded_lines": []}}}, "src/adapters/__init__.py": {"executed_lines": [], "summary": {"covered_lines": 0, "num_statements": 0, "percent_covered": 100.0, "percent_covered_display": "100", "missing_lines": 0, "excluded_lines": 0}, "missing_lines": [], "excluded_lines": [], "functions": {"": {"executed_lines": [], "summary": {"covered_lines": 0, "num_statements": 0, "percent_covered": 100.0, "percent_covered_display": "100", "missing_lines": 0, "excluded_lines": 0}, "missing_lines": [], "excluded_lines": []}}, "classes": {"": {"executed_lines": [], "summary": {"covered_lines": 0, "num_statements": 0, "percent_covered": 100.0, "percent_covered_display": "100", "missing_lines": 0, "excluded_lines": 0}, "missing_lines": [], "excluded_lines": []}}}, "src/main.py": {"executed_lines": [1, 2, 3, 4, 6, 7, 8, 10, 11, 12, 13, 14, 15, 16, 17, 18, 19, 21, 25, 27, 28, 30, 32, 33, 34, 35, 37, 38, 40, 42, 43, 44, 45, 47, 55, 60, 62, 63, 64, 65, 66, 67, 69, 70, 71, 72, 73, 74, 75, 80, 81, 83, 84, 86, 87, 92, 93, 95, 96, 97, 98, 99, 100, 102, 103, 104, 108, 109, 111, 112, 114, 116, 119, 126, 128, 129, 130, 131, 132, 136, 160, 161, 162, 163, 164, 166, 167, 169, 171, 172, 175, 176, 177, 178, 179, 181, 182, 183, 184, 185, 186, 188, 189, 191, 192, 193, 195, 198, 199, 201, 202, 203, 205, 223, 228, 229, 231, 232, 233, 235, 236, 255, 256, 258, 259, 260, 262, 263, 265, 284, 285, 287, 288, 289, 291, 292, 297, 298, 300, 301, 302, 304, 305, 310, 311, 313, 314, 315, 317, 318, 323, 324, 326, 327, 328, 330, 331, 333, 338, 339, 341, 342, 343, 344, 346, 353, 358, 359, 361, 362, 365, 370, 375, 376, 378, 379, 381, 382, 384, 398, 399, 401, 402, 404, 405, 406, 407, 408, 419, 421, 422, 423, 424, 426, 427, 432, 433, 435, 447, 449, 450, 452, 453, 454, 456, 457, 459, 471, 481, 486, 487, 489, 490, 493, 494, 495, 496, 498, 500, 504, 509, 511, 512, 514, 515, 517, 543, 545, 546, 548, 549, 551, 552, 557, 558, 559, 560, 567, 576, 583, 584, 589, 590, 592, 593, 594, 595, 596, 597, 598, 599, 600, 601, 602, 604, 605, 607, 608, 609, 610, 611, 612, 613, 614, 615, 619, 620, 622, 623, 624, 625, 626, 627, 628, 629, 630, 631, 632, 634, 635, 637, 638, 639, 640, 641, 642, 643, 644, 645, 649, 650, 652, 653, 654, 655, 656, 657, 658, 659, 660, 664, 665, 667, 668, 679, 680, 682, 683, 694, 695, 697, 698, 709, 710, 712, 713, 724, 725, 727, 728, 739, 740, 742, 743, 754, 755, 757, 758, 769, 770, 771, 772, 786, 787, 788, 802, 803, 804, 819, 820, 821, 835, 836, 837, 838, 852, 853, 854, 868, 869, 871, 894, 896, 897, 899, 900, 919, 920, 921, 922, 940, 941, 942, 944], "summary": {"covered_lines": 364, "num_statements": 556, "percent_covered": 65.46762589928058, "percent_covered_display": "65", "missing_lines": 192, "excluded_lines": 0}, "missing_lines": [56, 57, 58, 76, 77, 78, 105, 106, 117, 133, 134, 150, 151, 168, 225, 226, 252, 253, 281, 282, 294, 295, 307, 308, 320, 321, 335, 336, 355, 356, 363, 366, 367, 368, 372, 373, 395, 396, 429, 430, 483, 484, 491, 501, 502, 505, 506, 554, 555, 585, 586, 587, 616, 617, 646, 647, 661, 662, 669, 670, 671, 672, 673, 674, 675, 676, 677, 684, 685, 686, 687, 688, 689, 690, 691, 692, 699, 700, 701, 702, 703, 704, 705, 706, 707, 714, 715, 716, 717, 718, 719, 720, 721, 722, 729, 730, 731, 732, 733, 734, 735, 736, 737, 744, 745, 746, 747, 748, 749, 750, 751, 752, 759, 760, 761, 762, 763, 764, 765, 766, 767, 774, 775, 776, 777, 778, 779, 780, 781, 782, 783, 784, 790, 791, 792, 793, 794, 795, 796, 797, 798, 799, 800, 806, 807, 808, 809, 810, 811, 812, 813, 814, 815, 816, 817, 823, 824, 825, 826, 827, 828, 829, 830, 831, 832, 833, 840, 841, 842, 843, 844, 845, 846, 847, 848, 849, 850, 856, 857, 858, 860, 861, 862, 863, 864, 865, 866, 916, 917, 945, 946, 947], "excluded_lines": [], "functions": {"before_send": {"executed_lines": [32, 33, 34, 35, 37, 38, 40], "summary": {"covered_lines": 7, "num_statements": 7, "percent_covered": 100.0, "percent_covered_display": "100", "missing_lines": 0, "excluded_lines": 0}, "missing_lines": [], "excluded_lines": []}, "handle_exception": {"executed_lines": [111, 112, 114, 116, 119], "summary": {"covered_lines": 5, "num_statements": 6, "percent_covered": 83.33333333333333, "percent_covered_display": "83", "missing_lines": 1, "excluded_lines": 0}, "missing_lines": [117], "excluded_lines": []}, "get_health_payload": {"executed_lines": [128, 129, 130, 131, 132, 136], "summary": {"covered_lines": 6, "num_statements": 10, "percent_covered": 60.0, "percent_covered_display": "60", "missing_lines": 4, "excluded_lines": 0}, "missing_lines": [133, 134, 150, 151], "excluded_lines": []}, "health_check": {"executed_lines": [166, 167, 169], "summary": {"covered_lines": 3, "num_statements": 4, "percent_covered": 75.0, "percent_covered_display": "75", "missing_lines": 1, "excluded_lines": 0}, "missing_lines": [168], "excluded_lines": []}, "serve": {"executed_lines": [184, 185, 186, 188, 189, 191, 192, 193, 195], "summary": {"covered_lines": 9, "num_statements": 9, "percent_covered": 100.0, "percent_covered_display": "100", "missing_lines": 0, "excluded_lines": 0}, "missing_lines": [], "excluded_lines": []}, "phase7_status": {"executed_lines": [201, 202, 203, 205, 223], "summary": {"covered_lines": 5, "num_statements": 7, "percent_covered": 71.42857142857143, "percent_covered_display": "71", "missing_lines": 2, "excluded_lines": 0}, "missing_lines": [225, 226], "excluded_lines": []}, "get_pending_approvals": {"executed_lines": [231, 232, 233, 235, 236], "summary": {"covered_lines": 5, "num_statements": 7, "percent_covered": 71.42857142857143, "percent_covered_display": "71", "missing_lines": 2, "excluded_lines": 0}, "missing_lines": [252, 253], "excluded_lines": []}, "get_approval_history": {"executed_lines": [258, 259, 260, 262, 263, 265], "summary": {"covered_lines": 6, "num_statements": 8, "percent_covered": 75.0, "percent_covered_display": "75", "missing_lines": 2, "excluded_lines": 0}, "missing_lines": [281, 282], "excluded_lines": []}, "get_beta_candidates": {"executed_lines": [287, 288, 289, 291, 292], "summary": {"covered_lines": 5, "num_statements": 7, "percent_covered": 71.42857142857143, "percent_covered_display": "71", "missing_lines": 2, "excluded_lines": 0}, "missing_lines": [294, 295], "excluded_lines": []}, "get_growth_metrics": {"executed_lines": [300, 301, 302, 304, 305], "summary": {"covered_lines": 5, "num_statements": 7, "percent_covered": 71.42857142857143, "percent_covered_display": "71", "missing_lines": 2, "excluded_lines": 0}, "missing_lines": [307, 308], "excluded_lines": []}, "get_ops_metrics": {"executed_lines": [313, 314, 315, 317, 318], "summary": {"covered_lines": 5, "num_statements": 7, "percent_covered": 71.42857142857143, "percent_covered_display": "71", "missing_lines": 2, "excluded_lines": 0}, "missing_lines": [320, 321], "excluded_lines": []}, "get_monitoring_dashboard": {"executed_lines": [326, 327, 328, 330, 331, 333], "summary": {"covered_lines": 6, "num_statements": 8, "percent_covered": 75.0, "percent_covered_display": "75", "missing_lines": 2, "excluded_lines": 0}, "missing_lines": [335, 336], "excluded_lines": []}, "get_resilience_metrics": {"executed_lines": [341, 342, 343, 344, 346, 353], "summary": {"covered_lines": 6, "num_statements": 8, "percent_covered": 75.0, "percent_covered_display": "75", "missing_lines": 2, "excluded_lines": 0}, "missing_lines": [355, 356], "excluded_lines": []}, "get_monitoring_alerts": {"executed_lines": [361, 362, 365, 370], "summary": {"covered_lines": 4, "num_statements": 10, "percent_covered": 40.0, "percent_covered_display": "40", "missing_lines": 6, "excluded_lines": 0}, "missing_lines": [363, 366, 367, 368, 372, 373], "excluded_lines": []}, "validate_environment": {"executed_lines": [378, 379, 381, 382, 384], "summary": {"covered_lines": 5, "num_statements": 7, "percent_covered": 71.42857142857143, "percent_covered_display": "71", "missing_lines": 2, "excluded_lines": 0}, "missing_lines": [395, 396], "excluded_lines": []}, "manage_dashboard_layouts": {"executed_lines": [401, 402, 404, 405, 406, 407, 408, 419, 421, 422, 423, 424, 426, 427], "summary": {"covered_lines": 14, "num_statements": 16, "percent_covered": 87.5, "percent_covered_display": "88", "missing_lines": 2, "excluded_lines": 0}, "missing_lines": [429, 430], "excluded_lines": []}, "get_available_widgets": {"executed_lines": [435, 447], "summary": {"covered_lines": 2, "num_statements": 2, "percent_covered": 100.0, "percent_covered_display": "100", "missing_lines": 0, "excluded_lines": 0}, "missing_lines": [], "excluded_lines": []}, "get_dashboard_data": {"executed_lines": [452, 453, 454, 456, 457, 459, 471, 481], "summary": {"covered_lines": 8, "num_statements": 10, "percent_covered": 80.0, "percent_covered_display": "80", "missing_lines": 2, "excluded_lines": 0}, "missing_lines": [483, 484], "excluded_lines": []}, "generate_report": {"executed_lines": [489, 490, 493, 494, 495, 496, 498, 500, 504, 509, 511, 512], "summary": {"covered_lines": 12, "num_statements": 17, "percent_covered": 70.58823529411765, "percent_covered_display": "71", "missing_lines": 5, "excluded_lines": 0}, "missing_lines": [491, 501, 502, 505, 506], "excluded_lines": []}, "get_report_templates": {"executed_lines": [517, 543], "summary": {"covered_lines": 2, "num_statements": 2, "percent_covered": 100.0, "percent_covered_display": "100", "missing_lines": 0, "excluded_lines": 0}, "missing_lines": [], "excluded_lines": []}, "get_report_history": {"executed_lines": [548, 549, 551, 552], "summary": {"covered_lines": 4, "num_statements": 6, "percent_covered": 66.66666666666667, "percent_covered_display": "67", "missing_lines": 2, "excluded_lines": 0}, "missing_lines": [554, 555], "excluded_lines": []}, "meta_agent_ooda_cycle": {"executed_lines": [592, 593, 594, 595, 596, 597, 598, 599, 600, 601, 602], "summary": {"covered_lines": 11, "num_statements": 11, "percent_covered": 100.0, "percent_covered_display": "100", "missing_lines": 0, "excluded_lines": 0}, "missing_lines": [], "excluded_lines": []}, "create_langgraph_workflow": {"executed_lines": [607, 608, 609, 610, 611, 612, 613, 614, 615], "summary": {"covered_lines": 9, "num_statements": 11, "percent_covered": 81.81818181818181, "percent_covered_display": "82", "missing_lines": 2, "excluded_lines": 0}, "missing_lines": [616, 617], "excluded_lines": []}, "execute_workflow": {"executed_lines": [622, 623, 624, 625, 626, 627, 628, 629, 630, 631, 632], "summary": {"covered_lines": 11, "num_statements": 11, "percent_covered": 100.0, "percent_covered_display": "100", "missing_lines": 0, "excluded_lines": 0}, "missing_lines": [], "excluded_lines": []}, "governance_status": {"executed_lines": [637, 638, 639, 640, 641, 642, 643, 644, 645], "summary": {"covered_lines": 9, "num_statements": 11, "percent_covered": 81.81818181818181, "percent_covered_display": "82", "missing_lines": 2, "excluded_lines": 0}, "missing_lines": [646, 647], "excluded_lines": []}, "create_governance_policy": {"executed_lines": [652, 653, 654, 655, 656, 657, 658, 659, 660], "summary": {"covered_lines": 9, "num_statements": 11, "percent_covered": 81.81818181818181, "percent_covered_display": "82", "missing_lines": 2, "excluded_lines": 0}, "missing_lines": [661, 662], "excluded_lines": []}, "create_quicksight_dashboard": {"executed_lines": [667, 668], "summary": {"covered_lines": 2, "num_statements": 11, "percent_covered": 18.181818181818183, "percent_covered_display": "18", "missing_lines": 9, "excluded_lines": 0}, "missing_lines": [669, 670, 671, 672, 673, 674, 675, 676, 677], "excluded_lines": []}, "get_dashboard_insights": {"executed_lines": [682, 683], "summary": {"covered_lines": 2, "num_statements": 11, "percent_covered": 18.181818181818183, "percent_covered_display": "18", "missing_lines": 9, "excluded_lines": 0}, "missing_lines": [684, 685, 686, 687, 688, 689, 690, 691, 692], "excluded_lines": []}, "generate_automated_report": {"executed_lines": [697, 698], "summary": {"covered_lines": 2, "num_statements": 11, "percent_covered": 18.181818181818183, "percent_covered_display": "18", "missing_lines": 9, "excluded_lines": 0}, "missing_lines": [699, 700, 701, 702, 703, 704, 705, 706, 707], "excluded_lines": []}, "create_referral_program": {"executed_lines": [712, 713], "summary": {"covered_lines": 2, "num_statements": 11, "percent_covered": 18.181818181818183, "percent_covered_display": "18", "missing_lines": 9, "excluded_lines": 0}, "missing_lines": [714, 715, 716, 717, 718, 719, 720, 721, 722], "excluded_lines": []}, "get_referral_analytics": {"executed_lines": [727, 728], "summary": {"covered_lines": 2, "num_statements": 11, "percent_covered": 18.181818181818183, "percent_covered_display": "18", "missing_lines": 9, "excluded_lines": 0}, "missing_lines": [729, 730, 731, 732, 733, 734, 735, 736, 737], "excluded_lines": []}, "generate_marketing_content": {"executed_lines": [742, 743], "summary": {"covered_lines": 2, "num_statements": 11, "percent_covered": 18.181818181818183, "percent_covered_display": "18", "missing_lines": 9, "excluded_lines": 0}, "missing_lines": [744, 745, 746, 747, 748, 749, 750, 751, 752], "excluded_lines": []}, "get_business_intelligence": {"executed_lines": [757, 758], "summary": {"covered_lines": 2, "num_statements": 11, "percent_covered": 18.181818181818183, "percent_covered_display": "18", "missing_lines": 9, "excluded_lines": 0}, "missing_lines": [759, 760, 761, 762, 763, 764, 765, 766, 767], "excluded_lines": []}, "evaluate_access_request": {"executed_lines": [], "summary": {"covered_lines": 0, "num_statements": 11, "percent_covered": 0.0, "percent_covered_display": "0", "missing_lines": 11, "excluded_lines": 0}, "missing_lines": [774, 775, 776, 777, 778, 779, 780, 781, 782, 783, 784], "excluded_lines": []}, "review_security_event": {"executed_lines": [], "summary": {"covered_lines": 0, "num_statements": 11, "percent_covered": 0.0, "percent_covered_display": "0", "missing_lines": 11, "excluded_lines": 0}, "missing_lines": [790, 791, 792, 793, 794, 795, 796, 797, 798, 799, 800], "excluded_lines": []}, "submit_hitl_review": {"executed_lines": [], "summary": {"covered_lines": 0, "num_statements": 12, "percent_covered": 0.0, "percent_covered_display": "0", "missing_lines": 12, "excluded_lines": 0}, "missing_lines": [806, 807, 808, 809, 810, 811, 812, 813, 814, 815, 816, 817], "excluded_lines": []}, "get_pending_reviews": {"executed_lines": [], "summary": {"covered_lines": 0, "num_statements": 11, "percent_covered": 0.0, "percent_covered_display": "0", "missing_lines": 11, "excluded_lines": 0}, "missing_lines": [823, 824, 825, 826, 827, 828, 829, 830, 831, 832, 833], "excluded_lines": []}, "perform_security_audit": {"executed_lines": [], "summary": {"covered_lines": 0, "num_statements": 11, "percent_covered": 0.0, "percent_covered_display": "0", "missing_lines": 11, "excluded_lines": 0}, "missing_lines": [840, 841, 842, 843, 844, 845, 846, 847, 848, 849, 850], "excluded_lines": []}, "get_pending_security_reviews": {"executed_lines": [], "summary": {"covered_lines": 0, "num_statements": 10, "percent_covered": 0.0, "percent_covered_display": "0", "missing_lines": 10, "excluded_lines": 0}, "missing_lines": [856, 857, 858, 860, 861, 862, 863, 864, 865, 866], "excluded_lines": []}, "get_dashboard_widgets": {"executed_lines": [871, 894], "summary": {"covered_lines": 2, "num_statements": 2, "percent_covered": 100.0, "percent_covered_display": "100", "missing_lines": 0, "excluded_lines": 0}, "missing_lines": [], "excluded_lines": []}, "get_phase7_resilience_metrics": {"executed_lines": [899, 900], "summary": {"covered_lines": 2, "num_statements": 4, "percent_covered": 50.0, "percent_covered_display": "50", "missing_lines": 2, "excluded_lines": 0}, "missing_lines": [916, 917], "excluded_lines": []}, "settings": {"executed_lines": [921, 922, 940, 941, 942], "summary": {"covered_lines": 5, "num_statements": 5, "percent_covered": 100.0, "percent_covered_display": "100", "missing_lines": 0, "excluded_lines": 0}, "missing_lines": [], "excluded_lines": []}, "": {"executed_lines": [1, 2, 3, 4, 6, 7, 8, 10, 11, 12, 13, 14, 15, 16, 17, 18, 19, 21, 25, 27, 28, 30, 42, 43, 44, 45, 47, 55, 60, 62, 63, 64, 65, 66, 67, 69, 70, 71, 72, 73, 74, 75, 80, 81, 83, 84, 86, 87, 92, 93, 95, 96, 97, 98, 99, 100, 102, 103, 104, 108, 109, 126, 160, 161, 162, 163, 164, 171, 172, 175, 176, 177, 178, 179, 181, 182, 183, 198, 199, 228, 229, 255, 256, 284, 285, 297, 298, 310, 311, 323, 324, 338, 339, 358, 359, 375, 376, 398, 399, 432, 433, 449, 450, 486, 487, 514, 515, 545, 546, 557, 558, 559, 560, 567, 576, 583, 584, 589, 590, 604, 605, 619, 620, 634, 635, 649, 650, 664, 665, 679, 680, 694, 695, 709, 710, 724, 725, 739, 740, 754, 755, 769, 770, 771, 772, 786, 787, 788, 802, 803, 804, 819, 820, 821, 835, 836, 837, 838, 852, 853, 854, 868, 869, 896, 897, 919, 920, 944], "summary": {"covered_lines": 168, "num_statements": 182, "percent_covered": 92.3076923076923, "percent_covered_display": "92", "missing_lines": 14, "excluded_lines": 0}, "missing_lines": [56, 57, 58, 76, 77, 78, 105, 106, 585, 586, 587, 945, 946, 947], "excluded_lines": []}}, "classes": {"": {"executed_lines": [1, 2, 3, 4, 6, 7, 8, 10, 11, 12, 13, 14, 15, 16, 17, 18, 19, 21, 25, 27, 28, 30, 32, 33, 34, 35, 37, 38, 40, 42, 43, 44, 45, 47, 55, 60, 62, 63, 64, 65, 66, 67, 69, 70, 71, 72, 73, 74, 75, 80, 81, 83, 84, 86, 87, 92, 93, 95, 96, 97, 98, 99, 100, 102, 103, 104, 108, 109, 111, 112, 114, 116, 119, 126, 128, 129, 130, 131, 132, 136, 160, 161, 162, 163, 164, 166, 167, 169, 171, 172, 175, 176, 177, 178, 179, 181, 182, 183, 184, 185, 186, 188, 189, 191, 192, 193, 195, 198, 199, 201, 202, 203, 205, 223, 228, 229, 231, 232, 233, 235, 236, 255, 256, 258, 259, 260, 262, 263, 265, 284, 285, 287, 288, 289, 291, 292, 297, 298, 300, 301, 302, 304, 305, 310, 311, 313, 314, 315, 317, 318, 323, 324, 326, 327, 328, 330, 331, 333, 338, 339, 341, 342, 343, 344, 346, 353, 358, 359, 361, 362, 365, 370, 375, 376, 378, 379, 381, 382, 384, 398, 399, 401, 402, 404, 405, 406, 407, 408, 419, 421, 422, 423, 424, 426, 427, 432, 433, 435, 447, 449, 450, 452, 453, 454, 456, 457, 459, 471, 481, 486, 487, 489, 490, 493, 494, 495, 496, 498, 500, 504, 509, 511, 512, 514, 515, 517, 543, 545, 546, 548, 549, 551, 552, 557, 558, 559, 560, 567, 576, 583, 584, 589, 590, 592, 593, 594, 595, 596, 597, 598, 599, 600, 601, 602, 604, 605, 607, 608, 609, 610, 611, 612, 613, 614, 615, 619, 620, 622, 623, 624, 625, 626, 627, 628, 629, 630, 631, 632, 634, 635, 637, 638, 639, 640, 641, 642, 643, 644, 645, 649, 650, 652, 653, 654, 655, 656, 657, 658, 659, 660, 664, 665, 667, 668, 679, 680, 682, 683, 694, 695, 697, 698, 709, 710, 712, 713, 724, 725, 727, 728, 739, 740, 742, 743, 754, 755, 757, 758, 769, 770, 771, 772, 786, 787, 788, 802, 803, 804, 819, 820, 821, 835, 836, 837, 838, 852, 853, 854, 868, 869, 871, 894, 896, 897, 899, 900, 919, 920, 921, 922, 940, 941, 942, 944], "summary": {"covered_lines": 364, "num_statements": 556, "percent_covered": 65.46762589928058, "percent_covered_display": "65", "missing_lines": 192, "excluded_lines": 0}, "missing_lines": [56, 57, 58, 76, 77, 78, 105, 106, 117, 133, 134, 150, 151, 168, 225, 226, 252, 253, 281, 282, 294, 295, 307, 308, 320, 321, 335, 336, 355, 356, 363, 366, 367, 368, 372, 373, 395, 396, 429, 430, 483, 484, 491, 501, 502, 505, 506, 554, 555, 585, 586, 587, 616, 617, 646, 647, 661, 662, 669, 670, 671, 672, 673, 674, 675, 676, 677, 684, 685, 686, 687, 688, 689, 690, 691, 692, 699, 700, 701, 702, 703, 704, 705, 706, 707, 714, 715, 716, 717, 718, 719, 720, 721, 722, 729, 730, 731, 732, 733, 734, 735, 736, 737, 744, 745, 746, 747, 748, 749, 750, 751, 752, 759, 760, 761, 762, 763, 764, 765, 766, 767, 774, 775, 776, 777, 778, 779, 780, 781, 782, 783, 784, 790, 791, 792, 793, 794, 795, 796, 797, 798, 799, 800, 806, 807, 808, 809, 810, 811, 812, 813, 814, 815, 816, 817, 823, 824, 825, 826, 827, 828, 829, 830, 831, 832, 833, 840, 841, 842, 843, 844, 845, 846, 847, 848, 849, 850, 856, 857, 858, 860, 861, 862, 863, 864, 865, 866, 916, 917, 945, 946, 947], "excluded_lines": []}}}, "src/middleware/__init__.py": {"executed_lines": [1, 3], "summary": {"covered_lines": 2, "num_statements": 2, "percent_covered": 100.0, "percent_covered_display": "100", "missing_lines": 0, "excluded_lines": 0}, "missing_lines": [], "excluded_lines": [], "functions": {"": {"executed_lines": [1, 3], "summary": {"covered_lines": 2, "num_statements": 2, "percent_covered": 100.0, "percent_covered_display": "100", "missing_lines": 0, "excluded_lines": 0}, "missing_lines": [], "excluded_lines": []}}, "classes": {"": {"executed_lines": [1, 3], "summary": {"covered_lines": 2, "num_statements": 2, "percent_covered": 100.0, "percent_covered_display": "100", "missing_lines": 0, "excluded_lines": 0}, "missing_lines": [], "excluded_lines": []}}}, "src/middleware/auth_middleware.py": {"executed_lines": [1, 2, 3, 4, 6, 8, 9, 10, 12, 13, 18, 19, 26, 27, 28, 30, 32, 38, 40, 42, 43, 47, 48, 58, 60, 62, 63, 115, 117, 119, 120, 172, 174, 190, 202, 203, 205, 207, 209, 211, 212, 214, 222, 224, 226, 231, 233, 235, 240, 242, 244, 249, 251, 253, 254, 255, 256, 258, 264, 265, 272, 273, 274, 276, 277, 279, 280, 285, 291, 309, 310], "summary": {"covered_lines": 71, "num_statements": 126, "percent_covered": 56.34920634920635, "percent_covered_display": "56", "missing_lines": 55, "excluded_lines": 0}, "missing_lines": [20, 21, 52, 53, 64, 66, 67, 72, 73, 74, 75, 80, 81, 82, 84, 85, 86, 91, 97, 99, 100, 104, 105, 109, 110, 121, 123, 124, 129, 130, 131, 132, 137, 138, 139, 141, 142, 143, 148, 154, 156, 157, 161, 162, 166, 167, 259, 266, 267, 293, 294, 298, 299, 303, 304], "excluded_lines": [], "functions": {"jwt_required": {"executed_lines": [8, 9, 58], "summary": {"covered_lines": 3, "num_statements": 3, "percent_covered": 100.0, "percent_covered_display": "100", "missing_lines": 0, "excluded_lines": 0}, "missing_lines": [], "excluded_lines": []}, "jwt_required.decorated_function": {"executed_lines": [10, 12, 13, 18, 19, 26, 27, 28, 30, 32, 38, 40, 42, 43, 47, 48], "summary": {"covered_lines": 16, "num_statements": 20, "percent_covered": 80.0, "percent_covered_display": "80", "missing_lines": 4, "excluded_lines": 0}, "missing_lines": [20, 21, 52, 53], "excluded_lines": []}, "admin_required": {"executed_lines": [62, 63, 115], "summary": {"covered_lines": 3, "num_statements": 3, "percent_covered": 100.0, "percent_covered_display": "100", "missing_lines": 0, "excluded_lines": 0}, "missing_lines": [], "excluded_lines": []}, "admin_required.decorated_function": {"executed_lines": [], "summary": {"covered_lines": 0, "num_statements": 21, "percent_covered": 0.0, "percent_covered_display": "0", "missing_lines": 21, "excluded_lines": 0}, "missing_lines": [64, 66, 67, 72, 73, 74, 75, 80, 81, 82, 84, 85, 86, 91, 97, 99, 100, 104, 105, 109, 110], "excluded_lines": []}, "analyst_required": {"executed_lines": [119, 120, 172], "summary": {"covered_lines": 3, "num_statements": 3, "percent_covered": 100.0, "percent_covered_display": "100", "missing_lines": 0, "excluded_lines": 0}, "missing_lines": [], "excluded_lines": []}, "analyst_required.decorated_function": {"executed_lines": [], "summary": {"covered_lines": 0, "num_statements": 21, "percent_covered": 0.0, "percent_covered_display": "0", "missing_lines": 21, "excluded_lines": 0}, "missing_lines": [121, 123, 124, 129, 130, 131, 132, 137, 138, 139, 141, 142, 143, 148, 154, 156, 157, 161, 162, 166, 167], "excluded_lines": []}, "normalize_role": {"executed_lines": [190, 202, 203], "summary": {"covered_lines": 3, "num_statements": 3, "percent_covered": 100.0, "percent_covered_display": "100", "missing_lines": 0, "excluded_lines": 0}, "missing_lines": [], "excluded_lines": []}, "generate_jwt_token": {"executed_lines": [207, 209, 211, 212, 214, 222], "summary": {"covered_lines": 6, "num_statements": 6, "percent_covered": 100.0, "percent_covered_display": "100", "missing_lines": 0, "excluded_lines": 0}, "missing_lines": [], "excluded_lines": []}, "create_admin_token": {"executed_lines": [226, 231], "summary": {"covered_lines": 2, "num_statements": 2, "percent_covered": 100.0, "percent_covered_display": "100", "missing_lines": 0, "excluded_lines": 0}, "missing_lines": [], "excluded_lines": []}, "create_analyst_token": {"executed_lines": [235, 240], "summary": {"covered_lines": 2, "num_statements": 2, "percent_covered": 100.0, "percent_covered_display": "100", "missing_lines": 0, "excluded_lines": 0}, "missing_lines": [], "excluded_lines": []}, "create_user_token": {"executed_lines": [244, 249], "summary": {"covered_lines": 2, "num_statements": 2, "percent_covered": 100.0, "percent_covered_display": "100", "missing_lines": 0, "excluded_lines": 0}, "missing_lines": [], "excluded_lines": []}, "roles_required": {"executed_lines": [253, 254, 310], "summary": {"covered_lines": 3, "num_statements": 3, "percent_covered": 100.0, "percent_covered_display": "100", "missing_lines": 0, "excluded_lines": 0}, "missing_lines": [], "excluded_lines": []}, "roles_required.decorator": {"executed_lines": [255, 309], "summary": {"covered_lines": 2, "num_statements": 2, "percent_covered": 100.0, "percent_covered_display": "100", "missing_lines": 0, "excluded_lines": 0}, "missing_lines": [], "excluded_lines": []}, "roles_required.decorator.decorated_function": {"executed_lines": [256, 258, 264, 265, 272, 273, 274, 276, 277, 279, 280, 285, 291], "summary": {"covered_lines": 13, "num_statements": 22, "percent_covered": 59.09090909090909, "percent_covered_display": "59", "missing_lines": 9, "excluded_lines": 0}, "missing_lines": [259, 266, 267, 293, 294, 298, 299, 303, 304], "excluded_lines": []}, "": {"executed_lines": [1, 2, 3, 4, 6, 60, 117, 174, 205, 224, 233, 242, 251], "summary": {"covered_lines": 13, "num_statements": 13, "percent_covered": 100.0, "percent_covered_display": "100", "missing_lines": 0, "excluded_lines": 0}, "missing_lines": [], "excluded_lines": []}}, "classes": {"": {"executed_lines": [1, 2, 3, 4, 6, 8, 9, 10, 12, 13, 18, 19, 26, 27, 28, 30, 32, 38, 40, 42, 43, 47, 48, 58, 60, 62, 63, 115, 117, 119, 120, 172, 174, 190, 202, 203, 205, 207, 209, 211, 212, 214, 222, 224, 226, 231, 233, 235, 240, 242, 244, 249, 251, 253, 254, 255, 256, 258, 264, 265, 272, 273, 274, 276, 277, 279, 280, 285, 291, 309, 310], "summary": {"covered_lines": 71, "num_statements": 126, "percent_covered": 56.34920634920635, "percent_covered_display": "56", "missing_lines": 55, "excluded_lines": 0}, "missing_lines": [20, 21, 52, 53, 64, 66, 67, 72, 73, 74, 75, 80, 81, 82, 84, 85, 86, 91, 97, 99, 100, 104, 105, 109, 110, 121, 123, 124, 129, 130, 131, 132, 137, 138, 139, 141, 142, 143, 148, 154, 156, 157, 161, 162, 166, 167, 259, 266, 267, 293, 294, 298, 299, 303, 304], "excluded_lines": []}}}, "src/models/__init__.py": {"executed_lines": [0], "summary": {"covered_lines": 0, "num_statements": 0, "percent_covered": 100.0, "percent_covered_display": "100", "missing_lines": 0, "excluded_lines": 0}, "missing_lines": [], "excluded_lines": [], "functions": {"": {"executed_lines": [], "summary": {"covered_lines": 0, "num_statements": 0, "percent_covered": 100.0, "percent_covered_display": "100", "missing_lines": 0, "excluded_lines": 0}, "missing_lines": [], "excluded_lines": []}}, "classes": {"": {"executed_lines": [], "summary": {"covered_lines": 0, "num_statements": 0, "percent_covered": 100.0, "percent_covered_display": "100", "missing_lines": 0, "excluded_lines": 0}, "missing_lines": [], "excluded_lines": []}}}, "src/models/user.py": {"executed_lines": [1, 3, 5, 6, 7, 8, 10, 13], "summary": {"covered_lines": 8, "num_statements": 10, "percent_covered": 80.0, "percent_covered_display": "80", "missing_lines": 2, "excluded_lines": 0}, "missing_lines": [11, 14], "excluded_lines": [], "functions": {"User.__repr__": {"executed_lines": [], "summary": {"covered_lines": 0, "num_statements": 1, "percent_covered": 0.0, "percent_covered_display": "0", "missing_lines": 1, "excluded_lines": 0}, "missing_lines": [11], "excluded_lines": []}, "User.to_dict": {"executed_lines": [], "summary": {"covered_lines": 0, "num_statements": 1, "percent_covered": 0.0, "percent_covered_display": "0", "missing_lines": 1, "excluded_lines": 0}, "missing_lines": [14], "excluded_lines": []}, "": {"executed_lines": [1, 3, 5, 6, 7, 8, 10, 13], "summary": {"covered_lines": 8, "num_statements": 8, "percent_covered": 100.0, "percent_covered_display": "100", "missing_lines": 0, "excluded_lines": 0}, "missing_lines": [], "excluded_lines": []}}, "classes": {"User": {"executed_lines": [], "summary": {"covered_lines": 0, "num_statements": 2, "percent_covered": 0.0, "percent_covered_display": "0", "missing_lines": 2, "excluded_lines": 0}, "missing_lines": [11, 14], "excluded_lines": []}, "": {"executed_lines": [1, 3, 5, 6, 7, 8, 10, 13], "summary": {"covered_lines": 8, "num_statements": 8, "percent_covered": 100.0, "percent_covered_display": "100", "missing_lines": 0, "excluded_lines": 0}, "missing_lines": [], "excluded_lines": []}}}, "src/orchestration/__init__.py": {"executed_lines": [], "summary": {"covered_lines": 0, "num_statements": 0, "percent_covered": 100.0, "percent_covered_display": "100", "missing_lines": 0, "excluded_lines": 0}, "missing_lines": [], "excluded_lines": [], "functions": {"": {"executed_lines": [], "summary": {"covered_lines": 0, "num_statements": 0, "percent_covered": 100.0, "percent_covered_display": "100", "missing_lines": 0, "excluded_lines": 0}, "missing_lines": [], "excluded_lines": []}}, "classes": {"": {"executed_lines": [], "summary": {"covered_lines": 0, "num_statements": 0, "percent_covered": 100.0, "percent_covered_display": "100", "missing_lines": 0, "excluded_lines": 0}, "missing_lines": [], "excluded_lines": []}}}, "src/persistence/__init__.py": {"executed_lines": [0], "summary": {"covered_lines": 0, "num_statements": 0, "percent_covered": 100.0, "percent_covered_display": "100", "missing_lines": 0, "excluded_lines": 0}, "missing_lines": [], "excluded_lines": [], "functions": {"": {"executed_lines": [], "summary": {"covered_lines": 0, "num_statements": 0, "percent_covered": 100.0, "percent_covered_display": "100", "missing_lines": 0, "excluded_lines": 0}, "missing_lines": [], "excluded_lines": []}}, "classes": {"": {"executed_lines": [], "summary": {"covered_lines": 0, "num_statements": 0, "percent_covered": 100.0, "percent_covered_display": "100", "missing_lines": 0, "excluded_lines": 0}, "missing_lines": [], "excluded_lines": []}}}, "src/persistence/state_manager.py": {"executed_lines": [2, 7, 8, 9, 10, 11, 12, 13, 14, 15, 16, 18, 19, 20, 21, 22, 23, 24, 25, 27, 28, 30, 31, 32, 33, 34, 36, 38, 39, 52, 71, 85, 98, 108, 116, 127, 139, 141, 142, 144, 145, 146, 147, 149, 151, 176, 201, 233, 259, 285, 310, 344, 374, 395, 397, 398, 399, 401, 405, 406, 407, 409, 410, 412, 417, 419, 420, 421, 426, 427, 431, 433, 434, 435, 439, 440, 441, 442, 447, 463, 465, 466, 467, 474, 475, 477, 488, 494], "summary": {"covered_lines": 85, "num_statements": 196, "percent_covered": 43.36734693877551, "percent_covered_display": "43", "missing_lines": 111, "excluded_lines": 0}, "missing_lines": [153, 154, 155, 170, 171, 172, 173, 174, 178, 179, 180, 181, 186, 190, 191, 192, 193, 194, 196, 197, 198, 199, 203, 204, 205, 227, 228, 229, 230, 231, 235, 236, 237, 238, 243, 248, 249, 250, 251, 252, 254, 255, 256, 257, 261, 262, 263, 279, 280, 281, 282, 283, 287, 288, 289, 304, 305, 306, 307, 308, 312, 314, 315, 316, 327, 329, 337, 339, 340, 341, 342, 346, 347, 348, 349, 354, 359, 360, 361, 369, 370, 371, 372, 376, 378, 379, 380, 385, 390, 391, 392, 393, 413, 414, 415, 428, 429, 443, 444, 445, 450, 451, 452, 458, 459, 460, 461, 478, 490, 491, 492], "excluded_lines": [], "functions": {"PersistentStateManager.__init__": {"executed_lines": [31, 32, 33, 34], "summary": {"covered_lines": 4, "num_statements": 4, "percent_covered": 100.0, "percent_covered_display": "100", "missing_lines": 0, "excluded_lines": 0}, "missing_lines": [], "excluded_lines": []}, "PersistentStateManager._init_database": {"executed_lines": [38, 39, 52, 71, 85, 98, 108, 116, 127, 139], "summary": {"covered_lines": 10, "num_statements": 10, "percent_covered": 100.0, "percent_covered_display": "100", "missing_lines": 0, "excluded_lines": 0}, "missing_lines": [], "excluded_lines": []}, "PersistentStateManager._get_connection": {"executed_lines": [144, 145, 146, 147, 149], "summary": {"covered_lines": 5, "num_statements": 5, "percent_covered": 100.0, "percent_covered_display": "100", "missing_lines": 0, "excluded_lines": 0}, "missing_lines": [], "excluded_lines": []}, "PersistentStateManager.save_beta_candidate": {"executed_lines": [], "summary": {"covered_lines": 0, "num_statements": 8, "percent_covered": 0.0, "percent_covered_display": "0", "missing_lines": 8, "excluded_lines": 0}, "missing_lines": [153, 154, 155, 170, 171, 172, 173, 174], "excluded_lines": []}, "PersistentStateManager.load_beta_candidates": {"executed_lines": [], "summary": {"covered_lines": 0, "num_statements": 14, "percent_covered": 0.0, "percent_covered_display": "0", "missing_lines": 14, "excluded_lines": 0}, "missing_lines": [178, 179, 180, 181, 186, 190, 191, 192, 193, 194, 196, 197, 198, 199], "excluded_lines": []}, "PersistentStateManager.save_approval_request": {"executed_lines": [], "summary": {"covered_lines": 0, "num_statements": 8, "percent_covered": 0.0, "percent_covered_display": "0", "missing_lines": 8, "excluded_lines": 0}, "missing_lines": [203, 204, 205, 227, 228, 229, 230, 231], "excluded_lines": []}, "PersistentStateManager.load_approval_requests": {"executed_lines": [], "summary": {"covered_lines": 0, "num_statements": 14, "percent_covered": 0.0, "percent_covered_display": "0", "missing_lines": 14, "excluded_lines": 0}, "missing_lines": [235, 236, 237, 238, 243, 248, 249, 250, 251, 252, 254, 255, 256, 257], "excluded_lines": []}, "PersistentStateManager.save_user_story": {"executed_lines": [], "summary": {"covered_lines": 0, "num_statements": 8, "percent_covered": 0.0, "percent_covered_display": "0", "missing_lines": 8, "excluded_lines": 0}, "missing_lines": [261, 262, 263, 279, 280, 281, 282, 283], "excluded_lines": []}, "PersistentStateManager.save_gamification_rule": {"executed_lines": [], "summary": {"covered_lines": 0, "num_statements": 8, "percent_covered": 0.0, "percent_covered_display": "0", "missing_lines": 8, "excluded_lines": 0}, "missing_lines": [287, 288, 289, 304, 305, 306, 307, 308], "excluded_lines": []}, "PersistentStateManager.create_checkpoint": {"executed_lines": [], "summary": {"covered_lines": 0, "num_statements": 11, "percent_covered": 0.0, "percent_covered_display": "0", "missing_lines": 11, "excluded_lines": 0}, "missing_lines": [312, 314, 315, 316, 327, 329, 337, 339, 340, 341, 342], "excluded_lines": []}, "PersistentStateManager.restore_from_checkpoint": {"executed_lines": [], "summary": {"covered_lines": 0, "num_statements": 12, "percent_covered": 0.0, "percent_covered_display": "0", "missing_lines": 12, "excluded_lines": 0}, "missing_lines": [346, 347, 348, 349, 354, 359, 360, 361, 369, 370, 371, 372], "excluded_lines": []}, "PersistentStateManager.cleanup_expired_data": {"executed_lines": [], "summary": {"covered_lines": 0, "num_statements": 9, "percent_covered": 0.0, "percent_covered_display": "0", "missing_lines": 9, "excluded_lines": 0}, "missing_lines": [376, 378, 379, 380, 385, 390, 391, 392, 393], "excluded_lines": []}, "PersistentStateManager.get_storage_stats": {"executed_lines": [397, 398, 399, 401, 405, 406, 407, 409, 410, 412], "summary": {"covered_lines": 10, "num_statements": 13, "percent_covered": 76.92307692307692, "percent_covered_display": "77", "missing_lines": 3, "excluded_lines": 0}, "missing_lines": [413, 414, 415], "excluded_lines": []}, "PersistentStateManager.save_dashboard_layout": {"executed_lines": [419, 420, 421, 426, 427], "summary": {"covered_lines": 5, "num_statements": 7, "percent_covered": 71.42857142857143, "percent_covered_display": "71", "missing_lines": 2, "excluded_lines": 0}, "missing_lines": [428, 429], "excluded_lines": []}, "PersistentStateManager.load_dashboard_layout": {"executed_lines": [433, 434, 435, 439, 440, 441, 442], "summary": {"covered_lines": 7, "num_statements": 10, "percent_covered": 70.0, "percent_covered_display": "70", "missing_lines": 3, "excluded_lines": 0}, "missing_lines": [443, 444, 445], "excluded_lines": []}, "PersistentStateManager.save_report_history": {"executed_lines": [], "summary": {"covered_lines": 0, "num_statements": 7, "percent_covered": 0.0, "percent_covered_display": "0", "missing_lines": 7, "excluded_lines": 0}, "missing_lines": [450, 451, 452, 458, 459, 460, 461], "excluded_lines": []}, "PersistentStateManager.get_report_history": {"executed_lines": [465, 466, 467, 474, 475, 477, 488], "summary": {"covered_lines": 7, "num_statements": 11, "percent_covered": 63.63636363636363, "percent_covered_display": "64", "missing_lines": 4, "excluded_lines": 0}, "missing_lines": [478, 490, 491, 492], "excluded_lines": []}, "": {"executed_lines": [2, 7, 8, 9, 10, 11, 12, 13, 14, 15, 16, 18, 19, 20, 21, 22, 23, 24, 25, 27, 28, 30, 36, 141, 142, 151, 176, 201, 233, 259, 285, 310, 344, 374, 395, 417, 431, 447, 463, 494], "summary": {"covered_lines": 37, "num_statements": 37, "percent_covered": 100.0, "percent_covered_display": "100", "missing_lines": 0, "excluded_lines": 0}, "missing_lines": [], "excluded_lines": []}}, "classes": {"StateCheckpoint": {"executed_lines": [], "summary": {"covered_lines": 0, "num_statements": 0, "percent_covered": 100.0, "percent_covered_display": "100", "missing_lines": 0, "excluded_lines": 0}, "missing_lines": [], "excluded_lines": []}, "PersistentStateManager": {"executed_lines": [31, 32, 33, 34, 38, 39, 52, 71, 85, 98, 108, 116, 127, 139, 144, 145, 146, 147, 149, 397, 398, 399, 401, 405, 406, 407, 409, 410, 412, 419, 420, 421, 426, 427, 433, 434, 435, 439, 440, 441, 442, 465, 466, 467, 474, 475, 477, 488], "summary": {"covered_lines": 48, "num_statements": 159, "percent_covered": 30.18867924528302, "percent_covered_display": "30", "missing_lines": 111, "excluded_lines": 0}, "missing_lines": [153, 154, 155, 170, 171, 172, 173, 174, 178, 179, 180, 181, 186, 190, 191, 192, 193, 194, 196, 197, 198, 199, 203, 204, 205, 227, 228, 229, 230, 231, 235, 236, 237, 238, 243, 248, 249, 250, 251, 252, 254, 255, 256, 257, 261, 262, 263, 279, 280, 281, 282, 283, 287, 288, 289, 304, 305, 306, 307, 308, 312, 314, 315, 316, 327, 329, 337, 339, 340, 341, 342, 346, 347, 348, 349, 354, 359, 360, 361, 369, 370, 371, 372, 376, 378, 379, 380, 385, 390, 391, 392, 393, 413, 414, 415, 428, 429, 443, 444, 445, 450, 451, 452, 458, 459, 460, 461, 478, 490, 491, 492], "excluded_lines": []}, "": {"executed_lines": [2, 7, 8, 9, 10, 11, 12, 13, 14, 15, 16, 18, 19, 20, 21, 22, 23, 24, 25, 27, 28, 30, 36, 141, 142, 151, 176, 201, 233, 259, 285, 310, 344, 374, 395, 417, 431, 447, 463, 494], "summary": {"covered_lines": 37, "num_statements": 37, "percent_covered": 100.0, "percent_covered_display": "100", "missing_lines": 0, "excluded_lines": 0}, "missing_lines": [], "excluded_lines": []}}}, "src/routes/__init__.py": {"executed_lines": [0], "summary": {"covered_lines": 0, "num_statements": 0, "percent_covered": 100.0, "percent_covered_display": "100", "missing_lines": 0, "excluded_lines": 0}, "missing_lines": [], "excluded_lines": [], "functions": {"": {"executed_lines": [], "summary": {"covered_lines": 0, "num_statements": 0, "percent_covered": 100.0, "percent_covered_display": "100", "missing_lines": 0, "excluded_lines": 0}, "missing_lines": [], "excluded_lines": []}}, "classes": {"": {"executed_lines": [], "summary": {"covered_lines": 0, "num_statements": 0, "percent_covered": 100.0, "percent_covered_display": "100", "missing_lines": 0, "excluded_lines": 0}, "missing_lines": [], "excluded_lines": []}}}, "src/routes/agent.py": {"executed_lines": [1, 2, 3, 4, 5, 6, 7, 8, 9, 10, 11, 12, 13, 14, 16, 20, 22, 23, 24, 28, 29, 30, 32, 33, 34, 36, 37, 38, 39, 40, 42, 44, 45, 53, 60, 61, 63, 64, 66, 71, 72, 73, 75, 76, 77, 78, 79, 80, 81, 89, 90, 91, 93, 95, 104, 105, 118, 119, 120, 140, 141, 142, 143, 144, 146, 157, 167, 169, 170, 190, 191, 193, 195, 199, 200, 207, 208, 209, 210, 211, 217, 219, 245, 246, 248, 249, 269, 270, 272, 273, 274, 276, 278, 279, 280, 284, 285, 287, 288, 293, 294, 295, 296, 298, 299, 301, 303, 304, 305, 306, 307, 308, 310, 311, 318, 319, 327], "summary": {"covered_lines": 116, "num_statements": 160, "percent_covered": 72.5, "percent_covered_display": "72", "missing_lines": 44, "excluded_lines": 0}, "missing_lines": [26, 96, 97, 106, 108, 109, 110, 117, 121, 122, 123, 129, 130, 131, 132, 133, 171, 179, 180, 225, 226, 232, 233, 234, 235, 236, 238, 250, 252, 254, 255, 256, 277, 282, 289, 290, 291, 312, 313, 314, 316, 333, 334, 335], "excluded_lines": [], "functions": {"FAQRequest.validate_question": {"executed_lines": [36, 37, 38, 39, 40], "summary": {"covered_lines": 5, "num_statements": 5, "percent_covered": 100.0, "percent_covered_display": "100", "missing_lines": 0, "excluded_lines": 0}, "missing_lines": [], "excluded_lines": []}, "faq_method_not_allowed": {"executed_lines": [66], "summary": {"covered_lines": 1, "num_statements": 1, "percent_covered": 100.0, "percent_covered_display": "100", "missing_lines": 0, "excluded_lines": 0}, "missing_lines": [], "excluded_lines": []}, "create_faq_task": {"executed_lines": [75, 76, 77, 78, 79, 80, 81, 89, 90, 91, 93, 95, 104, 105, 118, 119, 120, 140, 141, 142, 143, 144, 146, 157, 167, 169, 170, 190, 191, 193, 195, 199, 200, 207, 208, 209, 210, 211, 217, 219], "summary": {"covered_lines": 40, "num_statements": 66, "percent_covered": 60.60606060606061, "percent_covered_display": "61", "missing_lines": 26, "excluded_lines": 0}, "missing_lines": [96, 97, 106, 108, 109, 110, 117, 121, 122, 123, 129, 130, 131, 132, 133, 171, 179, 180, 225, 226, 232, 233, 234, 235, 236, 238], "excluded_lines": []}, "get_task_status": {"executed_lines": [248, 249, 269, 270, 272, 273, 274, 276, 278, 279, 280, 284, 285, 287, 288], "summary": {"covered_lines": 15, "num_statements": 25, "percent_covered": 60.0, "percent_covered_display": "60", "missing_lines": 10, "excluded_lines": 0}, "missing_lines": [250, 252, 254, 255, 256, 277, 282, 289, 290, 291], "excluded_lines": []}, "debug_queue_status": {"executed_lines": [298, 299, 301, 303, 304, 305, 306, 307, 308, 310, 311, 318, 319, 327], "summary": {"covered_lines": 14, "num_statements": 21, "percent_covered": 66.66666666666667, "percent_covered_display": "67", "missing_lines": 7, "excluded_lines": 0}, "missing_lines": [312, 313, 314, 316, 333, 334, 335], "excluded_lines": []}, "": {"executed_lines": [1, 2, 3, 4, 5, 6, 7, 8, 9, 10, 11, 12, 13, 14, 16, 20, 22, 23, 24, 28, 29, 30, 32, 33, 34, 42, 44, 45, 53, 60, 61, 63, 64, 71, 72, 73, 245, 246, 293, 294, 295, 296], "summary": {"covered_lines": 41, "num_statements": 42, "percent_covered": 97.61904761904762, "percent_covered_display": "98", "missing_lines": 1, "excluded_lines": 0}, "missing_lines": [26], "excluded_lines": []}}, "classes": {"FAQRequest": {"executed_lines": [36, 37, 38, 39, 40], "summary": {"covered_lines": 5, "num_statements": 5, "percent_covered": 100.0, "percent_covered_display": "100", "missing_lines": 0, "excluded_lines": 0}, "missing_lines": [], "excluded_lines": []}, "": {"executed_lines": [1, 2, 3, 4, 5, 6, 7, 8, 9, 10, 11, 12, 13, 14, 16, 20, 22, 23, 24, 28, 29, 30, 32, 33, 34, 42, 44, 45, 53, 60, 61, 63, 64, 66, 71, 72, 73, 75, 76, 77, 78, 79, 80, 81, 89, 90, 91, 93, 95, 104, 105, 118, 119, 120, 140, 141, 142, 143, 144, 146, 157, 167, 169, 170, 190, 191, 193, 195, 199, 200, 207, 208, 209, 210, 211, 217, 219, 245, 246, 248, 249, 269, 270, 272, 273, 274, 276, 278, 279, 280, 284, 285, 287, 288, 293, 294, 295, 296, 298, 299, 301, 303, 304, 305, 306, 307, 308, 310, 311, 318, 319, 327], "summary": {"covered_lines": 111, "num_statements": 155, "percent_covered": 71.61290322580645, "percent_covered_display": "72", "missing_lines": 44, "excluded_lines": 0}, "missing_lines": [26, 96, 97, 106, 108, 109, 110, 117, 121, 122, 123, 129, 130, 131, 132, 133, 171, 179, 180, 225, 226, 232, 233, 234, 235, 236, 238, 250, 252, 254, 255, 256, 277, 282, 289, 290, 291, 312, 313, 314, 316, 333, 334, 335], "excluded_lines": []}}}, "src/routes/auth.py": {"executed_lines": [1, 2, 3, 4, 5, 7, 10, 11, 38, 39, 41, 42, 43, 44, 46, 47, 50, 51, 52, 55, 56, 59, 60, 68, 79, 80, 82, 83, 85, 86, 87, 88, 91, 92, 93, 94, 97, 98, 99, 100, 103, 104, 105, 107, 115, 116, 117, 118, 123, 124, 127], "summary": {"covered_lines": 51, "num_statements": 53, "percent_covered": 96.22641509433963, "percent_covered_display": "96", "missing_lines": 2, "excluded_lines": 0}, "missing_lines": [120, 121], "excluded_lines": [], "functions": {"login": {"executed_lines": [41, 42, 43, 44, 46, 47, 50, 51, 52, 55, 56, 59, 60, 68, 79, 80], "summary": {"covered_lines": 16, "num_statements": 16, "percent_covered": 100.0, "percent_covered_display": "100", "missing_lines": 0, "excluded_lines": 0}, "missing_lines": [], "excluded_lines": []}, "verify_token": {"executed_lines": [85, 86, 87, 88, 91, 92, 93, 94, 97, 98, 99, 100, 103, 104, 105, 107, 115, 116, 117, 118], "summary": {"covered_lines": 20, "num_statements": 22, "percent_covered": 90.9090909090909, "percent_covered_display": "91", "missing_lines": 2, "excluded_lines": 0}, "missing_lines": [120, 121], "excluded_lines": []}, "logout": {"executed_lines": [127], "summary": {"covered_lines": 1, "num_statements": 1, "percent_covered": 100.0, "percent_covered_display": "100", "missing_lines": 0, "excluded_lines": 0}, "missing_lines": [], "excluded_lines": []}, "": {"executed_lines": [1, 2, 3, 4, 5, 7, 10, 11, 38, 39, 82, 83, 123, 124], "summary": {"covered_lines": 14, "num_statements": 14, "percent_covered": 100.0, "percent_covered_display": "100", "missing_lines": 0, "excluded_lines": 0}, "missing_lines": [], "excluded_lines": []}}, "classes": {"": {"executed_lines": [1, 2, 3, 4, 5, 7, 10, 11, 38, 39, 41, 42, 43, 44, 46, 47, 50, 51, 52, 55, 56, 59, 60, 68, 79, 80, 82, 83, 85, 86, 87, 88, 91, 92, 93, 94, 97, 98, 99, 100, 103, 104, 105, 107, 115, 116, 117, 118, 123, 124, 127], "summary": {"covered_lines": 51, "num_statements": 53, "percent_covered": 96.22641509433963, "percent_covered_display": "96", "missing_lines": 2, "excluded_lines": 0}, "missing_lines": [120, 121], "excluded_lines": []}}}, "src/routes/billing.py": {"executed_lines": [1, 2, 4, 5, 6, 14, 15, 16, 17, 19], "summary": {"covered_lines": 10, "num_statements": 10, "percent_covered": 100.0, "percent_covered_display": "100", "missing_lines": 0, "excluded_lines": 0}, "missing_lines": [], "excluded_lines": [], "functions": {"plans": {"executed_lines": [6], "summary": {"covered_lines": 1, "num_statements": 1, "percent_covered": 100.0, "percent_covered_display": "100", "missing_lines": 0, "excluded_lines": 0}, "missing_lines": [], "excluded_lines": []}, "checkout_session": {"executed_lines": [16, 17, 19], "summary": {"covered_lines": 3, "num_statements": 3, "percent_covered": 100.0, "percent_covered_display": "100", "missing_lines": 0, "excluded_lines": 0}, "missing_lines": [], "excluded_lines": []}, "": {"executed_lines": [1, 2, 4, 5, 14, 15], "summary": {"covered_lines": 6, "num_statements": 6, "percent_covered": 100.0, "percent_covered_display": "100", "missing_lines": 0, "excluded_lines": 0}, "missing_lines": [], "excluded_lines": []}}, "classes": {"": {"executed_lines": [1, 2, 4, 5, 6, 14, 15, 16, 17, 19], "summary": {"covered_lines": 10, "num_statements": 10, "percent_covered": 100.0, "percent_covered_display": "100", "missing_lines": 0, "excluded_lines": 0}, "missing_lines": [], "excluded_lines": []}}}, "src/routes/dashboard.py": {"executed_lines": [1, 2, 3, 4, 6, 8, 9, 11, 13, 25, 27, 28, 30, 31, 33, 35, 36, 38, 39, 40, 41, 50, 52, 57, 58, 60, 61, 64, 65, 70, 72, 73, 75, 86, 88, 90, 91, 93, 94, 96, 97, 121, 122, 124, 130, 131, 133, 134, 136, 138, 140, 141, 148, 149, 150, 151, 160, 162, 163, 165, 166, 168, 169, 171, 173, 188, 189, 197], "summary": {"covered_lines": 68, "num_statements": 72, "percent_covered": 94.44444444444444, "percent_covered_display": "94", "missing_lines": 4, "excluded_lines": 0}, "missing_lines": [54, 55, 199, 200], "excluded_lines": [], "functions": {"get_system_metrics": {"executed_lines": [11, 13, 25, 27, 28], "summary": {"covered_lines": 5, "num_statements": 5, "percent_covered": 100.0, "percent_covered_display": "100", "missing_lines": 0, "excluded_lines": 0}, "missing_lines": [], "excluded_lines": []}, "get_performance_history": {"executed_lines": [33, 35, 36, 38, 39, 40, 41, 50, 52], "summary": {"covered_lines": 9, "num_statements": 11, "percent_covered": 81.81818181818181, "percent_covered_display": "82", "missing_lines": 2, "excluded_lines": 0}, "missing_lines": [54, 55], "excluded_lines": []}, "get_recent_decisions": {"executed_lines": [60, 61, 64, 65, 70, 72, 73, 75, 86, 88, 90, 91], "summary": {"covered_lines": 12, "num_statements": 12, "percent_covered": 100.0, "percent_covered_display": "100", "missing_lines": 0, "excluded_lines": 0}, "missing_lines": [], "excluded_lines": []}, "get_system_health": {"executed_lines": [96, 97, 121, 122, 124, 130, 131], "summary": {"covered_lines": 7, "num_statements": 7, "percent_covered": 100.0, "percent_covered_display": "100", "missing_lines": 0, "excluded_lines": 0}, "missing_lines": [], "excluded_lines": []}, "get_active_alerts": {"executed_lines": [136, 138, 140, 141, 148, 149, 150, 151, 160, 162, 163], "summary": {"covered_lines": 11, "num_statements": 11, "percent_covered": 100.0, "percent_covered_display": "100", "missing_lines": 0, "excluded_lines": 0}, "missing_lines": [], "excluded_lines": []}, "get_cost_analysis": {"executed_lines": [168, 169, 171, 173, 188, 189, 197], "summary": {"covered_lines": 7, "num_statements": 9, "percent_covered": 77.77777777777777, "percent_covered_display": "78", "missing_lines": 2, "excluded_lines": 0}, "missing_lines": [199, 200], "excluded_lines": []}, "": {"executed_lines": [1, 2, 3, 4, 6, 8, 9, 30, 31, 57, 58, 93, 94, 133, 134, 165, 166], "summary": {"covered_lines": 17, "num_statements": 17, "percent_covered": 100.0, "percent_covered_display": "100", "missing_lines": 0, "excluded_lines": 0}, "missing_lines": [], "excluded_lines": []}}, "classes": {"": {"executed_lines": [1, 2, 3, 4, 6, 8, 9, 11, 13, 25, 27, 28, 30, 31, 33, 35, 36, 38, 39, 40, 41, 50, 52, 57, 58, 60, 61, 64, 65, 70, 72, 73, 75, 86, 88, 90, 91, 93, 94, 96, 97, 121, 122, 124, 130, 131, 133, 134, 136, 138, 140, 141, 148, 149, 150, 151, 160, 162, 163, 165, 166, 168, 169, 171, 173, 188, 189, 197], "summary": {"covered_lines": 68, "num_statements": 72, "percent_covered": 94.44444444444444, "percent_covered_display": "94", "missing_lines": 4, "excluded_lines": 0}, "missing_lines": [54, 55, 199, 200], "excluded_lines": []}}}, "src/routes/mock_api.py": {"executed_lines": [1, 2, 3, 5, 7, 8, 10, 64, 65, 67, 68, 79, 157, 158, 160, 161, 162, 169, 217, 218, 220, 247, 248, 250], "summary": {"covered_lines": 24, "num_statements": 24, "percent_covered": 100.0, "percent_covered_display": "100", "missing_lines": 0, "excluded_lines": 0}, "missing_lines": [], "excluded_lines": [], "functions": {"dashboard_mock": {"executed_lines": [10], "summary": {"covered_lines": 1, "num_statements": 1, "percent_covered": 100.0, "percent_covered_display": "100", "missing_lines": 0, "excluded_lines": 0}, "missing_lines": [], "excluded_lines": []}, "checkout_mock": {"executed_lines": [67, 68, 79], "summary": {"covered_lines": 3, "num_statements": 3, "percent_covered": 100.0, "percent_covered_display": "100", "missing_lines": 0, "excluded_lines": 0}, "missing_lines": [], "excluded_lines": []}, "settings_mock": {"executed_lines": [160, 161, 162, 169], "summary": {"covered_lines": 4, "num_statements": 4, "percent_covered": 100.0, "percent_covered_display": "100", "missing_lines": 0, "excluded_lines": 0}, "missing_lines": [], "excluded_lines": []}, "phase9_stripe_mock": {"executed_lines": [220], "summary": {"covered_lines": 1, "num_statements": 1, "percent_covered": 100.0, "percent_covered_display": "100", "missing_lines": 0, "excluded_lines": 0}, "missing_lines": [], "excluded_lines": []}, "phase9_tappay_mock": {"executed_lines": [250], "summary": {"covered_lines": 1, "num_statements": 1, "percent_covered": 100.0, "percent_covered_display": "100", "missing_lines": 0, "excluded_lines": 0}, "missing_lines": [], "excluded_lines": []}, "": {"executed_lines": [1, 2, 3, 5, 7, 8, 64, 65, 157, 158, 217, 218, 247, 248], "summary": {"covered_lines": 14, "num_statements": 14, "percent_covered": 100.0, "percent_covered_display": "100", "missing_lines": 0, "excluded_lines": 0}, "missing_lines": [], "excluded_lines": []}}, "classes": {"": {"executed_lines": [1, 2, 3, 5, 7, 8, 10, 64, 65, 67, 68, 79, 157, 158, 160, 161, 162, 169, 217, 218, 220, 247, 248, 250], "summary": {"covered_lines": 24, "num_statements": 24, "percent_covered": 100.0, "percent_covered_display": "100", "missing_lines": 0, "excluded_lines": 0}, "missing_lines": [], "excluded_lines": []}}}, "src/routes/tenant.py": {"executed_lines": [1, 5, 6, 7, 8, 9, 10, 12, 14, 17, 18, 19, 21, 22, 25, 35, 36, 37, 90, 91, 92, 179, 180, 181, 299, 300, 301], "summary": {"covered_lines": 25, "num_statements": 121, "percent_covered": 20.66115702479339, "percent_covered_display": "21", "missing_lines": 96, "excluded_lines": 0}, "missing_lines": [27, 28, 29, 30, 31, 32, 46, 47, 48, 50, 56, 57, 64, 66, 67, 74, 80, 81, 82, 104, 105, 106, 107, 109, 111, 113, 119, 120, 127, 129, 135, 137, 138, 139, 140, 141, 143, 144, 145, 146, 148, 153, 155, 162, 163, 169, 170, 171, 202, 203, 204, 205, 207, 208, 215, 216, 224, 225, 226, 228, 234, 235, 242, 243, 245, 246, 253, 259, 260, 267, 268, 275, 280, 281, 283, 289, 290, 291, 310, 311, 312, 314, 320, 321, 328, 330, 336, 337, 344, 349, 351, 356, 358, 367, 368, 369], "excluded_lines": [], "functions": {"get_supabase_client": {"executed_lines": [], "summary": {"covered_lines": 0, "num_statements": 6, "percent_covered": 0.0, "percent_covered_display": "0", "missing_lines": 6, "excluded_lines": 0}, "missing_lines": [27, 28, 29, 30, 31, 32], "excluded_lines": []}, "get_current_user_tenant": {"executed_lines": [], "summary": {"covered_lines": 0, "num_statements": 13, "percent_covered": 0.0, "percent_covered_display": "0", "missing_lines": 13, "excluded_lines": 0}, "missing_lines": [46, 47, 48, 50, 56, 57, 64, 66, 67, 74, 80, 81, 82], "excluded_lines": []}, "get_tenant_members": {"executed_lines": [], "summary": {"covered_lines": 0, "num_statements": 29, "percent_covered": 0.0, "percent_covered_display": "0", "missing_lines": 29, "excluded_lines": 0}, "missing_lines": [104, 105, 106, 107, 109, 111, 113, 119, 120, 127, 129, 135, 137, 138, 139, 140, 141, 143, 144, 145, 146, 148, 153, 155, 162, 163, 169, 170, 171], "excluded_lines": []}, "update_member_role": {"executed_lines": [], "summary": {"covered_lines": 0, "num_statements": 30, "percent_covered": 0.0, "percent_covered_display": "0", "missing_lines": 30, "excluded_lines": 0}, "missing_lines": [202, 203, 204, 205, 207, 208, 215, 216, 224, 225, 226, 228, 234, 235, 242, 243, 245, 246, 253, 259, 260, 267, 268, 275, 280, 281, 283, 289, 290, 291], "excluded_lines": []}, "get_tenant_info": {"executed_lines": [], "summary": {"covered_lines": 0, "num_statements": 18, "percent_covered": 0.0, "percent_covered_display": "0", "missing_lines": 18, "excluded_lines": 0}, "missing_lines": [310, 311, 312, 314, 320, 321, 328, 330, 336, 337, 344, 349, 351, 356, 358, 367, 368, 369], "excluded_lines": []}, "": {"executed_lines": [1, 5, 6, 7, 8, 9, 10, 12, 14, 17, 18, 19, 21, 22, 25, 35, 36, 37, 90, 91, 92, 179, 180, 181, 299, 300, 301], "summary": {"covered_lines": 25, "num_statements": 25, "percent_covered": 100.0, "percent_covered_display": "100", "missing_lines": 0, "excluded_lines": 0}, "missing_lines": [], "excluded_lines": []}}, "classes": {"UpdateMemberRoleRequest": {"executed_lines": [], "summary": {"covered_lines": 0, "num_statements": 0, "percent_covered": 100.0, "percent_covered_display": "100", "missing_lines": 0, "excluded_lines": 0}, "missing_lines": [], "excluded_lines": []}, "UpdateMemberRoleRequest.Config": {"executed_lines": [], "summary": {"covered_lines": 0, "num_statements": 0, "percent_covered": 100.0, "percent_covered_display": "100", "missing_lines": 0, "excluded_lines": 0}, "missing_lines": [], "excluded_lines": []}, "": {"executed_lines": [1, 5, 6, 7, 8, 9, 10, 12, 14, 17, 18, 19, 21, 22, 25, 35, 36, 37, 90, 91, 92, 179, 180, 181, 299, 300, 301], "summary": {"covered_lines": 25, "num_statements": 121, "percent_covered": 20.66115702479339, "percent_covered_display": "21", "missing_lines": 96, "excluded_lines": 0}, "missing_lines": [27, 28, 29, 30, 31, 32, 46, 47, 48, 50, 56, 57, 64, 66, 67, 74, 80, 81, 82, 104, 105, 106, 107, 109, 111, 113, 119, 120, 127, 129, 135, 137, 138, 139, 140, 141, 143, 144, 145, 146, 148, 153, 155, 162, 163, 169, 170, 171, 202, 203, 204, 205, 207, 208, 215, 216, 224, 225, 226, 228, 234, 235, 242, 243, 245, 246, 253, 259, 260, 267, 268, 275, 280, 281, 283, 289, 290, 291, 310, 311, 312, 314, 320, 321, 328, 330, 336, 337, 344, 349, 351, 356, 358, 367, 368, 369], "excluded_lines": []}}}, "src/routes/user.py": {"executed_lines": [1, 2, 4, 6, 7, 8, 9, 11, 12, 14, 15, 16, 17, 18, 20, 21, 22, 23, 25, 26, 27, 28, 29, 30, 31, 32, 34, 35, 36, 37, 38, 39], "summary": {"covered_lines": 32, "num_statements": 32, "percent_covered": 100.0, "percent_covered_display": "100", "missing_lines": 0, "excluded_lines": 0}, "missing_lines": [], "excluded_lines": [], "functions": {"get_users": {"executed_lines": [8, 9], "summary": {"covered_lines": 2, "num_statements": 2, "percent_covered": 100.0, "percent_covered_display": "100", "missing_lines": 0, "excluded_lines": 0}, "missing_lines": [], "excluded_lines": []}, "create_user": {"executed_lines": [14, 15, 16, 17, 18], "summary": {"covered_lines": 5, "num_statements": 5, "percent_covered": 100.0, "percent_covered_display": "100", "missing_lines": 0, "excluded_lines": 0}, "missing_lines": [], "excluded_lines": []}, "get_user": {"executed_lines": [22, 23], "summary": {"covered_lines": 2, "num_statements": 2, "percent_covered": 100.0, "percent_covered_display": "100", "missing_lines": 0, "excluded_lines": 0}, "missing_lines": [], "excluded_lines": []}, "update_user": {"executed_lines": [27, 28, 29, 30, 31, 32], "summary": {"covered_lines": 6, "num_statements": 6, "percent_covered": 100.0, "percent_covered_display": "100", "missing_lines": 0, "excluded_lines": 0}, "missing_lines": [], "excluded_lines": []}, "delete_user": {"executed_lines": [36, 37, 38, 39], "summary": {"covered_lines": 4, "num_statements": 4, "percent_covered": 100.0, "percent_covered_display": "100", "missing_lines": 0, "excluded_lines": 0}, "missing_lines": [], "excluded_lines": []}, "": {"executed_lines": [1, 2, 4, 6, 7, 11, 12, 20, 21, 25, 26, 34, 35], "summary": {"covered_lines": 13, "num_statements": 13, "percent_covered": 100.0, "percent_covered_display": "100", "missing_lines": 0, "excluded_lines": 0}, "missing_lines": [], "excluded_lines": []}}, "classes": {"": {"executed_lines": [1, 2, 4, 6, 7, 8, 9, 11, 12, 14, 15, 16, 17, 18, 20, 21, 22, 23, 25, 26, 27, 28, 29, 30, 31, 32, 34, 35, 36, 37, 38, 39], "summary": {"covered_lines": 32, "num_statements": 32, "percent_covered": 100.0, "percent_covered_display": "100", "missing_lines": 0, "excluded_lines": 0}, "missing_lines": [], "excluded_lines": []}}}, "src/services/__init__.py": {"executed_lines": [0], "summary": {"covered_lines": 0, "num_statements": 0, "percent_covered": 100.0, "percent_covered_display": "100", "missing_lines": 0, "excluded_lines": 0}, "missing_lines": [], "excluded_lines": [], "functions": {"": {"executed_lines": [], "summary": {"covered_lines": 0, "num_statements": 0, "percent_covered": 100.0, "percent_covered_display": "100", "missing_lines": 0, "excluded_lines": 0}, "missing_lines": [], "excluded_lines": []}}, "classes": {"": {"executed_lines": [], "summary": {"covered_lines": 0, "num_statements": 0, "percent_covered": 100.0, "percent_covered_display": "100", "missing_lines": 0, "excluded_lines": 0}, "missing_lines": [], "excluded_lines": []}}}, "src/services/monitoring_dashboard.py": {"executed_lines": [2, 7, 8, 9, 10, 11, 12, 13, 15, 16, 17, 18, 19, 20, 21, 22, 23, 25, 26, 28, 29, 30, 31, 38, 74, 123, 125, 126, 128, 130, 156, 175, 192, 202, 212, 240, 273, 285, 299, 314], "summary": {"covered_lines": 37, "num_statements": 154, "percent_covered": 24.025974025974026, "percent_covered_display": "24", "missing_lines": 117, "excluded_lines": 0}, "missing_lines": [40, 41, 42, 43, 45, 47, 49, 51, 53, 55, 64, 65, 66, 68, 70, 71, 72, 76, 85, 86, 87, 88, 89, 90, 92, 93, 94, 95, 97, 98, 100, 101, 103, 104, 106, 107, 109, 110, 112, 113, 114, 115, 117, 118, 119, 121, 141, 143, 145, 158, 160, 161, 173, 177, 179, 180, 190, 194, 195, 196, 198, 199, 200, 204, 210, 214, 215, 217, 218, 220, 226, 227, 228, 230, 231, 232, 233, 235, 236, 238, 242, 244, 245, 247, 248, 254, 255, 261, 262, 268, 269, 271, 275, 277, 278, 279, 280, 281, 282, 283, 287, 288, 290, 292, 293, 294, 295, 297, 301, 302, 304, 305, 306, 307, 309, 310, 312], "excluded_lines": [], "functions": {"MonitoringDashboard.__init__": {"executed_lines": [29, 30, 31], "summary": {"covered_lines": 3, "num_statements": 3, "percent_covered": 100.0, "percent_covered_display": "100", "missing_lines": 0, "excluded_lines": 0}, "missing_lines": [], "excluded_lines": []}, "MonitoringDashboard.collect_metrics": {"executed_lines": [], "summary": {"covered_lines": 0, "num_statements": 17, "percent_covered": 0.0, "percent_covered_display": "0", "missing_lines": 17, "excluded_lines": 0}, "missing_lines": [40, 41, 42, 43, 45, 47, 49, 51, 53, 55, 64, 65, 66, 68, 70, 71, 72], "excluded_lines": []}, "MonitoringDashboard._calculate_system_health": {"executed_lines": [], "summary": {"covered_lines": 0, "num_statements": 29, "percent_covered": 0.0, "percent_covered_display": "0", "missing_lines": 29, "excluded_lines": 0}, "missing_lines": [76, 85, 86, 87, 88, 89, 90, 92, 93, 94, 95, 97, 98, 100, 101, 103, 104, 106, 107, 109, 110, 112, 113, 114, 115, 117, 118, 119, 121], "excluded_lines": []}, "MonitoringDashboard.get_dashboard_data": {"executed_lines": [125, 126, 128, 130], "summary": {"covered_lines": 4, "num_statements": 7, "percent_covered": 57.142857142857146, "percent_covered_display": "57", "missing_lines": 3, "excluded_lines": 0}, "missing_lines": [141, 143, 145], "excluded_lines": []}, "MonitoringDashboard._format_circuit_breaker_data": {"executed_lines": [], "summary": {"covered_lines": 0, "num_statements": 4, "percent_covered": 0.0, "percent_covered_display": "0", "missing_lines": 4, "excluded_lines": 0}, "missing_lines": [158, 160, 161, 173], "excluded_lines": []}, "MonitoringDashboard._format_bulkhead_data": {"executed_lines": [], "summary": {"covered_lines": 0, "num_statements": 4, "percent_covered": 0.0, "percent_covered_display": "0", "missing_lines": 4, "excluded_lines": 0}, "missing_lines": [177, 179, 180, 190], "excluded_lines": []}, "MonitoringDashboard._calculate_utilization": {"executed_lines": [], "summary": {"covered_lines": 0, "num_statements": 6, "percent_covered": 0.0, "percent_covered_display": "0", "missing_lines": 6, "excluded_lines": 0}, "missing_lines": [194, 195, 196, 198, 199, 200], "excluded_lines": []}, "MonitoringDashboard._get_status_color": {"executed_lines": [], "summary": {"covered_lines": 0, "num_statements": 2, "percent_covered": 0.0, "percent_covered_display": "0", "missing_lines": 2, "excluded_lines": 0}, "missing_lines": [204, 210], "excluded_lines": []}, "MonitoringDashboard._calculate_trends": {"executed_lines": [], "summary": {"covered_lines": 0, "num_statements": 15, "percent_covered": 0.0, "percent_covered_display": "0", "missing_lines": 15, "excluded_lines": 0}, "missing_lines": [214, 215, 217, 218, 220, 226, 227, 228, 230, 231, 232, 233, 235, 236, 238], "excluded_lines": []}, "MonitoringDashboard._generate_alerts": {"executed_lines": [], "summary": {"covered_lines": 0, "num_statements": 12, "percent_covered": 0.0, "percent_covered_display": "0", "missing_lines": 12, "excluded_lines": 0}, "missing_lines": [242, 244, 245, 247, 248, 254, 255, 261, 262, 268, 269, 271], "excluded_lines": []}, "MonitoringDashboard.start_monitoring": {"executed_lines": [], "summary": {"covered_lines": 0, "num_statements": 8, "percent_covered": 0.0, "percent_covered_display": "0", "missing_lines": 8, "excluded_lines": 0}, "missing_lines": [275, 277, 278, 279, 280, 281, 282, 283], "excluded_lines": []}, "MonitoringDashboard.export_metrics": {"executed_lines": [], "summary": {"covered_lines": 0, "num_statements": 8, "percent_covered": 0.0, "percent_covered_display": "0", "missing_lines": 8, "excluded_lines": 0}, "missing_lines": [287, 288, 290, 292, 293, 294, 295, 297], "excluded_lines": []}, "MonitoringDashboard._export_prometheus_format": {"executed_lines": [], "summary": {"covered_lines": 0, "num_statements": 9, "percent_covered": 0.0, "percent_covered_display": "0", "missing_lines": 9, "excluded_lines": 0}, "missing_lines": [301, 302, 304, 305, 306, 307, 309, 310, 312], "excluded_lines": []}, "": {"executed_lines": [2, 7, 8, 9, 10, 11, 12, 13, 15, 16, 17, 18, 19, 20, 21, 22, 23, 25, 26, 28, 38, 74, 123, 156, 175, 192, 202, 212, 240, 273, 285, 299, 314], "summary": {"covered_lines": 30, "num_statements": 30, "percent_covered": 100.0, "percent_covered_display": "100", "missing_lines": 0, "excluded_lines": 0}, "missing_lines": [], "excluded_lines": []}}, "classes": {"DashboardMetrics": {"executed_lines": [], "summary": {"covered_lines": 0, "num_statements": 0, "percent_covered": 100.0, "percent_covered_display": "100", "missing_lines": 0, "excluded_lines": 0}, "missing_lines": [], "excluded_lines": []}, "MonitoringDashboard": {"executed_lines": [29, 30, 31, 125, 126, 128, 130], "summary": {"covered_lines": 7, "num_statements": 124, "percent_covered": 5.645161290322581, "percent_covered_display": "6", "missing_lines": 117, "excluded_lines": 0}, "missing_lines": [40, 41, 42, 43, 45, 47, 49, 51, 53, 55, 64, 65, 66, 68, 70, 71, 72, 76, 85, 86, 87, 88, 89, 90, 92, 93, 94, 95, 97, 98, 100, 101, 103, 104, 106, 107, 109, 110, 112, 113, 114, 115, 117, 118, 119, 121, 141, 143, 145, 158, 160, 161, 173, 177, 179, 180, 190, 194, 195, 196, 198, 199, 200, 204, 210, 214, 215, 217, 218, 220, 226, 227, 228, 230, 231, 232, 233, 235, 236, 238, 242, 244, 245, 247, 248, 254, 255, 261, 262, 268, 269, 271, 275, 277, 278, 279, 280, 281, 282, 283, 287, 288, 290, 292, 293, 294, 295, 297, 301, 302, 304, 305, 306, 307, 309, 310, 312], "excluded_lines": []}, "": {"executed_lines": [2, 7, 8, 9, 10, 11, 12, 13, 15, 16, 17, 18, 19, 20, 21, 22, 23, 25, 26, 28, 38, 74, 123, 156, 175, 192, 202, 212, 240, 273, 285, 299, 314], "summary": {"covered_lines": 30, "num_statements": 30, "percent_covered": 100.0, "percent_covered_display": "100", "missing_lines": 0, "excluded_lines": 0}, "missing_lines": [], "excluded_lines": []}}}, "src/services/report_generator.py": {"executed_lines": [2, 7, 8, 9, 10, 11, 12, 13, 14, 15, 16, 18, 19, 24, 25, 27, 28, 33, 34, 36, 37, 38, 39, 40, 41, 42, 43, 44, 46, 47, 49, 50, 52, 54, 55, 65, 67, 68, 70, 71, 73, 89, 90, 91, 92, 93, 95, 104, 152, 192, 218, 275, 300, 302, 303, 311, 313, 315, 319, 324, 332, 343, 352, 362, 371, 381, 383, 393, 403, 414], "summary": {"covered_lines": 67, "num_statements": 195, "percent_covered": 34.35897435897436, "percent_covered_display": "34", "missing_lines": 128, "excluded_lines": 0}, "missing_lines": [20, 21, 22, 23, 29, 30, 31, 32, 56, 57, 58, 59, 60, 61, 63, 83, 84, 85, 87, 106, 107, 109, 110, 112, 134, 135, 137, 138, 139, 140, 141, 143, 154, 155, 157, 158, 160, 161, 163, 174, 175, 177, 178, 179, 180, 181, 183, 194, 206, 207, 209, 220, 221, 223, 224, 225, 227, 228, 229, 231, 232, 233, 235, 236, 237, 238, 239, 241, 242, 243, 244, 245, 246, 247, 249, 250, 251, 253, 254, 255, 256, 257, 259, 260, 270, 272, 273, 277, 278, 280, 281, 282, 283, 285, 286, 287, 288, 290, 292, 293, 294, 295, 296, 298, 304, 305, 306, 307, 309, 317, 321, 322, 326, 327, 329, 330, 334, 335, 337, 338, 339, 341, 345, 354, 364, 373, 395, 405], "excluded_lines": [], "functions": {"ReportGenerator.__init__": {"executed_lines": [50], "summary": {"covered_lines": 1, "num_statements": 1, "percent_covered": 100.0, "percent_covered_display": "100", "missing_lines": 0, "excluded_lines": 0}, "missing_lines": [], "excluded_lines": []}, "ReportGenerator.generate_report": {"executed_lines": [54, 55], "summary": {"covered_lines": 2, "num_statements": 9, "percent_covered": 22.22222222222222, "percent_covered_display": "22", "missing_lines": 7, "excluded_lines": 0}, "missing_lines": [56, 57, 58, 59, 60, 61, 63], "excluded_lines": []}, "ReportGenerator._generate_performance_report": {"executed_lines": [67, 68, 70, 71, 73, 89, 90, 91, 92, 93, 95], "summary": {"covered_lines": 11, "num_statements": 15, "percent_covered": 73.33333333333333, "percent_covered_display": "73", "missing_lines": 4, "excluded_lines": 0}, "missing_lines": [83, 84, 85, 87], "excluded_lines": []}, "ReportGenerator._generate_task_tracking_report": {"executed_lines": [], "summary": {"covered_lines": 0, "num_statements": 13, "percent_covered": 0.0, "percent_covered_display": "0", "missing_lines": 13, "excluded_lines": 0}, "missing_lines": [106, 107, 109, 110, 112, 134, 135, 137, 138, 139, 140, 141, 143], "excluded_lines": []}, "ReportGenerator._generate_resilience_report": {"executed_lines": [], "summary": {"covered_lines": 0, "num_statements": 15, "percent_covered": 0.0, "percent_covered_display": "0", "missing_lines": 15, "excluded_lines": 0}, "missing_lines": [154, 155, 157, 158, 160, 161, 163, 174, 175, 177, 178, 179, 180, 181, 183], "excluded_lines": []}, "ReportGenerator._generate_financial_report": {"executed_lines": [], "summary": {"covered_lines": 0, "num_statements": 4, "percent_covered": 0.0, "percent_covered_display": "0", "missing_lines": 4, "excluded_lines": 0}, "missing_lines": [194, 206, 207, 209], "excluded_lines": []}, "ReportGenerator.export_pdf": {"executed_lines": [], "summary": {"covered_lines": 0, "num_statements": 36, "percent_covered": 0.0, "percent_covered_display": "0", "missing_lines": 36, "excluded_lines": 0}, "missing_lines": [220, 221, 223, 224, 225, 227, 228, 229, 231, 232, 233, 235, 236, 237, 238, 239, 241, 242, 243, 244, 245, 246, 247, 249, 250, 251, 253, 254, 255, 256, 257, 259, 260, 270, 272, 273], "excluded_lines": []}, "ReportGenerator.export_csv": {"executed_lines": [], "summary": {"covered_lines": 0, "num_statements": 17, "percent_covered": 0.0, "percent_covered_display": "0", "missing_lines": 17, "excluded_lines": 0}, "missing_lines": [277, 278, 280, 281, 282, 283, 285, 286, 287, 288, 290, 292, 293, 294, 295, 296, 298], "excluded_lines": []}, "ReportGenerator._parse_time_range": {"executed_lines": [302, 303], "summary": {"covered_lines": 2, "num_statements": 7, "percent_covered": 28.571428571428573, "percent_covered_display": "29", "missing_lines": 5, "excluded_lines": 0}, "missing_lines": [304, 305, 306, 307, 309], "excluded_lines": []}, "ReportGenerator._calculate_avg_response_time": {"executed_lines": [313], "summary": {"covered_lines": 1, "num_statements": 1, "percent_covered": 100.0, "percent_covered_display": "100", "missing_lines": 0, "excluded_lines": 0}, "missing_lines": [], "excluded_lines": []}, "ReportGenerator._calculate_uptime": {"executed_lines": [], "summary": {"covered_lines": 0, "num_statements": 1, "percent_covered": 0.0, "percent_covered_display": "0", "missing_lines": 1, "excluded_lines": 0}, "missing_lines": [317], "excluded_lines": []}, "ReportGenerator._get_peak_metric": {"executed_lines": [], "summary": {"covered_lines": 0, "num_statements": 2, "percent_covered": 0.0, "percent_covered_display": "0", "missing_lines": 2, "excluded_lines": 0}, "missing_lines": [321, 322], "excluded_lines": []}, "ReportGenerator._calculate_avg_bulkhead_utilization": {"executed_lines": [], "summary": {"covered_lines": 0, "num_statements": 4, "percent_covered": 0.0, "percent_covered_display": "0", "missing_lines": 4, "excluded_lines": 0}, "missing_lines": [326, 327, 329, 330], "excluded_lines": []}, "ReportGenerator._calculate_stability_score": {"executed_lines": [], "summary": {"covered_lines": 0, "num_statements": 6, "percent_covered": 0.0, "percent_covered_display": "0", "missing_lines": 6, "excluded_lines": 0}, "missing_lines": [334, 335, 337, 338, 339, 341], "excluded_lines": []}, "ReportGenerator._generate_performance_summary": {"executed_lines": [], "summary": {"covered_lines": 0, "num_statements": 1, "percent_covered": 0.0, "percent_covered_display": "0", "missing_lines": 1, "excluded_lines": 0}, "missing_lines": [345], "excluded_lines": []}, "ReportGenerator._generate_task_tracking_summary": {"executed_lines": [], "summary": {"covered_lines": 0, "num_statements": 1, "percent_covered": 0.0, "percent_covered_display": "0", "missing_lines": 1, "excluded_lines": 0}, "missing_lines": [354], "excluded_lines": []}, "ReportGenerator._generate_resilience_summary": {"executed_lines": [], "summary": {"covered_lines": 0, "num_statements": 1, "percent_covered": 0.0, "percent_covered_display": "0", "missing_lines": 1, "excluded_lines": 0}, "missing_lines": [364], "excluded_lines": []}, "ReportGenerator._generate_financial_summary": {"executed_lines": [], "summary": {"covered_lines": 0, "num_statements": 1, "percent_covered": 0.0, "percent_covered_display": "0", "missing_lines": 1, "excluded_lines": 0}, "missing_lines": [373], "excluded_lines": []}, "ReportGenerator._get_mock_performance_metrics": {"executed_lines": [383], "summary": {"covered_lines": 1, "num_statements": 1, "percent_covered": 100.0, "percent_covered_display": "100", "missing_lines": 0, "excluded_lines": 0}, "missing_lines": [], "excluded_lines": []}, "ReportGenerator._get_mock_task_metrics": {"executed_lines": [], "summary": {"covered_lines": 0, "num_statements": 1, "percent_covered": 0.0, "percent_covered_display": "0", "missing_lines": 1, "excluded_lines": 0}, "missing_lines": [395], "excluded_lines": []}, "ReportGenerator._get_mock_resilience_metrics": {"executed_lines": [], "summary": {"covered_lines": 0, "num_statements": 1, "percent_covered": 0.0, "percent_covered_display": "0", "missing_lines": 1, "excluded_lines": 0}, "missing_lines": [405], "excluded_lines": []}, "": {"executed_lines": [2, 7, 8, 9, 10, 11, 12, 13, 14, 15, 16, 18, 19, 24, 25, 27, 28, 33, 34, 36, 37, 38, 39, 40, 41, 42, 43, 44, 46, 47, 49, 52, 65, 104, 152, 192, 218, 275, 300, 311, 315, 319, 324, 332, 343, 352, 362, 371, 381, 393, 403, 414], "summary": {"covered_lines": 49, "num_statements": 57, "percent_covered": 85.96491228070175, "percent_covered_display": "86", "missing_lines": 8, "excluded_lines": 0}, "missing_lines": [20, 21, 22, 23, 29, 30, 31, 32], "excluded_lines": []}}, "classes": {"ReportData": {"executed_lines": [], "summary": {"covered_lines": 0, "num_statements": 0, "percent_covered": 100.0, "percent_covered_display": "100", "missing_lines": 0, "excluded_lines": 0}, "missing_lines": [], "excluded_lines": []}, "ReportGenerator": {"executed_lines": [50, 54, 55, 67, 68, 70, 71, 73, 89, 90, 91, 92, 93, 95, 302, 303, 313, 383], "summary": {"covered_lines": 18, "num_statements": 138, "percent_covered": 13.043478260869565, "percent_covered_display": "13", "missing_lines": 120, "excluded_lines": 0}, "missing_lines": [56, 57, 58, 59, 60, 61, 63, 83, 84, 85, 87, 106, 107, 109, 110, 112, 134, 135, 137, 138, 139, 140, 141, 143, 154, 155, 157, 158, 160, 161, 163, 174, 175, 177, 178, 179, 180, 181, 183, 194, 206, 207, 209, 220, 221, 223, 224, 225, 227, 228, 229, 231, 232, 233, 235, 236, 237, 238, 239, 241, 242, 243, 244, 245, 246, 247, 249, 250, 251, 253, 254, 255, 256, 257, 259, 260, 270, 272, 273, 277, 278, 280, 281, 282, 283, 285, 286, 287, 288, 290, 292, 293, 294, 295, 296, 298, 304, 305, 306, 307, 309, 317, 321, 322, 326, 327, 329, 330, 334, 335, 337, 338, 339, 341, 345, 354, 364, 373, 395, 405], "excluded_lines": []}, "": {"executed_lines": [2, 7, 8, 9, 10, 11, 12, 13, 14, 15, 16, 18, 19, 24, 25, 27, 28, 33, 34, 36, 37, 38, 39, 40, 41, 42, 43, 44, 46, 47, 49, 52, 65, 104, 152, 192, 218, 275, 300, 311, 315, 319, 324, 332, 343, 352, 362, 371, 381, 393, 403, 414], "summary": {"covered_lines": 49, "num_statements": 57, "percent_covered": 85.96491228070175, "percent_covered_display": "86", "missing_lines": 8, "excluded_lines": 0}, "missing_lines": [20, 21, 22, 23, 29, 30, 31, 32], "excluded_lines": []}}}, "src/utils/__init__.py": {"executed_lines": [0], "summary": {"covered_lines": 0, "num_statements": 0, "percent_covered": 100.0, "percent_covered_display": "100", "missing_lines": 0, "excluded_lines": 0}, "missing_lines": [], "excluded_lines": [], "functions": {"": {"executed_lines": [], "summary": {"covered_lines": 0, "num_statements": 0, "percent_covered": 100.0, "percent_covered_display": "100", "missing_lines": 0, "excluded_lines": 0}, "missing_lines": [], "excluded_lines": []}}, "classes": {"": {"executed_lines": [], "summary": {"covered_lines": 0, "num_statements": 0, "percent_covered": 100.0, "percent_covered_display": "100", "missing_lines": 0, "excluded_lines": 0}, "missing_lines": [], "excluded_lines": []}}}, "src/utils/env_schema_validator.py": {"executed_lines": [2, 4, 5, 7, 12, 20, 22, 23, 25, 26, 27, 28, 29, 32, 33, 34, 37, 43], "summary": {"covered_lines": 17, "num_statements": 29, "percent_covered": 58.62068965517241, "percent_covered_display": "59", "missing_lines": 12, "excluded_lines": 0}, "missing_lines": [30, 35, 44, 45, 46, 47, 48, 49, 50, 51, 52, 53], "excluded_lines": [], "functions": {"validate_environment": {"executed_lines": [22, 23, 25, 26, 27, 28, 29, 32, 33, 34, 37], "summary": {"covered_lines": 11, "num_statements": 13, "percent_covered": 84.61538461538461, "percent_covered_display": "85", "missing_lines": 2, "excluded_lines": 0}, "missing_lines": [30, 35], "excluded_lines": []}, "": {"executed_lines": [2, 4, 5, 7, 12, 20, 43], "summary": {"covered_lines": 6, "num_statements": 16, "percent_covered": 37.5, "percent_covered_display": "38", "missing_lines": 10, "excluded_lines": 0}, "missing_lines": [44, 45, 46, 47, 48, 49, 50, 51, 52, 53], "excluded_lines": []}}, "classes": {"": {"executed_lines": [2, 4, 5, 7, 12, 20, 22, 23, 25, 26, 27, 28, 29, 32, 33, 34, 37, 43], "summary": {"covered_lines": 17, "num_statements": 29, "percent_covered": 58.62068965517241, "percent_covered_display": "59", "missing_lines": 12, "excluded_lines": 0}, "missing_lines": [30, 35, 44, 45, 46, 47, 48, 49, 50, 51, 52, 53], "excluded_lines": []}}}}, "totals": {"covered_lines": 977, "num_statements": 1740, "percent_covered": 56.14942528735632, "percent_covered_display": "56", "missing_lines": 763, "excluded_lines": 0}}